<?xml version="1.0" encoding="UTF-8"?>
<coverage generated="1758357728396" clover="3.2.0">
  <project timestamp="1758357728397" name="All files">
    <metrics statements="2193" coveredstatements="1312" conditionals="1500" coveredconditionals="856" methods="716" coveredmethods="428" elements="4409" coveredelements="2596" complexity="0" loc="2193" ncloc="2193" packages="15" files="65" classes="65"/>
    <package name="src">
      <metrics statements="1" coveredstatements="1" conditionals="0" coveredconditionals="0" methods="1" coveredmethods="1"/>
      <file name="App.tsx" path="/Users/sanyamc/Developer/ShareWell/frontend/src/App.tsx">
        <metrics statements="1" coveredstatements="1" conditionals="0" coveredconditionals="0" methods="1" coveredmethods="1"/>
        <line num="9" count="2" type="stmt"/>
      </file>
    </package>
    <package name="src.components.analytics">
      <metrics statements="351" coveredstatements="257" conditionals="236" coveredconditionals="131" methods="135" coveredmethods="99"/>
      <file name="AnalyticsDashboard.tsx" path="/Users/sanyamc/Developer/ShareWell/frontend/src/components/analytics/AnalyticsDashboard.tsx">
        <metrics statements="44" coveredstatements="41" conditionals="24" coveredconditionals="14" methods="13" coveredmethods="9"/>
        <line num="20" count="2" type="stmt"/>
        <line num="21" count="24" type="stmt"/>
        <line num="22" count="23" type="stmt"/>
        <line num="23" count="23" type="stmt"/>
        <line num="24" count="23" type="stmt"/>
        <line num="25" count="23" type="stmt"/>
        <line num="27" count="23" type="stmt"/>
        <line num="36" count="23" type="stmt"/>
        <line num="37" count="12" type="stmt"/>
        <line num="38" count="12" type="stmt"/>
        <line num="39" count="12" type="stmt"/>
        <line num="42" count="12" type="stmt"/>
        <line num="43" count="12" type="stmt"/>
        <line num="44" count="12" type="stmt"/>
        <line num="47" count="12" type="stmt"/>
        <line num="56" count="11" type="stmt"/>
        <line num="57" count="11" type="stmt"/>
        <line num="59" count="1" type="cond" truecount="1" falsecount="1"/>
        <line num="61" count="12" type="stmt"/>
        <line num="65" count="23" type="stmt"/>
        <line num="66" count="10" type="stmt"/>
        <line num="67" count="10" type="stmt"/>
        <line num="73" count="10" type="stmt"/>
        <line num="77" count="10" type="stmt"/>
        <line num="78" count="10" type="stmt"/>
        <line num="80" count="0" type="stmt"/>
        <line num="84" count="23" type="stmt"/>
        <line num="85" count="10" type="stmt"/>
        <line num="88" count="23" type="stmt"/>
        <line num="89" count="11" type="stmt"/>
        <line num="92" count="23" type="stmt"/>
        <line num="93" count="0" type="stmt"/>
        <line num="102" count="23" type="stmt"/>
        <line num="103" count="0" type="stmt"/>
        <line num="109" count="23" type="stmt"/>
        <line num="110" count="1" type="stmt"/>
        <line num="116" count="23" type="stmt"/>
        <line num="117" count="1" type="stmt"/>
        <line num="120" count="23" type="cond" truecount="2" falsecount="0"/>
        <line num="121" count="12" type="stmt"/>
        <line num="128" count="11" type="cond" truecount="2" falsecount="0"/>
        <line num="129" count="1" type="stmt"/>
        <line num="141" count="10" type="stmt"/>
        <line num="185" count="1" type="stmt"/>
      </file>
      <file name="DateRangeSelector.tsx" path="/Users/sanyamc/Developer/ShareWell/frontend/src/components/analytics/DateRangeSelector.tsx">
        <metrics statements="40" coveredstatements="22" conditionals="22" coveredconditionals="8" methods="17" coveredmethods="10"/>
        <line num="10" count="3" type="stmt"/>
        <line num="15" count="19" type="stmt"/>
        <line num="16" count="19" type="stmt"/>
        <line num="17" count="19" type="stmt"/>
        <line num="19" count="19" type="stmt"/>
        <line num="23" count="19" type="stmt"/>
        <line num="31" count="19" type="stmt"/>
        <line num="39" count="19" type="stmt"/>
        <line num="47" count="19" type="stmt"/>
        <line num="55" count="9" type="stmt"/>
        <line num="63" count="9" type="stmt"/>
        <line num="70" count="19" type="stmt"/>
        <line num="71" count="0" type="cond" truecount="0" falsecount="2"/>
        <line num="72" count="0" type="stmt"/>
        <line num="73" count="0" type="stmt"/>
        <line num="76" count="0" type="stmt"/>
        <line num="77" count="0" type="stmt"/>
        <line num="78" count="0" type="cond" truecount="0" falsecount="2"/>
        <line num="79" count="0" type="stmt"/>
        <line num="80" count="0" type="stmt"/>
        <line num="84" count="19" type="stmt"/>
        <line num="85" count="0" type="stmt"/>
        <line num="86" count="0" type="stmt"/>
        <line num="88" count="0" type="cond" truecount="0" falsecount="2"/>
        <line num="89" count="0" type="stmt"/>
        <line num="90" count="0" type="stmt"/>
        <line num="94" count="19" type="stmt"/>
        <line num="95" count="19" type="stmt"/>
        <line num="96" count="19" type="stmt"/>
        <line num="97" count="94" type="stmt"/>
        <line num="98" count="84" type="cond" truecount="2" falsecount="4"/>
        <line num="99" count="0" type="stmt"/>
        <line num="104" count="9" type="cond" truecount="2" falsecount="0"/>
        <line num="106" count="10" type="stmt"/>
        <line num="110" count="19" type="stmt"/>
        <line num="119" count="0" type="stmt"/>
        <line num="123" count="114" type="stmt"/>
        <line num="136" count="0" type="stmt"/>
        <line num="143" count="0" type="stmt"/>
        <line num="153" count="0" type="stmt"/>
      </file>
      <file name="EngagementChart.tsx" path="/Users/sanyamc/Developer/ShareWell/frontend/src/components/analytics/EngagementChart.tsx">
        <metrics statements="36" coveredstatements="20" conditionals="16" coveredconditionals="5" methods="14" coveredmethods="7"/>
        <line num="17" count="2" type="stmt"/>
        <line num="32" count="2" type="stmt"/>
        <line num="33" count="10" type="stmt"/>
        <line num="34" count="10" type="stmt"/>
        <line num="36" count="10" type="stmt"/>
        <line num="37" count="0" type="cond" truecount="0" falsecount="2"/>
        <line num="38" count="0" type="stmt"/>
        <line num="40" count="0" type="cond" truecount="0" falsecount="2"/>
        <line num="41" count="0" type="stmt"/>
        <line num="43" count="0" type="stmt"/>
        <line num="46" count="10" type="stmt"/>
        <line num="47" count="10" type="stmt"/>
        <line num="48" count="10" type="stmt"/>
        <line num="49" count="10" type="stmt"/>
        <line num="51" count="10" type="stmt"/>
        <line num="55" count="10" type="cond" truecount="1" falsecount="1"/>
        <line num="56" count="10" type="stmt"/>
        <line num="61" count="10" type="stmt"/>
        <line num="70" count="10" type="stmt"/>
        <line num="79" count="10" type="stmt"/>
        <line num="88" count="10" type="stmt"/>
        <line num="98" count="0" type="stmt"/>
        <line num="105" count="0" type="stmt"/>
        <line num="110" count="0" type="stmt"/>
        <line num="122" count="10" type="stmt"/>
        <line num="140" count="0" type="cond" truecount="0" falsecount="2"/>
        <line num="141" count="0" type="stmt"/>
        <line num="142" count="0" type="stmt"/>
        <line num="170" count="0" type="stmt"/>
        <line num="180" count="10" type="cond" truecount="1" falsecount="1"/>
        <line num="182" count="10" type="cond" truecount="1" falsecount="1"/>
        <line num="183" count="0" type="stmt"/>
        <line num="201" count="10" type="stmt"/>
        <line num="208" count="0" type="stmt"/>
        <line num="218" count="0" type="stmt"/>
        <line num="228" count="0" type="stmt"/>
      </file>
      <file name="KPICards.tsx" path="/Users/sanyamc/Developer/ShareWell/frontend/src/components/analytics/KPICards.tsx">
        <metrics statements="24" coveredstatements="16" conditionals="24" coveredconditionals="17" methods="7" coveredmethods="5"/>
        <line num="21" count="3" type="stmt"/>
        <line num="22" count="120" type="stmt"/>
        <line num="23" count="0" type="cond" truecount="0" falsecount="3"/>
        <line num="25" count="0" type="stmt"/>
        <line num="27" count="0" type="stmt"/>
        <line num="29" count="0" type="stmt"/>
        <line num="33" count="120" type="stmt"/>
        <line num="34" count="0" type="cond" truecount="0" falsecount="3"/>
        <line num="36" count="0" type="stmt"/>
        <line num="42" count="0" type="stmt"/>
        <line num="48" count="0" type="stmt"/>
        <line num="56" count="120" type="stmt"/>
        <line num="79" count="3" type="stmt"/>
        <line num="80" count="20" type="stmt"/>
        <line num="81" count="40" type="stmt"/>
        <line num="89" count="20" type="stmt"/>
        <line num="90" count="38" type="cond" truecount="2" falsecount="0"/>
        <line num="91" count="2" type="stmt"/>
        <line num="93" count="36" type="cond" truecount="2" falsecount="0"/>
        <line num="94" count="34" type="stmt"/>
        <line num="96" count="2" type="stmt"/>
        <line num="99" count="20" type="stmt"/>
        <line num="169" count="20" type="stmt"/>
        <line num="172" count="120" type="stmt"/>
      </file>
      <file name="PlatformBreakdown.tsx" path="/Users/sanyamc/Developer/ShareWell/frontend/src/components/analytics/PlatformBreakdown.tsx">
        <metrics statements="102" coveredstatements="79" conditionals="88" coveredconditionals="53" methods="39" coveredmethods="36"/>
        <line num="9" count="3" type="stmt"/>
        <line num="20" count="3" type="stmt"/>
        <line num="28" count="50" type="stmt"/>
        <line num="29" count="50" type="stmt"/>
        <line num="30" count="50" type="stmt"/>
        <line num="31" count="50" type="stmt"/>
        <line num="32" count="50" type="stmt"/>
        <line num="33" count="50" type="stmt"/>
        <line num="35" count="50" type="stmt"/>
        <line num="36" count="35" type="cond" truecount="4" falsecount="0"/>
        <line num="37" count="9" type="stmt"/>
        <line num="41" count="50" type="stmt"/>
        <line num="42" count="9" type="stmt"/>
        <line num="43" count="9" type="stmt"/>
        <line num="45" count="9" type="stmt"/>
        <line num="46" count="9" type="stmt"/>
        <line num="52" count="8" type="cond" truecount="1" falsecount="1"/>
        <line num="53" count="8" type="cond" truecount="1" falsecount="1"/>
        <line num="54" count="8" type="cond" truecount="1" falsecount="1"/>
        <line num="56" count="1" type="cond" truecount="1" falsecount="1"/>
        <line num="58" count="9" type="stmt"/>
        <line num="62" count="50" type="stmt"/>
        <line num="63" count="88" type="stmt"/>
        <line num="71" count="50" type="stmt"/>
        <line num="72" count="16" type="cond" truecount="1" falsecount="1"/>
        <line num="73" count="0" type="stmt"/>
        <line num="75" count="16" type="cond" truecount="2" falsecount="0"/>
        <line num="76" count="4" type="stmt"/>
        <line num="78" count="12" type="stmt"/>
        <line num="81" count="50" type="stmt"/>
        <line num="82" count="230" type="stmt"/>
        <line num="84" count="232" type="stmt"/>
        <line num="88" count="50" type="stmt"/>
        <line num="101" count="50" type="stmt"/>
        <line num="102" count="50" type="cond" truecount="2" falsecount="0"/>
        <line num="104" count="49" type="stmt"/>
        <line num="105" count="87" type="stmt"/>
        <line num="108" count="87" type="stmt"/>
        <line num="117" count="50" type="stmt"/>
        <line num="118" count="50" type="cond" truecount="2" falsecount="0"/>
        <line num="120" count="49" type="stmt"/>
        <line num="121" count="88" type="stmt"/>
        <line num="124" count="49" type="stmt"/>
        <line num="125" count="88" type="stmt"/>
        <line num="137" count="50" type="stmt"/>
        <line num="151" count="0" type="cond" truecount="0" falsecount="2"/>
        <line num="152" count="0" type="stmt"/>
        <line num="154" count="0" type="cond" truecount="0" falsecount="2"/>
        <line num="155" count="0" type="stmt"/>
        <line num="157" count="0" type="stmt"/>
        <line num="165" count="50" type="stmt"/>
        <line num="166" count="23" type="stmt"/>
        <line num="187" count="35" type="stmt"/>
        <line num="216" count="50" type="stmt"/>
        <line num="217" count="2" type="stmt"/>
        <line num="241" count="4" type="stmt"/>
        <line num="273" count="50" type="stmt"/>
        <line num="274" count="8" type="cond" truecount="1" falsecount="1"/>
        <line num="275" count="0" type="cond" truecount="0" falsecount="2"/>
        <line num="276" count="0" type="cond" truecount="0" falsecount="2"/>
        <line num="277" count="0" type="stmt"/>
        <line num="280" count="50" type="stmt"/>
        <line num="281" count="4" type="cond" truecount="1" falsecount="2"/>
        <line num="283" count="4" type="stmt"/>
        <line num="289" count="0" type="stmt"/>
        <line num="295" count="0" type="stmt"/>
        <line num="303" count="50" type="stmt"/>
        <line num="304" count="2" type="cond" truecount="1" falsecount="4"/>
        <line num="305" count="2" type="stmt"/>
        <line num="306" count="0" type="stmt"/>
        <line num="307" count="0" type="stmt"/>
        <line num="308" count="0" type="stmt"/>
        <line num="309" count="0" type="stmt"/>
        <line num="313" count="50" type="stmt"/>
        <line num="314" count="10" type="stmt"/>
        <line num="322" count="4" type="stmt"/>
        <line num="326" count="4" type="stmt"/>
        <line num="333" count="4" type="stmt"/>
        <line num="372" count="4" type="stmt"/>
        <line num="429" count="4" type="stmt"/>
        <line num="448" count="50" type="stmt"/>
        <line num="449" count="4" type="stmt"/>
        <line num="457" count="2" type="stmt"/>
        <line num="461" count="2" type="stmt"/>
        <line num="463" count="2" type="cond" truecount="1" falsecount="1"/>
        <line num="464" count="0" type="cond" truecount="0" falsecount="2"/>
        <line num="465" count="0" type="cond" truecount="0" falsecount="2"/>
        <line num="466" count="0" type="stmt"/>
        <line num="469" count="2" type="cond" truecount="1" falsecount="1"/>
        <line num="470" count="0" type="cond" truecount="0" falsecount="2"/>
        <line num="471" count="0" type="cond" truecount="0" falsecount="2"/>
        <line num="472" count="0" type="stmt"/>
        <line num="491" count="0" type="stmt"/>
        <line num="509" count="2" type="stmt"/>
        <line num="553" count="4" type="stmt"/>
        <line num="568" count="50" type="stmt"/>
        <line num="569" count="50" type="stmt"/>
        <line num="571" count="50" type="stmt"/>
        <line num="577" count="0" type="stmt"/>
        <line num="587" count="2" type="stmt"/>
        <line num="597" count="6" type="stmt"/>
        <line num="607" count="2" type="stmt"/>
      </file>
      <file name="PlatformFilter.tsx" path="/Users/sanyamc/Developer/ShareWell/frontend/src/components/analytics/PlatformFilter.tsx">
        <metrics statements="27" coveredstatements="24" conditionals="16" coveredconditionals="15" methods="13" coveredmethods="10"/>
        <line num="9" count="3" type="stmt"/>
        <line num="14" count="35" type="stmt"/>
        <line num="16" count="35" type="stmt"/>
        <line num="17" count="1" type="cond" truecount="1" falsecount="1"/>
        <line num="18" count="0" type="stmt"/>
        <line num="21" count="1" type="stmt"/>
        <line num="24" count="35" type="stmt"/>
        <line num="25" count="1" type="stmt"/>
        <line num="28" count="35" type="stmt"/>
        <line num="29" count="1" type="stmt"/>
        <line num="32" count="35" type="stmt"/>
        <line num="33" count="40" type="stmt"/>
        <line num="35" count="41" type="stmt"/>
        <line num="39" count="35" type="stmt"/>
        <line num="40" count="35" type="cond" truecount="2" falsecount="0"/>
        <line num="41" count="26" type="stmt"/>
        <line num="43" count="9" type="cond" truecount="2" falsecount="0"/>
        <line num="44" count="3" type="stmt"/>
        <line num="46" count="6" type="cond" truecount="2" falsecount="0"/>
        <line num="47" count="3" type="stmt"/>
        <line num="49" count="3" type="stmt"/>
        <line num="52" count="35" type="stmt"/>
        <line num="61" count="11" type="stmt"/>
        <line num="103" count="37" type="stmt"/>
        <line num="106" count="1" type="stmt"/>
        <line num="112" count="0" type="stmt"/>
        <line num="136" count="0" type="stmt"/>
      </file>
      <file name="RecentActivity.tsx" path="/Users/sanyamc/Developer/ShareWell/frontend/src/components/analytics/RecentActivity.tsx">
        <metrics statements="36" coveredstatements="24" conditionals="24" coveredconditionals="9" methods="14" coveredmethods="9"/>
        <line num="11" count="2" type="stmt"/>
        <line num="16" count="10" type="stmt"/>
        <line num="18" count="10" type="stmt"/>
        <line num="19" count="10" type="stmt"/>
        <line num="27" count="10" type="stmt"/>
        <line num="28" count="0" type="cond" truecount="0" falsecount="2"/>
        <line num="29" count="0" type="stmt"/>
        <line num="31" count="0" type="cond" truecount="0" falsecount="2"/>
        <line num="32" count="0" type="stmt"/>
        <line num="34" count="0" type="stmt"/>
        <line num="37" count="10" type="stmt"/>
        <line num="38" count="10" type="stmt"/>
        <line num="40" count="10" type="stmt"/>
        <line num="44" count="10" type="stmt"/>
        <line num="45" count="10" type="stmt"/>
        <line num="46" count="10" type="stmt"/>
        <line num="48" count="10" type="stmt"/>
        <line num="52" count="10" type="stmt"/>
        <line num="53" count="10" type="stmt"/>
        <line num="64" count="10" type="cond" truecount="1" falsecount="1"/>
        <line num="67" count="10" type="stmt"/>
        <line num="68" count="10" type="stmt"/>
        <line num="74" count="10" type="cond" truecount="1" falsecount="1"/>
        <line num="77" count="10" type="stmt"/>
        <line num="78" count="10" type="cond" truecount="1" falsecount="1"/>
        <line num="79" count="0" type="stmt"/>
        <line num="90" count="10" type="stmt"/>
        <line num="93" count="10" type="stmt"/>
        <line num="138" count="10" type="stmt"/>
        <line num="139" count="0" type="cond" truecount="0" falsecount="2"/>
        <line num="140" count="0" type="stmt"/>
        <line num="151" count="0" type="stmt"/>
        <line num="154" count="0" type="stmt"/>
        <line num="204" count="10" type="stmt"/>
        <line num="210" count="0" type="stmt"/>
        <line num="220" count="0" type="stmt"/>
      </file>
      <file name="SalesChart.tsx" path="/Users/sanyamc/Developer/ShareWell/frontend/src/components/analytics/SalesChart.tsx">
        <metrics statements="24" coveredstatements="14" conditionals="12" coveredconditionals="4" methods="9" coveredmethods="4"/>
        <line num="17" count="2" type="stmt"/>
        <line num="33" count="2" type="stmt"/>
        <line num="34" count="10" type="stmt"/>
        <line num="36" count="10" type="stmt"/>
        <line num="37" count="0" type="stmt"/>
        <line num="45" count="10" type="stmt"/>
        <line num="47" count="10" type="stmt"/>
        <line num="48" count="10" type="stmt"/>
        <line num="50" count="10" type="stmt"/>
        <line num="56" count="10" type="stmt"/>
        <line num="66" count="10" type="stmt"/>
        <line num="77" count="10" type="stmt"/>
        <line num="95" count="0" type="cond" truecount="0" falsecount="2"/>
        <line num="96" count="0" type="stmt"/>
        <line num="98" count="0" type="cond" truecount="0" falsecount="2"/>
        <line num="99" count="0" type="stmt"/>
        <line num="101" count="0" type="stmt"/>
        <line num="132" count="0" type="stmt"/>
        <line num="157" count="10" type="cond" truecount="1" falsecount="1"/>
        <line num="159" count="10" type="cond" truecount="1" falsecount="1"/>
        <line num="160" count="0" type="stmt"/>
        <line num="178" count="10" type="stmt"/>
        <line num="184" count="0" type="stmt"/>
        <line num="194" count="0" type="stmt"/>
      </file>
      <file name="TopProducts.tsx" path="/Users/sanyamc/Developer/ShareWell/frontend/src/components/analytics/TopProducts.tsx">
        <metrics statements="18" coveredstatements="17" conditionals="10" coveredconditionals="6" methods="9" coveredmethods="9"/>
        <line num="9" count="2" type="stmt"/>
        <line num="10" count="10" type="stmt"/>
        <line num="11" count="30" type="stmt"/>
        <line num="19" count="10" type="stmt"/>
        <line num="20" count="10" type="stmt"/>
        <line num="22" count="10" type="stmt"/>
        <line num="26" count="10" type="stmt"/>
        <line num="27" count="10" type="stmt"/>
        <line num="38" count="10" type="cond" truecount="1" falsecount="1"/>
        <line num="41" count="10" type="stmt"/>
        <line num="42" count="10" type="stmt"/>
        <line num="57" count="10" type="cond" truecount="1" falsecount="1"/>
        <line num="64" count="10" type="cond" truecount="1" falsecount="1"/>
        <line num="65" count="0" type="stmt"/>
        <line num="79" count="10" type="stmt"/>
        <line num="88" count="10" type="stmt"/>
        <line num="154" count="10" type="stmt"/>
        <line num="160" count="10" type="stmt"/>
      </file>
      <file name="index.ts" path="/Users/sanyamc/Developer/ShareWell/frontend/src/components/analytics/index.ts">
        <metrics statements="0" coveredstatements="0" conditionals="0" coveredconditionals="0" methods="0" coveredmethods="0"/>
      </file>
    </package>
    <package name="src.components.auth">
      <metrics statements="81" coveredstatements="75" conditionals="89" coveredconditionals="81" methods="14" coveredmethods="13"/>
      <file name="LoginForm.tsx" path="/Users/sanyamc/Developer/ShareWell/frontend/src/components/auth/LoginForm.tsx">
        <metrics statements="31" coveredstatements="30" conditionals="28" coveredconditionals="26" methods="6" coveredmethods="6"/>
        <line num="10" count="2" type="stmt"/>
        <line num="11" count="142" type="stmt"/>
        <line num="12" count="142" type="stmt"/>
        <line num="16" count="142" type="stmt"/>
        <line num="17" count="142" type="stmt"/>
        <line num="19" count="142" type="stmt"/>
        <line num="20" count="6" type="stmt"/>
        <line num="22" count="6" type="cond" truecount="2" falsecount="0"/>
        <line num="23" count="2" type="stmt"/>
        <line num="24" count="4" type="cond" truecount="2" falsecount="0"/>
        <line num="25" count="1" type="stmt"/>
        <line num="28" count="6" type="cond" truecount="2" falsecount="0"/>
        <line num="29" count="3" type="stmt"/>
        <line num="32" count="6" type="stmt"/>
        <line num="33" count="6" type="stmt"/>
        <line num="36" count="142" type="stmt"/>
        <line num="37" count="112" type="stmt"/>
        <line num="38" count="112" type="stmt"/>
        <line num="41" count="112" type="cond" truecount="2" falsecount="0"/>
        <line num="42" count="1" type="stmt"/>
        <line num="46" count="112" type="cond" truecount="1" falsecount="1"/>
        <line num="47" count="0" type="stmt"/>
        <line num="51" count="142" type="stmt"/>
        <line num="52" count="6" type="stmt"/>
        <line num="54" count="6" type="cond" truecount="2" falsecount="0"/>
        <line num="55" count="3" type="stmt"/>
        <line num="58" count="3" type="stmt"/>
        <line num="59" count="3" type="stmt"/>
        <line num="60" count="2" type="stmt"/>
        <line num="62" count="1" type="cond" truecount="1" falsecount="1"/>
        <line num="66" count="142" type="stmt"/>
      </file>
      <file name="ProtectedRoute.tsx" path="/Users/sanyamc/Developer/ShareWell/frontend/src/components/auth/ProtectedRoute.tsx">
        <metrics statements="8" coveredstatements="6" conditionals="5" coveredconditionals="3" methods="1" coveredmethods="1"/>
        <line num="10" count="2" type="stmt"/>
        <line num="14" count="1" type="stmt"/>
        <line num="15" count="1" type="stmt"/>
        <line num="18" count="1" type="cond" truecount="1" falsecount="1"/>
        <line num="19" count="0" type="stmt"/>
        <line num="29" count="1" type="cond" truecount="1" falsecount="1"/>
        <line num="30" count="1" type="stmt"/>
        <line num="40" count="0" type="stmt"/>
      </file>
      <file name="RegisterForm.tsx" path="/Users/sanyamc/Developer/ShareWell/frontend/src/components/auth/RegisterForm.tsx">
        <metrics statements="42" coveredstatements="39" conditionals="56" coveredconditionals="52" methods="7" coveredmethods="6"/>
        <line num="10" count="2" type="stmt"/>
        <line num="11" count="276" type="stmt"/>
        <line num="12" count="276" type="stmt"/>
        <line num="21" count="276" type="stmt"/>
        <line num="22" count="276" type="stmt"/>
        <line num="24" count="276" type="stmt"/>
        <line num="38" count="276" type="stmt"/>
        <line num="39" count="8" type="stmt"/>
        <line num="41" count="8" type="cond" truecount="2" falsecount="0"/>
        <line num="42" count="4" type="stmt"/>
        <line num="43" count="4" type="cond" truecount="1" falsecount="1"/>
        <line num="44" count="0" type="stmt"/>
        <line num="47" count="8" type="cond" truecount="2" falsecount="0"/>
        <line num="48" count="3" type="stmt"/>
        <line num="49" count="5" type="cond" truecount="2" falsecount="0"/>
        <line num="50" count="1" type="stmt"/>
        <line num="53" count="8" type="cond" truecount="2" falsecount="0"/>
        <line num="54" count="4" type="stmt"/>
        <line num="57" count="8" type="cond" truecount="2" falsecount="0"/>
        <line num="58" count="4" type="stmt"/>
        <line num="61" count="8" type="cond" truecount="4" falsecount="0"/>
        <line num="62" count="1" type="stmt"/>
        <line num="65" count="8" type="stmt"/>
        <line num="66" count="8" type="stmt"/>
        <line num="69" count="276" type="stmt"/>
        <line num="70" count="240" type="stmt"/>
        <line num="71" count="240" type="stmt"/>
        <line num="74" count="240" type="cond" truecount="1" falsecount="1"/>
        <line num="75" count="0" type="stmt"/>
        <line num="79" count="240" type="cond" truecount="1" falsecount="1"/>
        <line num="80" count="0" type="stmt"/>
        <line num="84" count="276" type="stmt"/>
        <line num="85" count="8" type="stmt"/>
        <line num="87" count="8" type="cond" truecount="2" falsecount="0"/>
        <line num="88" count="4" type="stmt"/>
        <line num="91" count="4" type="stmt"/>
        <line num="93" count="4" type="stmt"/>
        <line num="100" count="4" type="stmt"/>
        <line num="101" count="3" type="stmt"/>
        <line num="103" count="1" type="cond" truecount="1" falsecount="1"/>
        <line num="107" count="276" type="stmt"/>
        <line num="199" count="3036" type="stmt"/>
      </file>
    </package>
    <package name="src.components.common">
      <metrics statements="6" coveredstatements="6" conditionals="6" coveredconditionals="5" methods="2" coveredmethods="2"/>
      <file name="ErrorMessage.tsx" path="/Users/sanyamc/Developer/ShareWell/frontend/src/components/common/ErrorMessage.tsx">
        <metrics statements="2" coveredstatements="2" conditionals="3" coveredconditionals="3" methods="1" coveredmethods="1"/>
        <line num="9" count="2" type="stmt"/>
        <line num="14" count="1" type="stmt"/>
      </file>
      <file name="LoadingSpinner.tsx" path="/Users/sanyamc/Developer/ShareWell/frontend/src/components/common/LoadingSpinner.tsx">
        <metrics statements="4" coveredstatements="4" conditionals="3" coveredconditionals="2" methods="1" coveredmethods="1"/>
        <line num="9" count="2" type="stmt"/>
        <line num="14" count="12" type="stmt"/>
        <line num="20" count="12" type="stmt"/>
        <line num="26" count="12" type="stmt"/>
      </file>
    </package>
    <package name="src.components.content">
      <metrics statements="181" coveredstatements="157" conditionals="161" coveredconditionals="121" methods="83" coveredmethods="69"/>
      <file name="ContentEditor.tsx" path="/Users/sanyamc/Developer/ShareWell/frontend/src/components/content/ContentEditor.tsx">
        <metrics statements="72" coveredstatements="70" conditionals="52" coveredconditionals="47" methods="34" coveredmethods="33"/>
        <line num="13" count="3" type="stmt"/>
        <line num="19" count="306" type="stmt"/>
        <line num="20" count="306" type="stmt"/>
        <line num="21" count="306" type="stmt"/>
        <line num="24" count="306" type="stmt"/>
        <line num="26" count="133" type="stmt"/>
        <line num="27" count="133" type="stmt"/>
        <line num="28" count="133" type="stmt"/>
        <line num="29" count="132" type="stmt"/>
        <line num="30" count="132" type="stmt"/>
        <line num="32" count="0" type="stmt"/>
        <line num="34" count="132" type="stmt"/>
        <line num="41" count="306" type="stmt"/>
        <line num="42" count="133" type="stmt"/>
        <line num="45" count="306" type="stmt"/>
        <line num="46" count="24" type="stmt"/>
        <line num="49" count="306" type="stmt"/>
        <line num="50" count="16" type="stmt"/>
        <line num="53" count="306" type="stmt"/>
        <line num="54" count="29" type="stmt"/>
        <line num="57" count="29" type="stmt"/>
        <line num="59" count="55" type="stmt"/>
        <line num="60" count="55" type="stmt"/>
        <line num="61" count="47" type="cond" truecount="2" falsecount="0"/>
        <line num="63" count="29" type="stmt"/>
        <line num="66" count="306" type="stmt"/>
        <line num="67" count="1" type="stmt"/>
        <line num="68" count="1" type="cond" truecount="3" falsecount="1"/>
        <line num="69" count="1" type="stmt"/>
        <line num="70" count="1" type="stmt"/>
        <line num="71" count="1" type="stmt"/>
        <line num="75" count="306" type="stmt"/>
        <line num="76" count="3" type="stmt"/>
        <line num="77" count="1" type="stmt"/>
        <line num="78" count="1" type="stmt"/>
        <line num="81" count="306" type="stmt"/>
        <line num="82" count="916" type="stmt"/>
        <line num="83" count="916" type="cond" truecount="2" falsecount="0"/>
        <line num="84" count="912" type="cond" truecount="2" falsecount="0"/>
        <line num="85" count="904" type="cond" truecount="1" falsecount="1"/>
        <line num="86" count="904" type="stmt"/>
        <line num="89" count="306" type="stmt"/>
        <line num="90" count="916" type="stmt"/>
        <line num="91" count="916" type="cond" truecount="2" falsecount="0"/>
        <line num="92" count="4" type="stmt"/>
        <line num="98" count="912" type="cond" truecount="2" falsecount="0"/>
        <line num="99" count="8" type="stmt"/>
        <line num="105" count="904" type="stmt"/>
        <line num="108" count="306" type="stmt"/>
        <line num="109" count="916" type="cond" truecount="2" falsecount="0"/>
        <line num="111" count="732" type="stmt"/>
        <line num="112" count="732" type="cond" truecount="2" falsecount="0"/>
        <line num="114" count="521" type="stmt"/>
        <line num="117" count="306" type="stmt"/>
        <line num="140" count="24" type="stmt"/>
        <line num="145" count="210" type="stmt"/>
        <line num="150" count="210" type="cond" truecount="2" falsecount="0"/>
        <line num="152" count="210" type="stmt"/>
        <line num="170" count="16" type="stmt"/>
        <line num="176" count="211" type="stmt"/>
        <line num="181" count="211" type="cond" truecount="2" falsecount="0"/>
        <line num="183" count="2" type="stmt"/>
        <line num="205" count="29" type="stmt"/>
        <line num="209" count="211" type="stmt"/>
        <line num="219" count="1136" type="stmt"/>
        <line num="225" count="1" type="stmt"/>
        <line num="238" count="211" type="cond" truecount="1" falsecount="1"/>
        <line num="240" count="0" type="stmt"/>
        <line num="256" count="2416" type="stmt"/>
        <line num="258" count="1" type="stmt"/>
        <line num="280" count="1136" type="stmt"/>
        <line num="313" count="211" type="stmt"/>
      </file>
      <file name="ContentPreview.tsx" path="/Users/sanyamc/Developer/ShareWell/frontend/src/components/content/ContentPreview.tsx">
        <metrics statements="21" coveredstatements="12" conditionals="37" coveredconditionals="17" methods="12" coveredmethods="5"/>
        <line num="10" count="2" type="stmt"/>
        <line num="15" count="24" type="stmt"/>
        <line num="16" count="72" type="stmt"/>
        <line num="17" count="72" type="cond" truecount="1" falsecount="1"/>
        <line num="18" count="72" type="cond" truecount="1" falsecount="1"/>
        <line num="19" count="72" type="cond" truecount="1" falsecount="1"/>
        <line num="20" count="72" type="stmt"/>
        <line num="23" count="24" type="stmt"/>
        <line num="24" count="72" type="cond" truecount="1" falsecount="1"/>
        <line num="26" count="0" type="stmt"/>
        <line num="27" count="0" type="cond" truecount="0" falsecount="2"/>
        <line num="29" count="0" type="stmt"/>
        <line num="32" count="24" type="stmt"/>
        <line num="33" count="188" type="cond" truecount="1" falsecount="1"/>
        <line num="36" count="24" type="stmt"/>
        <line num="49" count="0" type="cond" truecount="1" falsecount="1"/>
        <line num="51" count="0" type="stmt"/>
        <line num="67" count="0" type="cond" truecount="1" falsecount="1"/>
        <line num="69" count="0" type="stmt"/>
        <line num="90" count="0" type="cond" truecount="1" falsecount="1"/>
        <line num="92" count="0" type="stmt"/>
      </file>
      <file name="ContentReview.tsx" path="/Users/sanyamc/Developer/ShareWell/frontend/src/components/content/ContentReview.tsx">
        <metrics statements="60" coveredstatements="58" conditionals="46" coveredconditionals="41" methods="26" coveredmethods="23"/>
        <line num="16" count="2" type="stmt"/>
        <line num="23" count="105" type="stmt"/>
        <line num="24" count="105" type="stmt"/>
        <line num="31" count="105" type="stmt"/>
        <line num="32" count="105" type="stmt"/>
        <line num="35" count="105" type="stmt"/>
        <line num="36" count="17" type="stmt"/>
        <line num="40" count="105" type="stmt"/>
        <line num="41" count="17" type="stmt"/>
        <line num="44" count="105" type="stmt"/>
        <line num="45" count="18" type="stmt"/>
        <line num="46" count="18" type="stmt"/>
        <line num="47" count="18" type="stmt"/>
        <line num="48" count="16" type="stmt"/>
        <line num="50" count="1" type="stmt"/>
        <line num="52" count="17" type="stmt"/>
        <line num="56" count="105" type="stmt"/>
        <line num="57" count="17" type="stmt"/>
        <line num="59" count="17" type="stmt"/>
        <line num="60" count="31" type="stmt"/>
        <line num="61" count="31" type="stmt"/>
        <line num="69" count="17" type="stmt"/>
        <line num="77" count="105" type="stmt"/>
        <line num="78" count="4" type="stmt"/>
        <line num="82" count="4" type="stmt"/>
        <line num="86" count="105" type="stmt"/>
        <line num="87" count="0" type="stmt"/>
        <line num="99" count="105" type="stmt"/>
        <line num="100" count="110" type="stmt"/>
        <line num="109" count="105" type="stmt"/>
        <line num="110" count="4" type="stmt"/>
        <line num="116" count="105" type="stmt"/>
        <line num="118" count="1" type="stmt"/>
        <line num="119" count="1" type="stmt"/>
        <line num="120" count="2" type="cond" truecount="1" falsecount="1"/>
        <line num="121" count="2" type="stmt"/>
        <line num="125" count="1" type="stmt"/>
        <line num="128" count="105" type="stmt"/>
        <line num="129" count="191" type="stmt"/>
        <line num="130" count="220" type="stmt"/>
        <line num="131" count="220" type="cond" truecount="2" falsecount="0"/>
        <line num="135" count="105" type="stmt"/>
        <line num="136" count="486" type="stmt"/>
        <line num="137" count="964" type="stmt"/>
        <line num="138" count="964" type="cond" truecount="2" falsecount="0"/>
        <line num="141" count="486" type="stmt"/>
        <line num="142" count="964" type="stmt"/>
        <line num="143" count="964" type="cond" truecount="2" falsecount="0"/>
        <line num="146" count="486" type="stmt"/>
        <line num="153" count="105" type="cond" truecount="2" falsecount="0"/>
        <line num="154" count="35" type="stmt"/>
        <line num="162" count="70" type="cond" truecount="2" falsecount="0"/>
        <line num="163" count="1" type="stmt"/>
        <line num="186" count="69" type="stmt"/>
        <line num="248" count="134" type="stmt"/>
        <line num="249" count="134" type="stmt"/>
        <line num="251" count="134" type="cond" truecount="3" falsecount="1"/>
        <line num="253" count="134" type="stmt"/>
        <line num="266" count="0" type="stmt"/>
        <line num="267" count="110" type="stmt"/>
      </file>
      <file name="PlatformSelector.tsx" path="/Users/sanyamc/Developer/ShareWell/frontend/src/components/content/PlatformSelector.tsx">
        <metrics statements="28" coveredstatements="17" conditionals="26" coveredconditionals="16" methods="11" coveredmethods="8"/>
        <line num="11" count="3" type="stmt"/>
        <line num="17" count="75" type="stmt"/>
        <line num="18" count="137" type="cond" truecount="1" falsecount="4"/>
        <line num="20" count="137" type="stmt"/>
        <line num="26" count="0" type="stmt"/>
        <line num="32" count="0" type="stmt"/>
        <line num="38" count="0" type="stmt"/>
        <line num="44" count="0" type="stmt"/>
        <line num="52" count="75" type="stmt"/>
        <line num="53" count="137" type="cond" truecount="1" falsecount="4"/>
        <line num="55" count="137" type="stmt"/>
        <line num="57" count="0" type="stmt"/>
        <line num="59" count="0" type="stmt"/>
        <line num="61" count="0" type="stmt"/>
        <line num="63" count="0" type="stmt"/>
        <line num="67" count="75" type="stmt"/>
        <line num="72" count="137" type="stmt"/>
        <line num="73" count="137" type="cond" truecount="1" falsecount="1"/>
        <line num="75" count="137" type="stmt"/>
        <line num="77" count="137" type="stmt"/>
        <line num="85" count="2" type="stmt"/>
        <line num="92" count="2" type="stmt"/>
        <line num="126" count="273" type="stmt"/>
        <line num="155" count="0" type="stmt"/>
        <line num="166" count="138" type="stmt"/>
        <line num="167" count="138" type="cond" truecount="2" falsecount="0"/>
        <line num="175" count="0" type="stmt"/>
        <line num="176" count="0" type="stmt"/>
      </file>
      <file name="index.ts" path="/Users/sanyamc/Developer/ShareWell/frontend/src/components/content/index.ts">
        <metrics statements="0" coveredstatements="0" conditionals="0" coveredconditionals="0" methods="0" coveredmethods="0"/>
      </file>
    </package>
    <package name="src.components.image">
      <metrics statements="216" coveredstatements="190" conditionals="150" coveredconditionals="116" methods="68" coveredmethods="55"/>
      <file name="ImageGallery.tsx" path="/Users/sanyamc/Developer/ShareWell/frontend/src/components/image/ImageGallery.tsx">
        <metrics statements="79" coveredstatements="72" conditionals="57" coveredconditionals="48" methods="27" coveredmethods="22"/>
        <line num="15" count="1" type="stmt"/>
        <line num="22" count="73" type="stmt"/>
        <line num="23" count="73" type="stmt"/>
        <line num="24" count="73" type="stmt"/>
        <line num="25" count="73" type="stmt"/>
        <line num="26" count="73" type="stmt"/>
        <line num="27" count="73" type="stmt"/>
        <line num="28" count="73" type="stmt"/>
        <line num="31" count="73" type="stmt"/>
        <line num="32" count="19" type="stmt"/>
        <line num="36" count="73" type="stmt"/>
        <line num="37" count="71" type="cond" truecount="2" falsecount="0"/>
        <line num="38" count="3" type="stmt"/>
        <line num="42" count="73" type="stmt"/>
        <line num="43" count="19" type="stmt"/>
        <line num="44" count="19" type="stmt"/>
        <line num="45" count="19" type="stmt"/>
        <line num="46" count="19" type="stmt"/>
        <line num="47" count="17" type="stmt"/>
        <line num="49" count="2" type="cond" truecount="1" falsecount="1"/>
        <line num="51" count="19" type="stmt"/>
        <line num="55" count="73" type="stmt"/>
        <line num="56" count="0" type="stmt"/>
        <line num="59" count="73" type="stmt"/>
        <line num="60" count="1" type="stmt"/>
        <line num="61" count="1" type="stmt"/>
        <line num="62" count="2" type="stmt"/>
        <line num="63" count="1" type="stmt"/>
        <line num="66" count="1" type="cond" truecount="1" falsecount="1"/>
        <line num="67" count="1" type="stmt"/>
        <line num="68" count="2" type="cond" truecount="1" falsecount="1"/>
        <line num="70" count="1" type="stmt"/>
        <line num="73" count="0" type="stmt"/>
        <line num="74" count="0" type="stmt"/>
        <line num="78" count="73" type="stmt"/>
        <line num="81" count="2" type="cond" truecount="2" falsecount="0"/>
        <line num="82" count="1" type="cond" truecount="1" falsecount="1"/>
        <line num="83" count="0" type="stmt"/>
        <line num="85" count="1" type="stmt"/>
        <line num="88" count="1" type="cond" truecount="1" falsecount="1"/>
        <line num="91" count="2" type="stmt"/>
        <line num="93" count="2" type="cond" truecount="1" falsecount="1"/>
        <line num="94" count="4" type="stmt"/>
        <line num="95" count="2" type="stmt"/>
        <line num="99" count="73" type="stmt"/>
        <line num="100" count="74" type="stmt"/>
        <line num="103" count="74" type="cond" truecount="2" falsecount="0"/>
        <line num="104" count="28" type="stmt"/>
        <line num="105" count="56" type="stmt"/>
        <line num="110" count="74" type="stmt"/>
        <line num="111" count="27" type="stmt"/>
        <line num="113" count="27" type="cond" truecount="3" falsecount="1"/>
        <line num="115" count="1" type="stmt"/>
        <line num="116" count="1" type="stmt"/>
        <line num="118" count="0" type="stmt"/>
        <line num="119" count="0" type="stmt"/>
        <line num="122" count="26" type="stmt"/>
        <line num="123" count="26" type="stmt"/>
        <line num="126" count="27" type="cond" truecount="2" falsecount="0"/>
        <line num="130" count="73" type="stmt"/>
        <line num="131" count="1" type="stmt"/>
        <line num="132" count="2" type="stmt"/>
        <line num="133" count="1" type="cond" truecount="1" falsecount="1"/>
        <line num="135" count="1" type="stmt"/>
        <line num="137" count="1" type="cond" truecount="1" falsecount="1"/>
        <line num="138" count="2" type="stmt"/>
        <line num="139" count="1" type="stmt"/>
        <line num="143" count="73" type="stmt"/>
        <line num="145" count="73" type="cond" truecount="2" falsecount="0"/>
        <line num="146" count="19" type="stmt"/>
        <line num="156" count="54" type="stmt"/>
        <line num="162" count="0" type="stmt"/>
        <line num="171" count="1" type="stmt"/>
        <line num="204" count="28" type="stmt"/>
        <line num="216" count="1" type="stmt"/>
        <line num="217" count="1" type="stmt"/>
        <line num="218" count="1" type="stmt"/>
        <line num="246" count="54" type="stmt"/>
        <line num="274" count="1" type="stmt"/>
      </file>
      <file name="ImagePreview.tsx" path="/Users/sanyamc/Developer/ShareWell/frontend/src/components/image/ImagePreview.tsx">
        <metrics statements="30" coveredstatements="27" conditionals="25" coveredconditionals="22" methods="9" coveredmethods="7"/>
        <line num="13" count="3" type="stmt"/>
        <line num="21" count="82" type="stmt"/>
        <line num="22" count="82" type="stmt"/>
        <line num="24" count="82" type="stmt"/>
        <line num="25" count="5" type="cond" truecount="1" falsecount="1"/>
        <line num="27" count="5" type="stmt"/>
        <line num="28" count="5" type="cond" truecount="2" falsecount="0"/>
        <line num="30" count="4" type="stmt"/>
        <line num="31" count="4" type="stmt"/>
        <line num="32" count="4" type="stmt"/>
        <line num="34" count="0" type="stmt"/>
        <line num="36" count="3" type="stmt"/>
        <line num="40" count="82" type="stmt"/>
        <line num="41" count="3" type="cond" truecount="1" falsecount="1"/>
        <line num="42" count="3" type="stmt"/>
        <line num="46" count="82" type="stmt"/>
        <line num="47" count="82" type="cond" truecount="1" falsecount="1"/>
        <line num="48" count="82" type="stmt"/>
        <line num="49" count="82" type="stmt"/>
        <line num="50" count="82" type="stmt"/>
        <line num="51" count="82" type="stmt"/>
        <line num="54" count="82" type="stmt"/>
        <line num="55" count="82" type="stmt"/>
        <line num="62" count="82" type="stmt"/>
        <line num="105" count="3" type="stmt"/>
        <line num="106" count="3" type="stmt"/>
        <line num="121" count="5" type="stmt"/>
        <line num="122" count="5" type="stmt"/>
        <line num="156" count="0" type="stmt"/>
        <line num="165" count="0" type="stmt"/>
      </file>
      <file name="ImageUpload.tsx" path="/Users/sanyamc/Developer/ShareWell/frontend/src/components/image/ImageUpload.tsx">
        <metrics statements="78" coveredstatements="67" conditionals="41" coveredconditionals="24" methods="27" coveredmethods="21"/>
        <line num="15" count="2" type="stmt"/>
        <line num="22" count="82" type="stmt"/>
        <line num="23" count="82" type="stmt"/>
        <line num="25" count="82" type="stmt"/>
        <line num="26" count="82" type="stmt"/>
        <line num="27" count="82" type="stmt"/>
        <line num="28" count="82" type="stmt"/>
        <line num="30" count="82" type="stmt"/>
        <line num="34" count="8" type="stmt"/>
        <line num="35" count="8" type="stmt"/>
        <line num="38" count="8" type="cond" truecount="1" falsecount="1"/>
        <line num="39" count="0" type="stmt"/>
        <line num="43" count="0" type="stmt"/>
        <line num="46" count="8" type="stmt"/>
        <line num="47" count="8" type="stmt"/>
        <line num="48" count="8" type="cond" truecount="2" falsecount="0"/>
        <line num="49" count="3" type="stmt"/>
        <line num="51" count="5" type="stmt"/>
        <line num="55" count="8" type="stmt"/>
        <line num="58" count="82" type="stmt"/>
        <line num="59" count="8" type="cond" truecount="1" falsecount="1"/>
        <line num="61" count="8" type="stmt"/>
        <line num="62" count="8" type="stmt"/>
        <line num="64" count="8" type="cond" truecount="2" falsecount="0"/>
        <line num="65" count="3" type="stmt"/>
        <line num="68" count="5" type="stmt"/>
        <line num="71" count="5" type="stmt"/>
        <line num="76" count="5" type="stmt"/>
        <line num="78" count="5" type="stmt"/>
        <line num="80" count="5" type="stmt"/>
        <line num="81" count="4" type="stmt"/>
        <line num="84" count="5" type="stmt"/>
        <line num="87" count="0" type="stmt"/>
        <line num="88" count="0" type="stmt"/>
        <line num="89" count="0" type="cond" truecount="0" falsecount="2"/>
        <line num="97" count="4" type="cond" truecount="1" falsecount="1"/>
        <line num="99" count="4" type="stmt"/>
        <line num="100" count="3" type="stmt"/>
        <line num="108" count="4" type="stmt"/>
        <line num="111" count="4" type="stmt"/>
        <line num="112" count="0" type="stmt"/>
        <line num="115" count="0" type="cond" truecount="0" falsecount="2"/>
        <line num="118" count="1" type="cond" truecount="1" falsecount="1"/>
        <line num="120" count="1" type="stmt"/>
        <line num="121" count="1" type="stmt"/>
        <line num="128" count="1" type="stmt"/>
        <line num="130" count="5" type="stmt"/>
        <line num="134" count="82" type="stmt"/>
        <line num="135" count="1" type="stmt"/>
        <line num="136" count="1" type="stmt"/>
        <line num="139" count="82" type="stmt"/>
        <line num="140" count="1" type="stmt"/>
        <line num="141" count="1" type="stmt"/>
        <line num="144" count="82" type="stmt"/>
        <line num="145" count="7" type="stmt"/>
        <line num="146" count="7" type="stmt"/>
        <line num="148" count="7" type="stmt"/>
        <line num="149" count="7" type="stmt"/>
        <line num="152" count="82" type="stmt"/>
        <line num="153" count="1" type="cond" truecount="1" falsecount="1"/>
        <line num="154" count="1" type="stmt"/>
        <line num="157" count="1" type="cond" truecount="1" falsecount="1"/>
        <line num="158" count="1" type="stmt"/>
        <line num="162" count="82" type="stmt"/>
        <line num="163" count="2" type="stmt"/>
        <line num="166" count="82" type="stmt"/>
        <line num="167" count="1" type="stmt"/>
        <line num="170" count="82" type="stmt"/>
        <line num="171" count="0" type="stmt"/>
        <line num="172" count="0" type="cond" truecount="0" falsecount="4"/>
        <line num="173" count="0" type="stmt"/>
        <line num="177" count="82" type="stmt"/>
        <line num="240" count="6" type="stmt"/>
        <line num="263" count="7" type="stmt"/>
        <line num="266" count="0" type="stmt"/>
        <line num="273" count="7" type="cond" truecount="2" falsecount="0"/>
        <line num="278" count="5" type="stmt"/>
        <line num="280" count="5" type="stmt"/>
      </file>
      <file name="UploadProgress.tsx" path="/Users/sanyamc/Developer/ShareWell/frontend/src/components/image/UploadProgress.tsx">
        <metrics statements="29" coveredstatements="24" conditionals="27" coveredconditionals="22" methods="5" coveredmethods="5"/>
        <line num="9" count="3" type="stmt"/>
        <line num="10" count="17" type="stmt"/>
        <line num="11" count="17" type="cond" truecount="5" falsecount="1"/>
        <line num="13" count="4" type="stmt"/>
        <line num="18" count="3" type="stmt"/>
        <line num="22" count="5" type="stmt"/>
        <line num="28" count="5" type="stmt"/>
        <line num="34" count="0" type="stmt"/>
        <line num="38" count="17" type="stmt"/>
        <line num="39" count="17" type="cond" truecount="5" falsecount="1"/>
        <line num="41" count="4" type="stmt"/>
        <line num="43" count="2" type="stmt"/>
        <line num="45" count="1" type="stmt"/>
        <line num="47" count="5" type="stmt"/>
        <line num="49" count="5" type="cond" truecount="2" falsecount="0"/>
        <line num="51" count="0" type="stmt"/>
        <line num="55" count="17" type="stmt"/>
        <line num="56" count="3" type="cond" truecount="2" falsecount="3"/>
        <line num="59" count="3" type="stmt"/>
        <line num="61" count="0" type="stmt"/>
        <line num="63" count="0" type="stmt"/>
        <line num="65" count="0" type="stmt"/>
        <line num="69" count="17" type="stmt"/>
        <line num="70" count="17" type="cond" truecount="2" falsecount="0"/>
        <line num="71" count="16" type="stmt"/>
        <line num="72" count="16" type="stmt"/>
        <line num="73" count="16" type="stmt"/>
        <line num="74" count="16" type="stmt"/>
        <line num="77" count="17" type="stmt"/>
      </file>
      <file name="index.ts" path="/Users/sanyamc/Developer/ShareWell/frontend/src/components/image/index.ts">
        <metrics statements="0" coveredstatements="0" conditionals="0" coveredconditionals="0" methods="0" coveredmethods="0"/>
      </file>
    </package>
    <package name="src.components.platform">
      <metrics statements="343" coveredstatements="281" conditionals="198" coveredconditionals="163" methods="113" coveredmethods="84"/>
      <file name="ConnectionTestDialog.tsx" path="/Users/sanyamc/Developer/ShareWell/frontend/src/components/platform/ConnectionTestDialog.tsx">
        <metrics statements="11" coveredstatements="11" conditionals="16" coveredconditionals="16" methods="5" coveredmethods="5"/>
        <line num="9" count="1" type="stmt"/>
        <line num="13" count="46" type="stmt"/>
        <line num="14" count="17" type="stmt"/>
        <line num="16" count="17" type="stmt"/>
        <line num="17" count="46" type="stmt"/>
        <line num="28" count="46" type="cond" truecount="2" falsecount="0"/>
        <line num="31" count="17" type="stmt"/>
        <line num="32" count="46" type="stmt"/>
        <line num="43" count="46" type="cond" truecount="2" falsecount="0"/>
        <line num="46" count="17" type="stmt"/>
        <line num="97" count="46" type="stmt"/>
      </file>
      <file name="ContentTemplateManager.tsx" path="/Users/sanyamc/Developer/ShareWell/frontend/src/components/platform/ContentTemplateManager.tsx">
        <metrics statements="84" coveredstatements="67" conditionals="44" coveredconditionals="37" methods="32" coveredmethods="26"/>
        <line num="9" count="1" type="stmt"/>
        <line num="16" count="1" type="stmt"/>
        <line num="27" count="1" type="stmt"/>
        <line num="31" count="61" type="stmt"/>
        <line num="32" count="61" type="stmt"/>
        <line num="33" count="61" type="stmt"/>
        <line num="34" count="61" type="stmt"/>
        <line num="35" count="61" type="stmt"/>
        <line num="36" count="61" type="stmt"/>
        <line num="44" count="61" type="stmt"/>
        <line num="56" count="61" type="stmt"/>
        <line num="57" count="20" type="stmt"/>
        <line num="60" count="61" type="stmt"/>
        <line num="61" count="22" type="stmt"/>
        <line num="62" count="22" type="stmt"/>
        <line num="63" count="22" type="stmt"/>
        <line num="64" count="21" type="stmt"/>
        <line num="66" count="1" type="stmt"/>
        <line num="67" count="1" type="stmt"/>
        <line num="69" count="22" type="stmt"/>
        <line num="73" count="61" type="stmt"/>
        <line num="74" count="0" type="stmt"/>
        <line num="75" count="0" type="stmt"/>
        <line num="76" count="0" type="stmt"/>
        <line num="77" count="0" type="stmt"/>
        <line num="78" count="0" type="stmt"/>
        <line num="79" count="0" type="stmt"/>
        <line num="81" count="0" type="stmt"/>
        <line num="82" count="0" type="stmt"/>
        <line num="86" count="61" type="stmt"/>
        <line num="87" count="1" type="cond" truecount="1" falsecount="1"/>
        <line num="89" count="1" type="stmt"/>
        <line num="90" count="1" type="stmt"/>
        <line num="91" count="1" type="stmt"/>
        <line num="92" count="1" type="stmt"/>
        <line num="93" count="1" type="stmt"/>
        <line num="94" count="1" type="stmt"/>
        <line num="96" count="0" type="stmt"/>
        <line num="97" count="0" type="stmt"/>
        <line num="101" count="61" type="stmt"/>
        <line num="102" count="1" type="cond" truecount="1" falsecount="1"/>
        <line num="104" count="1" type="stmt"/>
        <line num="105" count="1" type="stmt"/>
        <line num="106" count="1" type="stmt"/>
        <line num="107" count="1" type="stmt"/>
        <line num="109" count="0" type="stmt"/>
        <line num="110" count="0" type="stmt"/>
        <line num="114" count="61" type="stmt"/>
        <line num="115" count="1" type="stmt"/>
        <line num="116" count="1" type="stmt"/>
        <line num="127" count="1" type="stmt"/>
        <line num="130" count="61" type="stmt"/>
        <line num="131" count="2" type="stmt"/>
        <line num="142" count="2" type="stmt"/>
        <line num="145" count="61" type="stmt"/>
        <line num="146" count="1" type="stmt"/>
        <line num="147" count="1" type="stmt"/>
        <line num="150" count="61" type="stmt"/>
        <line num="151" count="13" type="stmt"/>
        <line num="154" count="61" type="stmt"/>
        <line num="155" count="5" type="cond" truecount="2" falsecount="0"/>
        <line num="156" count="2" type="stmt"/>
        <line num="158" count="5" type="stmt"/>
        <line num="161" count="61" type="stmt"/>
        <line num="189" count="1" type="stmt"/>
        <line num="194" count="488" type="stmt"/>
        <line num="207" count="1" type="stmt"/>
        <line num="212" count="244" type="stmt"/>
        <line num="225" count="1" type="stmt"/>
        <line num="232" count="7" type="stmt"/>
        <line num="253" count="26" type="stmt"/>
        <line num="284" count="1" type="stmt"/>
        <line num="290" count="1" type="stmt"/>
        <line num="327" count="4" type="stmt"/>
        <line num="339" count="0" type="stmt"/>
        <line num="353" count="2" type="stmt"/>
        <line num="368" count="2" type="stmt"/>
        <line num="385" count="0" type="stmt"/>
        <line num="398" count="0" type="stmt"/>
        <line num="402" count="116" type="stmt"/>
        <line num="416" count="0" type="stmt"/>
        <line num="429" count="232" type="stmt"/>
        <line num="433" count="5" type="stmt"/>
        <line num="447" count="0" type="stmt"/>
      </file>
      <file name="PlatformConnectionCard.tsx" path="/Users/sanyamc/Developer/ShareWell/frontend/src/components/platform/PlatformConnectionCard.tsx">
        <metrics statements="21" coveredstatements="19" conditionals="31" coveredconditionals="27" methods="6" coveredmethods="6"/>
        <line num="12" count="1" type="stmt"/>
        <line num="19" count="13" type="stmt"/>
        <line num="20" count="13" type="stmt"/>
        <line num="31" count="13" type="cond" truecount="1" falsecount="1"/>
        <line num="34" count="13" type="stmt"/>
        <line num="35" count="13" type="cond" truecount="3" falsecount="1"/>
        <line num="37" count="8" type="stmt"/>
        <line num="39" count="1" type="stmt"/>
        <line num="41" count="4" type="stmt"/>
        <line num="43" count="0" type="stmt"/>
        <line num="47" count="13" type="stmt"/>
        <line num="48" count="13" type="cond" truecount="3" falsecount="1"/>
        <line num="50" count="8" type="stmt"/>
        <line num="52" count="1" type="stmt"/>
        <line num="54" count="4" type="stmt"/>
        <line num="56" count="0" type="stmt"/>
        <line num="60" count="13" type="stmt"/>
        <line num="61" count="18" type="cond" truecount="2" falsecount="0"/>
        <line num="62" count="16" type="stmt"/>
        <line num="65" count="13" type="stmt"/>
        <line num="86" count="1" type="stmt"/>
      </file>
      <file name="PlatformDashboard.tsx" path="/Users/sanyamc/Developer/ShareWell/frontend/src/components/platform/PlatformDashboard.tsx">
        <metrics statements="75" coveredstatements="59" conditionals="17" coveredconditionals="16" methods="24" coveredmethods="18"/>
        <line num="8" count="1" type="stmt"/>
        <line num="9" count="27" type="stmt"/>
        <line num="10" count="26" type="stmt"/>
        <line num="11" count="26" type="stmt"/>
        <line num="12" count="26" type="stmt"/>
        <line num="13" count="26" type="stmt"/>
        <line num="14" count="26" type="stmt"/>
        <line num="15" count="26" type="stmt"/>
        <line num="16" count="26" type="stmt"/>
        <line num="18" count="26" type="stmt"/>
        <line num="19" count="10" type="stmt"/>
        <line num="22" count="26" type="stmt"/>
        <line num="23" count="13" type="stmt"/>
        <line num="24" count="13" type="stmt"/>
        <line num="25" count="13" type="stmt"/>
        <line num="26" count="10" type="stmt"/>
        <line num="28" count="2" type="stmt"/>
        <line num="29" count="2" type="stmt"/>
        <line num="31" count="12" type="stmt"/>
        <line num="35" count="26" type="stmt"/>
        <line num="36" count="2" type="stmt"/>
        <line num="37" count="2" type="stmt"/>
        <line num="40" count="26" type="stmt"/>
        <line num="41" count="1" type="stmt"/>
        <line num="42" count="1" type="stmt"/>
        <line num="43" count="1" type="stmt"/>
        <line num="45" count="0" type="stmt"/>
        <line num="46" count="0" type="stmt"/>
        <line num="50" count="26" type="stmt"/>
        <line num="51" count="1" type="stmt"/>
        <line num="52" count="1" type="cond" truecount="1" falsecount="1"/>
        <line num="53" count="0" type="stmt"/>
        <line num="55" count="1" type="stmt"/>
        <line num="57" count="1" type="stmt"/>
        <line num="59" count="0" type="stmt"/>
        <line num="60" count="0" type="stmt"/>
        <line num="64" count="26" type="stmt"/>
        <line num="65" count="1" type="stmt"/>
        <line num="66" count="1" type="stmt"/>
        <line num="67" count="1" type="stmt"/>
        <line num="68" count="1" type="stmt"/>
        <line num="70" count="0" type="stmt"/>
        <line num="71" count="0" type="stmt"/>
        <line num="75" count="26" type="stmt"/>
        <line num="76" count="1" type="stmt"/>
        <line num="77" count="1" type="stmt"/>
        <line num="78" count="1" type="stmt"/>
        <line num="79" count="1" type="stmt"/>
        <line num="80" count="1" type="stmt"/>
        <line num="82" count="0" type="stmt"/>
        <line num="83" count="0" type="stmt"/>
        <line num="85" count="1" type="stmt"/>
        <line num="89" count="26" type="stmt"/>
        <line num="90" count="1" type="stmt"/>
        <line num="91" count="1" type="stmt"/>
        <line num="92" count="1" type="stmt"/>
        <line num="95" count="26" type="stmt"/>
        <line num="96" count="26" type="stmt"/>
        <line num="98" count="26" type="cond" truecount="2" falsecount="0"/>
        <line num="99" count="11" type="stmt"/>
        <line num="108" count="15" type="stmt"/>
        <line num="130" count="1" type="stmt"/>
        <line num="175" count="12" type="stmt"/>
        <line num="178" count="2" type="stmt"/>
        <line num="179" count="1" type="stmt"/>
        <line num="180" count="1" type="stmt"/>
        <line num="181" count="1" type="stmt"/>
        <line num="196" count="12" type="stmt"/>
        <line num="199" count="0" type="stmt"/>
        <line num="200" count="0" type="stmt"/>
        <line num="201" count="0" type="stmt"/>
        <line num="202" count="0" type="stmt"/>
        <line num="215" count="0" type="stmt"/>
        <line num="216" count="0" type="stmt"/>
        <line num="225" count="0" type="stmt"/>
      </file>
      <file name="PlatformPreferences.tsx" path="/Users/sanyamc/Developer/ShareWell/frontend/src/components/platform/PlatformPreferences.tsx">
        <metrics statements="92" coveredstatements="68" conditionals="44" coveredconditionals="29" methods="36" coveredmethods="19"/>
        <line num="10" count="1" type="stmt"/>
        <line num="17" count="1" type="stmt"/>
        <line num="24" count="1" type="stmt"/>
        <line num="28" count="1" type="stmt"/>
        <line num="32" count="39" type="stmt"/>
        <line num="33" count="39" type="stmt"/>
        <line num="34" count="39" type="stmt"/>
        <line num="35" count="39" type="stmt"/>
        <line num="36" count="39" type="stmt"/>
        <line num="37" count="39" type="stmt"/>
        <line num="39" count="39" type="stmt"/>
        <line num="40" count="14" type="stmt"/>
        <line num="41" count="14" type="stmt"/>
        <line num="44" count="39" type="stmt"/>
        <line num="45" count="15" type="stmt"/>
        <line num="46" count="15" type="stmt"/>
        <line num="47" count="14" type="stmt"/>
        <line num="49" count="1" type="stmt"/>
        <line num="50" count="1" type="stmt"/>
        <line num="52" count="15" type="stmt"/>
        <line num="56" count="39" type="stmt"/>
        <line num="57" count="14" type="stmt"/>
        <line num="58" count="14" type="stmt"/>
        <line num="59" count="14" type="stmt"/>
        <line num="61" count="0" type="stmt"/>
        <line num="65" count="39" type="stmt"/>
        <line num="66" count="2" type="cond" truecount="1" falsecount="1"/>
        <line num="68" count="2" type="stmt"/>
        <line num="69" count="2" type="stmt"/>
        <line num="71" count="2" type="stmt"/>
        <line num="72" count="2" type="stmt"/>
        <line num="73" count="1" type="stmt"/>
        <line num="76" count="1" type="stmt"/>
        <line num="77" count="1" type="stmt"/>
        <line num="79" count="2" type="stmt"/>
        <line num="83" count="39" type="stmt"/>
        <line num="84" count="1" type="cond" truecount="1" falsecount="1"/>
        <line num="86" count="1" type="stmt"/>
        <line num="87" count="1" type="stmt"/>
        <line num="88" count="1" type="stmt"/>
        <line num="89" count="1" type="stmt"/>
        <line num="91" count="0" type="stmt"/>
        <line num="92" count="0" type="stmt"/>
        <line num="94" count="1" type="stmt"/>
        <line num="98" count="39" type="stmt"/>
        <line num="99" count="3" type="cond" truecount="1" falsecount="1"/>
        <line num="100" count="3" type="stmt"/>
        <line num="103" count="39" type="stmt"/>
        <line num="104" count="1" type="cond" truecount="1" falsecount="1"/>
        <line num="105" count="1" type="stmt"/>
        <line num="114" count="39" type="stmt"/>
        <line num="115" count="1" type="cond" truecount="1" falsecount="1"/>
        <line num="116" count="1" type="stmt"/>
        <line num="117" count="1" type="stmt"/>
        <line num="120" count="39" type="stmt"/>
        <line num="121" count="0" type="cond" truecount="0" falsecount="2"/>
        <line num="122" count="0" type="stmt"/>
        <line num="123" count="0" type="stmt"/>
        <line num="126" count="39" type="stmt"/>
        <line num="127" count="0" type="cond" truecount="0" falsecount="2"/>
        <line num="128" count="0" type="stmt"/>
        <line num="129" count="0" type="stmt"/>
        <line num="130" count="0" type="stmt"/>
        <line num="133" count="39" type="cond" truecount="2" falsecount="0"/>
        <line num="134" count="14" type="stmt"/>
        <line num="144" count="25" type="cond" truecount="2" falsecount="0"/>
        <line num="145" count="1" type="stmt"/>
        <line num="160" count="24" type="stmt"/>
        <line num="188" count="96" type="stmt"/>
        <line num="190" count="5" type="stmt"/>
        <line num="220" count="1" type="stmt"/>
        <line num="234" count="0" type="stmt"/>
        <line num="253" count="1" type="stmt"/>
        <line num="269" count="1" type="stmt"/>
        <line num="296" count="0" type="stmt"/>
        <line num="300" count="8" type="stmt"/>
        <line num="313" count="0" type="stmt"/>
        <line num="317" count="8" type="stmt"/>
        <line num="334" count="0" type="stmt"/>
        <line num="345" count="0" type="stmt"/>
        <line num="359" count="0" type="stmt"/>
        <line num="376" count="0" type="stmt"/>
        <line num="391" count="0" type="stmt"/>
        <line num="412" count="0" type="stmt"/>
        <line num="426" count="0" type="stmt"/>
        <line num="440" count="21" type="stmt"/>
        <line num="446" count="37" type="stmt"/>
        <line num="450" count="0" type="stmt"/>
        <line num="454" count="0" type="stmt"/>
        <line num="464" count="1" type="stmt"/>
        <line num="486" count="0" type="stmt"/>
        <line num="500" count="0" type="stmt"/>
      </file>
      <file name="PlatformSetupWizard.tsx" path="/Users/sanyamc/Developer/ShareWell/frontend/src/components/platform/PlatformSetupWizard.tsx">
        <metrics statements="60" coveredstatements="57" conditionals="46" coveredconditionals="38" methods="10" coveredmethods="10"/>
        <line num="11" count="1" type="stmt"/>
        <line num="16" count="45" type="stmt"/>
        <line num="17" count="45" type="stmt"/>
        <line num="18" count="45" type="stmt"/>
        <line num="19" count="45" type="stmt"/>
        <line num="20" count="45" type="stmt"/>
        <line num="21" count="45" type="stmt"/>
        <line num="23" count="45" type="stmt"/>
        <line num="24" count="13" type="stmt"/>
        <line num="27" count="45" type="stmt"/>
        <line num="28" count="13" type="stmt"/>
        <line num="29" count="13" type="stmt"/>
        <line num="30" count="13" type="stmt"/>
        <line num="31" count="11" type="stmt"/>
        <line num="33" count="1" type="stmt"/>
        <line num="34" count="1" type="stmt"/>
        <line num="36" count="12" type="stmt"/>
        <line num="40" count="45" type="stmt"/>
        <line num="41" count="10" type="stmt"/>
        <line num="47" count="45" type="stmt"/>
        <line num="48" count="7" type="cond" truecount="1" falsecount="1"/>
        <line num="50" count="7" type="stmt"/>
        <line num="52" count="7" type="stmt"/>
        <line num="53" count="7" type="stmt"/>
        <line num="54" count="7" type="stmt"/>
        <line num="56" count="7" type="cond" truecount="2" falsecount="0"/>
        <line num="58" count="1" type="stmt"/>
        <line num="59" count="1" type="stmt"/>
        <line num="62" count="1" type="stmt"/>
        <line num="63" count="1" type="stmt"/>
        <line num="66" count="6" type="cond" truecount="2" falsecount="0"/>
        <line num="68" count="2" type="stmt"/>
        <line num="69" count="2" type="cond" truecount="2" falsecount="0"/>
        <line num="70" count="1" type="stmt"/>
        <line num="72" count="1" type="stmt"/>
        <line num="74" count="2" type="stmt"/>
        <line num="78" count="4" type="cond" truecount="1" falsecount="1"/>
        <line num="79" count="4" type="stmt"/>
        <line num="81" count="0" type="stmt"/>
        <line num="84" count="0" type="stmt"/>
        <line num="85" count="0" type="stmt"/>
        <line num="87" count="7" type="stmt"/>
        <line num="91" count="45" type="stmt"/>
        <line num="92" count="1" type="cond" truecount="1" falsecount="1"/>
        <line num="93" count="1" type="stmt"/>
        <line num="97" count="45" type="stmt"/>
        <line num="98" count="31" type="cond" truecount="1" falsecount="1"/>
        <line num="100" count="31" type="stmt"/>
        <line num="103" count="31" type="stmt"/>
        <line num="104" count="29" type="cond" truecount="4" falsecount="0"/>
        <line num="105" count="12" type="stmt"/>
        <line num="109" count="19" type="stmt"/>
        <line num="112" count="45" type="cond" truecount="2" falsecount="0"/>
        <line num="113" count="13" type="stmt"/>
        <line num="126" count="32" type="cond" truecount="2" falsecount="0"/>
        <line num="127" count="1" type="stmt"/>
        <line num="145" count="31" type="stmt"/>
        <line num="147" count="31" type="stmt"/>
        <line num="194" count="36" type="stmt"/>
        <line num="203" count="10" type="stmt"/>
      </file>
      <file name="index.ts" path="/Users/sanyamc/Developer/ShareWell/frontend/src/components/platform/index.ts">
        <metrics statements="0" coveredstatements="0" conditionals="0" coveredconditionals="0" methods="0" coveredmethods="0"/>
      </file>
    </package>
    <package name="src.components.posting">
      <metrics statements="419" coveredstatements="233" conditionals="337" coveredconditionals="173" methods="154" coveredmethods="84"/>
      <file name="BulkPostingInterface.tsx" path="/Users/sanyamc/Developer/ShareWell/frontend/src/components/posting/BulkPostingInterface.tsx">
        <metrics statements="115" coveredstatements="45" conditionals="69" coveredconditionals="17" methods="36" coveredmethods="12"/>
        <line num="19" count="1" type="stmt"/>
        <line num="46" count="1" type="stmt"/>
        <line num="51" count="38" type="stmt"/>
        <line num="52" count="38" type="stmt"/>
        <line num="53" count="38" type="stmt"/>
        <line num="54" count="38" type="stmt"/>
        <line num="55" count="38" type="stmt"/>
        <line num="56" count="38" type="stmt"/>
        <line num="59" count="38" type="stmt"/>
        <line num="60" count="38" type="stmt"/>
        <line num="61" count="38" type="stmt"/>
        <line num="62" count="38" type="stmt"/>
        <line num="63" count="38" type="stmt"/>
        <line num="65" count="38" type="stmt"/>
        <line num="66" count="20" type="stmt"/>
        <line num="69" count="38" type="stmt"/>
        <line num="70" count="20" type="stmt"/>
        <line num="71" count="20" type="stmt"/>
        <line num="72" count="20" type="stmt"/>
        <line num="74" count="0" type="stmt"/>
        <line num="78" count="38" type="stmt"/>
        <line num="79" count="28" type="stmt"/>
        <line num="80" count="28" type="stmt"/>
        <line num="81" count="28" type="cond" truecount="2" falsecount="0"/>
        <line num="82" count="14" type="stmt"/>
        <line num="84" count="14" type="stmt"/>
        <line num="86" count="28" type="stmt"/>
        <line num="90" count="38" type="stmt"/>
        <line num="91" count="2" type="cond" truecount="2" falsecount="0"/>
        <line num="92" count="1" type="stmt"/>
        <line num="94" count="2" type="stmt"/>
        <line num="98" count="38" type="stmt"/>
        <line num="99" count="0" type="stmt"/>
        <line num="100" count="0" type="stmt"/>
        <line num="101" count="0" type="stmt"/>
        <line num="104" count="38" type="stmt"/>
        <line num="105" count="0" type="cond" truecount="0" falsecount="4"/>
        <line num="107" count="0" type="stmt"/>
        <line num="108" count="0" type="stmt"/>
        <line num="109" count="0" type="stmt"/>
        <line num="111" count="0" type="stmt"/>
        <line num="112" count="0" type="stmt"/>
        <line num="113" count="0" type="stmt"/>
        <line num="115" count="0" type="cond" truecount="0" falsecount="4"/>
        <line num="117" count="0" type="stmt"/>
        <line num="118" count="0" type="stmt"/>
        <line num="120" count="0" type="stmt"/>
        <line num="121" count="0" type="stmt"/>
        <line num="123" count="0" type="stmt"/>
        <line num="124" count="0" type="stmt"/>
        <line num="126" count="0" type="stmt"/>
        <line num="127" count="0" type="stmt"/>
        <line num="130" count="0" type="stmt"/>
        <line num="131" count="0" type="stmt"/>
        <line num="133" count="0" type="cond" truecount="0" falsecount="2"/>
        <line num="135" count="0" type="stmt"/>
        <line num="139" count="38" type="stmt"/>
        <line num="140" count="0" type="stmt"/>
        <line num="145" count="0" type="stmt"/>
        <line num="148" count="38" type="stmt"/>
        <line num="149" count="0" type="cond" truecount="0" falsecount="4"/>
        <line num="150" count="0" type="stmt"/>
        <line num="153" count="0" type="stmt"/>
        <line num="154" count="0" type="stmt"/>
        <line num="156" count="0" type="stmt"/>
        <line num="157" count="0" type="stmt"/>
        <line num="159" count="0" type="cond" truecount="0" falsecount="2"/>
        <line num="160" count="0" type="stmt"/>
        <line num="163" count="0" type="stmt"/>
        <line num="169" count="0" type="stmt"/>
        <line num="170" count="0" type="stmt"/>
        <line num="173" count="0" type="stmt"/>
        <line num="176" count="38" type="stmt"/>
        <line num="177" count="0" type="stmt"/>
        <line num="178" count="0" type="stmt"/>
        <line num="182" count="38" type="stmt"/>
        <line num="183" count="0" type="stmt"/>
        <line num="184" count="0" type="stmt"/>
        <line num="185" count="0" type="cond" truecount="0" falsecount="2"/>
        <line num="186" count="0" type="stmt"/>
        <line num="195" count="0" type="stmt"/>
        <line num="200" count="38" type="stmt"/>
        <line num="201" count="76" type="cond" truecount="1" falsecount="4"/>
        <line num="203" count="76" type="stmt"/>
        <line num="205" count="0" type="stmt"/>
        <line num="207" count="0" type="stmt"/>
        <line num="209" count="0" type="stmt"/>
        <line num="211" count="0" type="stmt"/>
        <line num="215" count="38" type="stmt"/>
        <line num="216" count="0" type="cond" truecount="0" falsecount="2"/>
        <line num="218" count="0" type="cond" truecount="0" falsecount="5"/>
        <line num="220" count="0" type="stmt"/>
        <line num="228" count="0" type="stmt"/>
        <line num="233" count="0" type="cond" truecount="0" falsecount="2"/>
        <line num="234" count="0" type="stmt"/>
        <line num="236" count="0" type="stmt"/>
        <line num="253" count="0" type="stmt"/>
        <line num="263" count="0" type="stmt"/>
        <line num="275" count="0" type="stmt"/>
        <line num="286" count="0" type="stmt"/>
        <line num="303" count="0" type="cond" truecount="0" falsecount="2"/>
        <line num="316" count="0" type="stmt"/>
        <line num="321" count="0" type="cond" truecount="0" falsecount="2"/>
        <line num="322" count="0" type="stmt"/>
        <line num="324" count="0" type="stmt"/>
        <line num="338" count="0" type="stmt"/>
        <line num="359" count="0" type="stmt"/>
        <line num="369" count="0" type="stmt"/>
        <line num="373" count="38" type="stmt"/>
        <line num="412" count="76" type="stmt"/>
        <line num="419" count="14" type="stmt"/>
        <line num="425" count="14" type="stmt"/>
        <line num="452" count="152" type="stmt"/>
        <line num="454" count="0" type="stmt"/>
        <line num="496" count="0" type="stmt"/>
      </file>
      <file name="PostCreationWizard.tsx" path="/Users/sanyamc/Developer/ShareWell/frontend/src/components/posting/PostCreationWizard.tsx">
        <metrics statements="69" coveredstatements="56" conditionals="74" coveredconditionals="63" methods="26" coveredmethods="20"/>
        <line num="22" count="1" type="stmt"/>
        <line num="45" count="1" type="stmt"/>
        <line num="52" count="35" type="stmt"/>
        <line num="53" count="35" type="stmt"/>
        <line num="54" count="35" type="stmt"/>
        <line num="55" count="35" type="stmt"/>
        <line num="57" count="35" type="stmt"/>
        <line num="69" count="35" type="stmt"/>
        <line num="70" count="12" type="stmt"/>
        <line num="73" count="35" type="stmt"/>
        <line num="74" count="12" type="stmt"/>
        <line num="75" count="12" type="stmt"/>
        <line num="76" count="12" type="stmt"/>
        <line num="78" count="0" type="stmt"/>
        <line num="82" count="35" type="stmt"/>
        <line num="83" count="13" type="cond" truecount="1" falsecount="1"/>
        <line num="84" count="13" type="stmt"/>
        <line num="88" count="35" type="stmt"/>
        <line num="89" count="0" type="cond" truecount="0" falsecount="2"/>
[...]
        <line num="38" count="0" type="stmt"/>
        <line num="40" count="0" type="stmt"/>
        <line num="46" count="3" type="stmt"/>
        <line num="48" count="0" type="stmt"/>
        <line num="49" count="0" type="cond" truecount="0" falsecount="2"/>
        <line num="50" count="0" type="stmt"/>
        <line num="52" count="0" type="stmt"/>
        <line num="55" count="0" type="stmt"/>
        <line num="60" count="3" type="stmt"/>
        <line num="61" count="0" type="stmt"/>
        <line num="63" count="0" type="stmt"/>
        <line num="65" count="0" type="cond" truecount="0" falsecount="4"/>
        <line num="66" count="0" type="stmt"/>
        <line num="68" count="0" type="stmt"/>
        <line num="69" count="0" type="cond" truecount="0" falsecount="2"/>
        <line num="70" count="0" type="stmt"/>
        <line num="71" count="0" type="stmt"/>
        <line num="75" count="0" type="stmt"/>
        <line num="76" count="0" type="stmt"/>
        <line num="79" count="0" type="stmt"/>
        <line num="80" count="0" type="stmt"/>
        <line num="83" count="0" type="stmt"/>
        <line num="84" count="0" type="stmt"/>
        <line num="85" count="0" type="stmt"/>
        <line num="90" count="0" type="stmt"/>
        <line num="94" count="3" type="stmt"/>
        <line num="96" count="0" type="stmt"/>
        <line num="97" count="0" type="stmt"/>
        <line num="98" count="0" type="stmt"/>
        <line num="100" count="0" type="cond" truecount="0" falsecount="4"/>
        <line num="101" count="0" type="stmt"/>
        <line num="104" count="0" type="stmt"/>
        <line num="106" count="0" type="cond" truecount="0" falsecount="2"/>
        <line num="111" count="0" type="stmt"/>
        <line num="112" count="0" type="stmt"/>
        <line num="113" count="0" type="stmt"/>
        <line num="115" count="0" type="cond" truecount="0" falsecount="4"/>
        <line num="116" count="0" type="stmt"/>
        <line num="119" count="0" type="stmt"/>
        <line num="121" count="0" type="cond" truecount="0" falsecount="2"/>
        <line num="126" count="0" type="stmt"/>
        <line num="127" count="0" type="stmt"/>
        <line num="128" count="0" type="stmt"/>
        <line num="130" count="0" type="cond" truecount="0" falsecount="2"/>
        <line num="135" count="0" type="stmt"/>
        <line num="136" count="0" type="cond" truecount="0" falsecount="2"/>
        <line num="137" count="0" type="stmt"/>
        <line num="140" count="0" type="stmt"/>
        <line num="141" count="0" type="stmt"/>
        <line num="144" count="0" type="stmt"/>
        <line num="146" count="0" type="cond" truecount="0" falsecount="2"/>
        <line num="151" count="0" type="stmt"/>
        <line num="152" count="0" type="stmt"/>
        <line num="155" count="0" type="stmt"/>
        <line num="157" count="0" type="stmt"/>
      </file>
      <file name="content.ts" path="/Users/sanyamc/Developer/ShareWell/frontend/src/services/content.ts">
        <metrics statements="17" coveredstatements="1" conditionals="8" coveredconditionals="0" methods="4" coveredmethods="0"/>
        <line num="10" count="6" type="stmt"/>
        <line num="15" count="0" type="stmt"/>
        <line num="16" count="0" type="stmt"/>
        <line num="17" count="0" type="stmt"/>
        <line num="19" count="0" type="cond" truecount="0" falsecount="2"/>
        <line num="27" count="0" type="stmt"/>
        <line num="28" count="0" type="stmt"/>
        <line num="29" count="0" type="stmt"/>
        <line num="31" count="0" type="cond" truecount="0" falsecount="2"/>
        <line num="39" count="0" type="stmt"/>
        <line num="40" count="0" type="stmt"/>
        <line num="46" count="0" type="stmt"/>
        <line num="48" count="0" type="cond" truecount="0" falsecount="2"/>
        <line num="56" count="0" type="stmt"/>
        <line num="57" count="0" type="stmt"/>
        <line num="58" count="0" type="stmt"/>
        <line num="60" count="0" type="cond" truecount="0" falsecount="2"/>
      </file>
      <file name="image.ts" path="/Users/sanyamc/Developer/ShareWell/frontend/src/services/image.ts">
        <metrics statements="41" coveredstatements="0" conditionals="20" coveredconditionals="0" methods="9" coveredmethods="0"/>
        <line num="15" count="0" type="stmt"/>
        <line num="17" count="0" type="stmt"/>
        <line num="18" count="0" type="stmt"/>
        <line num="21" count="0" type="stmt"/>
        <line num="22" count="0" type="stmt"/>
        <line num="30" count="0" type="cond" truecount="0" falsecount="4"/>
        <line num="31" count="0" type="stmt"/>
        <line num="36" count="0" type="stmt"/>
        <line num="42" count="0" type="stmt"/>
        <line num="44" count="0" type="stmt"/>
        <line num="45" count="0" type="stmt"/>
        <line num="50" count="0" type="stmt"/>
        <line num="51" count="0" type="stmt"/>
        <line num="53" count="0" type="stmt"/>
        <line num="54" count="0" type="stmt"/>
        <line num="59" count="0" type="stmt"/>
        <line num="60" count="0" type="stmt"/>
        <line num="63" count="0" type="stmt"/>
        <line num="65" count="0" type="stmt"/>
        <line num="66" count="0" type="stmt"/>
        <line num="79" count="0" type="stmt"/>
        <line num="81" count="0" type="cond" truecount="0" falsecount="2"/>
        <line num="82" count="0" type="stmt"/>
        <line num="87" count="0" type="stmt"/>
        <line num="91" count="0" type="cond" truecount="0" falsecount="2"/>
        <line num="92" count="0" type="stmt"/>
        <line num="95" count="0" type="stmt"/>
        <line num="99" count="0" type="cond" truecount="0" falsecount="4"/>
        <line num="100" count="0" type="stmt"/>
        <line num="101" count="0" type="stmt"/>
        <line num="102" count="0" type="cond" truecount="0" falsecount="4"/>
        <line num="103" count="0" type="stmt"/>
        <line num="104" count="0" type="stmt"/>
        <line num="106" count="0" type="cond" truecount="0" falsecount="4"/>
        <line num="107" count="0" type="stmt"/>
        <line num="108" count="0" type="stmt"/>
        <line num="110" count="0" type="stmt"/>
        <line num="112" count="0" type="stmt"/>
        <line num="113" count="0" type="stmt"/>
        <line num="115" count="0" type="stmt"/>
        <line num="117" count="0" type="stmt"/>
      </file>
      <file name="platform.ts" path="/Users/sanyamc/Developer/ShareWell/frontend/src/services/platform.ts">
        <metrics statements="22" coveredstatements="1" conditionals="2" coveredconditionals="0" methods="10" coveredmethods="0"/>
        <line num="4" count="2" type="stmt"/>
        <line num="7" count="0" type="stmt"/>
        <line num="8" count="0" type="stmt"/>
        <line num="13" count="0" type="stmt"/>
        <line num="14" count="0" type="stmt"/>
        <line num="19" count="0" type="stmt"/>
        <line num="20" count="0" type="stmt"/>
        <line num="25" count="0" type="stmt"/>
        <line num="26" count="0" type="stmt"/>
        <line num="31" count="0" type="stmt"/>
        <line num="32" count="0" type="stmt"/>
        <line num="37" count="0" type="stmt"/>
        <line num="38" count="0" type="stmt"/>
        <line num="43" count="0" type="stmt"/>
        <line num="44" count="0" type="stmt"/>
        <line num="49" count="0" type="cond" truecount="0" falsecount="2"/>
        <line num="50" count="0" type="stmt"/>
        <line num="51" count="0" type="stmt"/>
        <line num="56" count="0" type="stmt"/>
        <line num="57" count="0" type="stmt"/>
        <line num="67" count="0" type="stmt"/>
        <line num="68" count="0" type="stmt"/>
      </file>
      <file name="post.ts" path="/Users/sanyamc/Developer/ShareWell/frontend/src/services/post.ts">
        <metrics statements="56" coveredstatements="1" conditionals="36" coveredconditionals="0" methods="13" coveredmethods="0"/>
        <line num="15" count="4" type="stmt"/>
        <line num="20" count="0" type="stmt"/>
        <line num="21" count="0" type="stmt"/>
        <line num="22" count="0" type="stmt"/>
        <line num="24" count="0" type="cond" truecount="0" falsecount="2"/>
        <line num="36" count="0" type="stmt"/>
        <line num="37" count="0" type="stmt"/>
        <line num="42" count="0" type="cond" truecount="0" falsecount="2"/>
        <line num="43" count="0" type="cond" truecount="0" falsecount="2"/>
        <line num="45" count="0" type="stmt"/>
        <line num="46" count="0" type="stmt"/>
        <line num="48" count="0" type="cond" truecount="0" falsecount="2"/>
        <line num="56" count="0" type="stmt"/>
        <line num="57" count="0" type="stmt"/>
        <line num="58" count="0" type="stmt"/>
        <line num="60" count="0" type="cond" truecount="0" falsecount="2"/>
        <line num="68" count="0" type="stmt"/>
        <line num="69" count="0" type="stmt"/>
        <line num="70" count="0" type="stmt"/>
        <line num="72" count="0" type="cond" truecount="0" falsecount="2"/>
        <line num="80" count="0" type="stmt"/>
        <line num="81" count="0" type="stmt"/>
        <line num="83" count="0" type="cond" truecount="0" falsecount="2"/>
        <line num="91" count="0" type="stmt"/>
        <line num="92" count="0" type="stmt"/>
        <line num="93" count="0" type="stmt"/>
        <line num="95" count="0" type="cond" truecount="0" falsecount="2"/>
        <line num="103" count="0" type="stmt"/>
        <line num="104" count="0" type="stmt"/>
        <line num="105" count="0" type="stmt"/>
        <line num="107" count="0" type="cond" truecount="0" falsecount="2"/>
        <line num="119" count="0" type="stmt"/>
        <line num="120" count="0" type="stmt"/>
        <line num="125" count="0" type="cond" truecount="0" falsecount="2"/>
        <line num="127" count="0" type="stmt"/>
        <line num="128" count="0" type="stmt"/>
        <line num="130" count="0" type="cond" truecount="0" falsecount="2"/>
        <line num="138" count="0" type="stmt"/>
        <line num="139" count="0" type="stmt"/>
        <line num="141" count="0" type="cond" truecount="0" falsecount="2"/>
        <line num="149" count="0" type="stmt"/>
        <line num="150" count="0" type="stmt"/>
        <line num="151" count="0" type="stmt"/>
        <line num="153" count="0" type="cond" truecount="0" falsecount="2"/>
        <line num="161" count="0" type="stmt"/>
        <line num="162" count="0" type="stmt"/>
        <line num="163" count="0" type="stmt"/>
        <line num="165" count="0" type="cond" truecount="0" falsecount="2"/>
        <line num="173" count="0" type="stmt"/>
        <line num="174" count="0" type="stmt"/>
        <line num="175" count="0" type="stmt"/>
        <line num="177" count="0" type="cond" truecount="0" falsecount="2"/>
        <line num="185" count="0" type="stmt"/>
        <line num="186" count="0" type="stmt"/>
        <line num="187" count="0" type="stmt"/>
        <line num="189" count="0" type="cond" truecount="0" falsecount="2"/>
      </file>
      <file name="preferences.ts" path="/Users/sanyamc/Developer/ShareWell/frontend/src/services/preferences.ts">
        <metrics statements="80" coveredstatements="2" conditionals="22" coveredconditionals="0" methods="21" coveredmethods="0"/>
        <line num="125" count="3" type="stmt"/>
        <line num="129" count="0" type="stmt"/>
        <line num="130" count="0" type="stmt"/>
        <line num="134" count="0" type="stmt"/>
        <line num="135" count="0" type="stmt"/>
        <line num="142" count="0" type="stmt"/>
        <line num="143" count="0" type="stmt"/>
        <line num="150" count="0" type="stmt"/>
        <line num="151" count="0" type="stmt"/>
        <line num="155" count="0" type="stmt"/>
        <line num="156" count="0" type="stmt"/>
        <line num="161" count="0" type="stmt"/>
        <line num="163" count="0" type="cond" truecount="0" falsecount="2"/>
        <line num="164" count="0" type="cond" truecount="0" falsecount="2"/>
        <line num="165" count="0" type="cond" truecount="0" falsecount="2"/>
        <line num="166" count="0" type="cond" truecount="0" falsecount="2"/>
        <line num="167" count="0" type="stmt"/>
        <line num="170" count="0" type="stmt"/>
        <line num="171" count="0" type="stmt"/>
        <line num="175" count="0" type="stmt"/>
        <line num="176" count="0" type="stmt"/>
        <line num="180" count="0" type="stmt"/>
        <line num="181" count="0" type="stmt"/>
        <line num="188" count="0" type="stmt"/>
        <line num="189" count="0" type="stmt"/>
        <line num="193" count="0" type="stmt"/>
        <line num="194" count="0" type="stmt"/>
        <line num="198" count="0" type="stmt"/>
        <line num="199" count="0" type="stmt"/>
        <line num="207" count="0" type="stmt"/>
        <line num="208" count="0" type="stmt"/>
        <line num="214" count="0" type="cond" truecount="0" falsecount="2"/>
        <line num="216" count="0" type="stmt"/>
        <line num="217" count="0" type="stmt"/>
        <line num="222" count="0" type="stmt"/>
        <line num="223" count="0" type="stmt"/>
        <line num="224" count="0" type="stmt"/>
        <line num="226" count="0" type="cond" truecount="0" falsecount="2"/>
        <line num="228" count="0" type="stmt"/>
        <line num="229" count="0" type="stmt"/>
        <line num="234" count="0" type="stmt"/>
        <line num="235" count="0" type="stmt"/>
        <line num="236" count="0" type="stmt"/>
        <line num="238" count="0" type="stmt"/>
        <line num="239" count="0" type="stmt"/>
        <line num="244" count="0" type="stmt"/>
        <line num="245" count="0" type="stmt"/>
        <line num="246" count="0" type="stmt"/>
        <line num="248" count="0" type="stmt"/>
        <line num="249" count="0" type="stmt"/>
        <line num="254" count="0" type="stmt"/>
        <line num="255" count="0" type="stmt"/>
        <line num="256" count="0" type="stmt"/>
        <line num="258" count="0" type="stmt"/>
        <line num="259" count="0" type="stmt"/>
        <line num="264" count="0" type="stmt"/>
        <line num="265" count="0" type="stmt"/>
        <line num="266" count="0" type="cond" truecount="0" falsecount="2"/>
        <line num="268" count="0" type="stmt"/>
        <line num="269" count="0" type="stmt"/>
        <line num="274" count="0" type="stmt"/>
        <line num="275" count="0" type="stmt"/>
        <line num="276" count="0" type="cond" truecount="0" falsecount="2"/>
        <line num="278" count="0" type="stmt"/>
        <line num="279" count="0" type="stmt"/>
        <line num="284" count="0" type="stmt"/>
        <line num="285" count="0" type="stmt"/>
        <line num="286" count="0" type="cond" truecount="0" falsecount="2"/>
        <line num="288" count="0" type="stmt"/>
        <line num="289" count="0" type="stmt"/>
        <line num="298" count="0" type="stmt"/>
        <line num="299" count="0" type="stmt"/>
        <line num="302" count="0" type="cond" truecount="0" falsecount="2"/>
        <line num="303" count="0" type="stmt"/>
        <line num="306" count="0" type="cond" truecount="0" falsecount="2"/>
        <line num="307" count="0" type="stmt"/>
        <line num="309" count="0" type="stmt"/>
        <line num="314" count="0" type="stmt"/>
        <line num="315" count="0" type="stmt"/>
        <line num="320" count="3" type="stmt"/>
      </file>
      <file name="product.ts" path="/Users/sanyamc/Developer/ShareWell/frontend/src/services/product.ts">
        <metrics statements="13" coveredstatements="0" conditionals="2" coveredconditionals="0" methods="7" coveredmethods="0"/>
        <line num="5" count="0" type="stmt"/>
        <line num="11" count="0" type="stmt"/>
        <line num="12" count="0" type="stmt"/>
        <line num="19" count="0" type="stmt"/>
        <line num="22" count="0" type="stmt"/>
        <line num="29" count="0" type="stmt"/>
        <line num="30" count="0" type="stmt"/>
        <line num="37" count="0" type="stmt"/>
        <line num="38" count="0" type="stmt"/>
        <line num="45" count="0" type="stmt"/>
        <line num="52" count="0" type="stmt"/>
        <line num="53" count="0" type="stmt"/>
        <line num="60" count="0" type="stmt"/>
      </file>
    </package>
    <package name="src.types">
      <metrics statements="1" coveredstatements="1" conditionals="0" coveredconditionals="0" methods="0" coveredmethods="0"/>
      <file name="analytics.ts" path="/Users/sanyamc/Developer/ShareWell/frontend/src/types/analytics.ts">
        <metrics statements="0" coveredstatements="0" conditionals="0" coveredconditionals="0" methods="0" coveredmethods="0"/>
      </file>
      <file name="auth.ts" path="/Users/sanyamc/Developer/ShareWell/frontend/src/types/auth.ts">
        <metrics statements="0" coveredstatements="0" conditionals="0" coveredconditionals="0" methods="0" coveredmethods="0"/>
      </file>
      <file name="content.ts" path="/Users/sanyamc/Developer/ShareWell/frontend/src/types/content.ts">
        <metrics statements="0" coveredstatements="0" conditionals="0" coveredconditionals="0" methods="0" coveredmethods="0"/>
      </file>
      <file name="image.ts" path="/Users/sanyamc/Developer/ShareWell/frontend/src/types/image.ts">
        <metrics statements="1" coveredstatements="1" conditionals="0" coveredconditionals="0" methods="0" coveredmethods="0"/>
        <line num="36" count="2" type="stmt"/>
      </file>
      <file name="platform.ts" path="/Users/sanyamc/Developer/ShareWell/frontend/src/types/platform.ts">
        <metrics statements="0" coveredstatements="0" conditionals="0" coveredconditionals="0" methods="0" coveredmethods="0"/>
      </file>
      <file name="post.ts" path="/Users/sanyamc/Developer/ShareWell/frontend/src/types/post.ts">
        <metrics statements="0" coveredstatements="0" conditionals="0" coveredconditionals="0" methods="0" coveredmethods="0"/>
      </file>
      <file name="product.ts" path="/Users/sanyamc/Developer/ShareWell/frontend/src/types/product.ts">
        <metrics statements="0" coveredstatements="0" conditionals="0" coveredconditionals="0" methods="0" coveredmethods="0"/>
      </file>
    </package>
    <package name="src.utils">
      <metrics statements="24" coveredstatements="3" conditionals="8" coveredconditionals="0" methods="4" coveredmethods="0"/>
      <file name="api.ts" path="/Users/sanyamc/Developer/ShareWell/frontend/src/utils/api.ts">
        <metrics statements="24" coveredstatements="3" conditionals="8" coveredconditionals="0" methods="4" coveredmethods="0"/>
        <line num="5" count="18" type="stmt"/>
        <line num="14" count="18" type="stmt"/>
        <line num="16" count="0" type="stmt"/>
        <line num="17" count="0" type="cond" truecount="0" falsecount="2"/>
        <line num="18" count="0" type="stmt"/>
        <line num="20" count="0" type="stmt"/>
        <line num="23" count="0" type="stmt"/>
        <line num="28" count="18" type="stmt"/>
        <line num="30" count="0" type="stmt"/>
        <line num="33" count="0" type="stmt"/>
        <line num="35" count="0" type="cond" truecount="0" falsecount="4"/>
        <line num="36" count="0" type="stmt"/>
        <line num="38" count="0" type="stmt"/>
        <line num="39" count="0" type="stmt"/>
        <line num="40" count="0" type="cond" truecount="0" falsecount="2"/>
        <line num="41" count="0" type="stmt"/>
        <line num="45" count="0" type="stmt"/>
        <line num="46" count="0" type="stmt"/>
        <line num="49" count="0" type="stmt"/>
        <line num="50" count="0" type="stmt"/>
        <line num="54" count="0" type="stmt"/>
        <line num="55" count="0" type="stmt"/>
        <line num="56" count="0" type="stmt"/>
        <line num="60" count="0" type="stmt"/>
      </file>
    </package>
  </project>
</coverage>
