{"/Users/sanyamc/Developer/ShareWell/frontend/src/App.tsx": {"path":"/Users/sanyamc/Developer/ShareWell/frontend/src/App.tsx","statementMap":{"0":{"start":{"line":9,"column":2},"end":{"line":28,"column":4}}},"fnMap":{"0":{"name":"App","decl":{"start":{"line":8,"column":9},"end":{"line":8,"column":12}},"loc":{"start":{"line":8,"column":15},"end":{"line":29,"column":1}},"line":8}},"branchMap":{},"s":{"0":2},"f":{"0":2},"b":{},"_coverageSchema":"1a1c01bbd47fc00a2c39e90264f33305004495a9","hash":"529bc0a16a9ded09b649fa0360f061ccd942a2db"}
,"/Users/sanyamc/Developer/ShareWell/frontend/src/components/analytics/AnalyticsDashboard.tsx": {"path":"/Users/sanyamc/Developer/ShareWell/frontend/src/components/analytics/AnalyticsDashboard.tsx","statementMap":{"0":{"start":{"line":20,"column":37},"end":{"line":240,"column":1}},"1":{"start":{"line":21,"column":36},"end":{"line":21,"column":77}},"2":{"start":{"line":22,"column":46},"end":{"line":22,"column":92}},"3":{"start":{"line":23,"column":32},"end":{"line":23,"column":46}},"4":{"start":{"line":24,"column":28},"end":{"line":24,"column":57}},"5":{"start":{"line":25,"column":54},"end":{"line":25,"column":76}},"6":{"start":{"line":27,"column":32},"end":{"line":34,"column":4}},"7":{"start":{"line":36,"column":29},"end":{"line":63,"column":15}},"8":{"start":{"line":37,"column":4},"end":{"line":62,"column":5}},"9":{"start":{"line":38,"column":6},"end":{"line":38,"column":23}},"10":{"start":{"line":39,"column":6},"end":{"line":39,"column":21}},"11":{"start":{"line":42,"column":24},"end":{"line":42,"column":62}},"12":{"start":{"line":43,"column":22},"end":{"line":43,"column":58}},"13":{"start":{"line":44,"column":19},"end":{"line":44,"column":95}},"14":{"start":{"line":47,"column":50},"end":{"line":54,"column":8}},"15":{"start":{"line":56,"column":6},"end":{"line":56,"column":34}},"16":{"start":{"line":57,"column":6},"end":{"line":57,"column":44}},"17":{"start":{"line":59,"column":6},"end":{"line":59,"column":63}},"18":{"start":{"line":61,"column":6},"end":{"line":61,"column":24}},"19":{"start":{"line":65,"column":34},"end":{"line":82,"column":3}},"20":{"start":{"line":66,"column":4},"end":{"line":81,"column":5}},"21":{"start":{"line":67,"column":52},"end":{"line":70,"column":8}},"22":{"start":{"line":73,"column":27},"end":{"line":76,"column":7}},"23":{"start":{"line":77,"column":30},"end":{"line":77,"column":63}},"24":{"start":{"line":78,"column":6},"end":{"line":78,"column":45}},"25":{"start":{"line":80,"column":6},"end":{"line":80,"column":65}},"26":{"start":{"line":84,"column":2},"end":{"line":86,"column":9}},"27":{"start":{"line":85,"column":4},"end":{"line":85,"column":30}},"28":{"start":{"line":88,"column":2},"end":{"line":90,"column":36}},"29":{"start":{"line":89,"column":4},"end":{"line":89,"column":25}},"30":{"start":{"line":92,"column":32},"end":{"line":100,"column":3}},"31":{"start":{"line":93,"column":4},"end":{"line":99,"column":8}},"32":{"start":{"line":93,"column":24},"end":{"line":99,"column":5}},"33":{"start":{"line":102,"column":37},"end":{"line":107,"column":3}},"34":{"start":{"line":103,"column":4},"end":{"line":106,"column":8}},"35":{"start":{"line":103,"column":24},"end":{"line":106,"column":5}},"36":{"start":{"line":109,"column":31},"end":{"line":114,"column":3}},"37":{"start":{"line":110,"column":4},"end":{"line":113,"column":8}},"38":{"start":{"line":110,"column":24},"end":{"line":113,"column":5}},"39":{"start":{"line":116,"column":24},"end":{"line":118,"column":3}},"40":{"start":{"line":117,"column":4},"end":{"line":117,"column":25}},"41":{"start":{"line":120,"column":2},"end":{"line":126,"column":3}},"42":{"start":{"line":121,"column":4},"end":{"line":125,"column":6}},"43":{"start":{"line":128,"column":2},"end":{"line":139,"column":3}},"44":{"start":{"line":129,"column":4},"end":{"line":138,"column":6}},"45":{"start":{"line":141,"column":2},"end":{"line":239,"column":4}},"46":{"start":{"line":185,"column":33},"end":{"line":185,"column":69}}},"fnMap":{"0":{"name":"(anonymous_0)","decl":{"start":{"line":20,"column":37},"end":{"line":20,"column":38}},"loc":{"start":{"line":20,"column":43},"end":{"line":240,"column":1}},"line":20},"1":{"name":"(anonymous_1)","decl":{"start":{"line":36,"column":41},"end":{"line":36,"column":42}},"loc":{"start":{"line":36,"column":53},"end":{"line":63,"column":3}},"line":36},"2":{"name":"(anonymous_2)","decl":{"start":{"line":65,"column":34},"end":{"line":65,"column":35}},"loc":{"start":{"line":65,"column":46},"end":{"line":82,"column":3}},"line":65},"3":{"name":"(anonymous_3)","decl":{"start":{"line":84,"column":12},"end":{"line":84,"column":13}},"loc":{"start":{"line":84,"column":18},"end":{"line":86,"column":3}},"line":84},"4":{"name":"(anonymous_4)","decl":{"start":{"line":88,"column":12},"end":{"line":88,"column":13}},"loc":{"start":{"line":88,"column":18},"end":{"line":90,"column":3}},"line":88},"5":{"name":"(anonymous_5)","decl":{"start":{"line":92,"column":32},"end":{"line":92,"column":33}},"loc":{"start":{"line":92,"column":68},"end":{"line":100,"column":3}},"line":92},"6":{"name":"(anonymous_6)","decl":{"start":{"line":93,"column":15},"end":{"line":93,"column":16}},"loc":{"start":{"line":93,"column":24},"end":{"line":99,"column":5}},"line":93},"7":{"name":"(anonymous_7)","decl":{"start":{"line":102,"column":37},"end":{"line":102,"column":38}},"loc":{"start":{"line":102,"column":62},"end":{"line":107,"column":3}},"line":102},"8":{"name":"(anonymous_8)","decl":{"start":{"line":103,"column":15},"end":{"line":103,"column":16}},"loc":{"start":{"line":103,"column":24},"end":{"line":106,"column":5}},"line":103},"9":{"name":"(anonymous_9)","decl":{"start":{"line":109,"column":31},"end":{"line":109,"column":32}},"loc":{"start":{"line":109,"column":53},"end":{"line":114,"column":3}},"line":109},"10":{"name":"(anonymous_10)","decl":{"start":{"line":110,"column":15},"end":{"line":110,"column":16}},"loc":{"start":{"line":110,"column":24},"end":{"line":113,"column":5}},"line":110},"11":{"name":"(anonymous_11)","decl":{"start":{"line":116,"column":24},"end":{"line":116,"column":25}},"loc":{"start":{"line":116,"column":30},"end":{"line":118,"column":3}},"line":116},"12":{"name":"(anonymous_12)","decl":{"start":{"line":185,"column":26},"end":{"line":185,"column":27}},"loc":{"start":{"line":185,"column":33},"end":{"line":185,"column":69}},"line":185}},"branchMap":{"0":{"loc":{"start":{"line":52,"column":10},"end":{"line":52,"column":70}},"type":"cond-expr","locations":[{"start":{"line":52,"column":41},"end":{"line":52,"column":58}},{"start":{"line":52,"column":61},"end":{"line":52,"column":70}}],"line":52},"1":{"loc":{"start":{"line":59,"column":15},"end":{"line":59,"column":61}},"type":"binary-expr","locations":[{"start":{"line":59,"column":15},"end":{"line":59,"column":26}},{"start":{"line":59,"column":30},"end":{"line":59,"column":61}}],"line":59},"2":{"loc":{"start":{"line":120,"column":2},"end":{"line":126,"column":3}},"type":"if","locations":[{"start":{"line":120,"column":2},"end":{"line":126,"column":3}},{"start":{},"end":{}}],"line":120},"3":{"loc":{"start":{"line":128,"column":2},"end":{"line":139,"column":3}},"type":"if","locations":[{"start":{"line":128,"column":2},"end":{"line":139,"column":3}},{"start":{},"end":{}}],"line":128},"4":{"loc":{"start":{"line":207,"column":18},"end":{"line":207,"column":46}},"type":"binary-expr","locations":[{"start":{"line":207,"column":18},"end":{"line":207,"column":40}},{"start":{"line":207,"column":44},"end":{"line":207,"column":46}}],"line":207},"5":{"loc":{"start":{"line":211,"column":18},"end":{"line":211,"column":56}},"type":"binary-expr","locations":[{"start":{"line":211,"column":18},"end":{"line":211,"column":50}},{"start":{"line":211,"column":54},"end":{"line":211,"column":56}}],"line":211},"6":{"loc":{"start":{"line":218,"column":23},"end":{"line":218,"column":58}},"type":"binary-expr","locations":[{"start":{"line":218,"column":23},"end":{"line":218,"column":52}},{"start":{"line":218,"column":56},"end":{"line":218,"column":58}}],"line":218},"7":{"loc":{"start":{"line":219,"column":28},"end":{"line":219,"column":72}},"type":"binary-expr","locations":[{"start":{"line":219,"column":28},"end":{"line":219,"column":66}},{"start":{"line":219,"column":70},"end":{"line":219,"column":72}}],"line":219},"8":{"loc":{"start":{"line":223,"column":23},"end":{"line":223,"column":83}},"type":"cond-expr","locations":[{"start":{"line":223,"column":54},"end":{"line":223,"column":71}},{"start":{"line":223,"column":74},"end":{"line":223,"column":83}}],"line":223},"9":{"loc":{"start":{"line":226,"column":22},"end":{"line":226,"column":51}},"type":"binary-expr","locations":[{"start":{"line":226,"column":22},"end":{"line":226,"column":45}},{"start":{"line":226,"column":49},"end":{"line":226,"column":51}}],"line":226},"10":{"loc":{"start":{"line":233,"column":23},"end":{"line":233,"column":52}},"type":"binary-expr","locations":[{"start":{"line":233,"column":23},"end":{"line":233,"column":46}},{"start":{"line":233,"column":50},"end":{"line":233,"column":52}}],"line":233},"11":{"loc":{"start":{"line":234,"column":20},"end":{"line":234,"column":62}},"type":"binary-expr","locations":[{"start":{"line":234,"column":20},"end":{"line":234,"column":56}},{"start":{"line":234,"column":60},"end":{"line":234,"column":62}}],"line":234}},"s":{"0":2,"1":24,"2":23,"3":23,"4":23,"5":23,"6":23,"7":23,"8":12,"9":12,"10":12,"11":12,"12":12,"13":12,"14":12,"15":11,"16":11,"17":1,"18":12,"19":23,"20":10,"21":10,"22":10,"23":10,"24":10,"25":0,"26":23,"27":10,"28":23,"29":11,"30":23,"31":0,"32":0,"33":23,"34":0,"35":0,"36":23,"37":1,"38":1,"39":23,"40":1,"41":23,"42":12,"43":11,"44":1,"45":10,"46":1},"f":{"0":24,"1":12,"2":10,"3":10,"4":11,"5":0,"6":0,"7":0,"8":0,"9":1,"10":1,"11":1,"12":1},"b":{"0":[0,12],"1":[1,0],"2":[12,11],"3":[1,10],"4":[10,0],"5":[10,0],"6":[10,0],"7":[10,0],"8":[0,10],"9":[10,0],"10":[10,0],"11":[10,0]},"_coverageSchema":"1a1c01bbd47fc00a2c39e90264f33305004495a9","hash":"1f35226f280c869eced5364b4546afe2a2c3fabc"}
,"/Users/sanyamc/Developer/ShareWell/frontend/src/components/analytics/DateRangeSelector.tsx": {"path":"/Users/sanyamc/Developer/ShareWell/frontend/src/components/analytics/DateRangeSelector.tsx","statementMap":{"0":{"start":{"line":10,"column":60},"end":{"line":168,"column":1}},"1":{"start":{"line":15,"column":34},"end":{"line":15,"column":49}},"2":{"start":{"line":16,"column":48},"end":{"line":16,"column":89}},"3":{"start":{"line":17,"column":44},"end":{"line":17,"column":83}},"4":{"start":{"line":19,"column":23},"end":{"line":68,"column":3}},"5":{"start":{"line":23,"column":23},"end":{"line":26,"column":7}},"6":{"start":{"line":31,"column":23},"end":{"line":34,"column":7}},"7":{"start":{"line":39,"column":23},"end":{"line":42,"column":7}},"8":{"start":{"line":47,"column":23},"end":{"line":50,"column":7}},"9":{"start":{"line":55,"column":23},"end":{"line":58,"column":7}},"10":{"start":{"line":63,"column":23},"end":{"line":66,"column":7}},"11":{"start":{"line":70,"column":29},"end":{"line":82,"column":3}},"12":{"start":{"line":71,"column":4},"end":{"line":74,"column":5}},"13":{"start":{"line":72,"column":6},"end":{"line":72,"column":24}},"14":{"start":{"line":73,"column":6},"end":{"line":73,"column":13}},"15":{"start":{"line":76,"column":4},"end":{"line":76,"column":23}},"16":{"start":{"line":77,"column":18},"end":{"line":77,"column":60}},"17":{"start":{"line":77,"column":41},"end":{"line":77,"column":59}},"18":{"start":{"line":78,"column":4},"end":{"line":81,"column":5}},"19":{"start":{"line":79,"column":29},"end":{"line":79,"column":45}},"20":{"start":{"line":80,"column":6},"end":{"line":80,"column":27}},"21":{"start":{"line":84,"column":33},"end":{"line":92,"column":3}},"22":{"start":{"line":85,"column":18},"end":{"line":85,"column":43}},"23":{"start":{"line":86,"column":16},"end":{"line":86,"column":39}},"24":{"start":{"line":88,"column":4},"end":{"line":91,"column":5}},"25":{"start":{"line":89,"column":6},"end":{"line":89,"column":27}},"26":{"start":{"line":90,"column":6},"end":{"line":90,"column":25}},"27":{"start":{"line":94,"column":27},"end":{"line":108,"column":3}},"28":{"start":{"line":95,"column":4},"end":{"line":107,"column":5}},"29":{"start":{"line":96,"column":27},"end":{"line":103,"column":8}},"30":{"start":{"line":97,"column":31},"end":{"line":97,"column":48}},"31":{"start":{"line":98,"column":8},"end":{"line":98,"column":67}},"32":{"start":{"line":98,"column":54},"end":{"line":98,"column":67}},"33":{"start":{"line":99,"column":8},"end":{"line":102,"column":10}},"34":{"start":{"line":104,"column":6},"end":{"line":104,"column":45}},"35":{"start":{"line":106,"column":6},"end":{"line":106,"column":22}},"36":{"start":{"line":110,"column":2},"end":{"line":167,"column":4}},"37":{"start":{"line":119,"column":27},"end":{"line":119,"column":61}},"38":{"start":{"line":123,"column":12},"end":{"line":125,"column":21}},"39":{"start":{"line":136,"column":29},"end":{"line":136,"column":63}},"40":{"start":{"line":143,"column":29},"end":{"line":143,"column":61}},"41":{"start":{"line":153,"column":27},"end":{"line":153,"column":45}}},"fnMap":{"0":{"name":"(anonymous_0)","decl":{"start":{"line":10,"column":60},"end":{"line":10,"column":61}},"loc":{"start":{"line":14,"column":6},"end":{"line":168,"column":1}},"line":14},"1":{"name":"(anonymous_1)","decl":{"start":{"line":23,"column":16},"end":{"line":23,"column":17}},"loc":{"start":{"line":23,"column":23},"end":{"line":26,"column":7}},"line":23},"2":{"name":"(anonymous_2)","decl":{"start":{"line":31,"column":16},"end":{"line":31,"column":17}},"loc":{"start":{"line":31,"column":23},"end":{"line":34,"column":7}},"line":31},"3":{"name":"(anonymous_3)","decl":{"start":{"line":39,"column":16},"end":{"line":39,"column":17}},"loc":{"start":{"line":39,"column":23},"end":{"line":42,"column":7}},"line":39},"4":{"name":"(anonymous_4)","decl":{"start":{"line":47,"column":16},"end":{"line":47,"column":17}},"loc":{"start":{"line":47,"column":23},"end":{"line":50,"column":7}},"line":47},"5":{"name":"(anonymous_5)","decl":{"start":{"line":55,"column":16},"end":{"line":55,"column":17}},"loc":{"start":{"line":55,"column":23},"end":{"line":58,"column":7}},"line":55},"6":{"name":"(anonymous_6)","decl":{"start":{"line":63,"column":16},"end":{"line":63,"column":17}},"loc":{"start":{"line":63,"column":23},"end":{"line":66,"column":7}},"line":63},"7":{"name":"(anonymous_7)","decl":{"start":{"line":70,"column":29},"end":{"line":70,"column":30}},"loc":{"start":{"line":70,"column":49},"end":{"line":82,"column":3}},"line":70},"8":{"name":"(anonymous_8)","decl":{"start":{"line":77,"column":36},"end":{"line":77,"column":37}},"loc":{"start":{"line":77,"column":41},"end":{"line":77,"column":59}},"line":77},"9":{"name":"(anonymous_9)","decl":{"start":{"line":84,"column":33},"end":{"line":84,"column":34}},"loc":{"start":{"line":84,"column":39},"end":{"line":92,"column":3}},"line":84},"10":{"name":"(anonymous_10)","decl":{"start":{"line":94,"column":27},"end":{"line":94,"column":28}},"loc":{"start":{"line":94,"column":33},"end":{"line":108,"column":3}},"line":94},"11":{"name":"(anonymous_11)","decl":{"start":{"line":96,"column":45},"end":{"line":96,"column":46}},"loc":{"start":{"line":96,"column":55},"end":{"line":103,"column":7}},"line":96},"12":{"name":"(anonymous_12)","decl":{"start":{"line":119,"column":20},"end":{"line":119,"column":21}},"loc":{"start":{"line":119,"column":27},"end":{"line":119,"column":61}},"line":119},"13":{"name":"(anonymous_13)","decl":{"start":{"line":122,"column":28},"end":{"line":122,"column":29}},"loc":{"start":{"line":123,"column":12},"end":{"line":125,"column":21}},"line":123},"14":{"name":"(anonymous_14)","decl":{"start":{"line":136,"column":22},"end":{"line":136,"column":23}},"loc":{"start":{"line":136,"column":29},"end":{"line":136,"column":63}},"line":136},"15":{"name":"(anonymous_15)","decl":{"start":{"line":143,"column":22},"end":{"line":143,"column":23}},"loc":{"start":{"line":143,"column":29},"end":{"line":143,"column":61}},"line":143},"16":{"name":"(anonymous_16)","decl":{"start":{"line":153,"column":21},"end":{"line":153,"column":22}},"loc":{"start":{"line":153,"column":27},"end":{"line":153,"column":45}},"line":153}},"branchMap":{"0":{"loc":{"start":{"line":71,"column":4},"end":{"line":74,"column":5}},"type":"if","locations":[{"start":{"line":71,"column":4},"end":{"line":74,"column":5}},{"start":{},"end":{}}],"line":71},"1":{"loc":{"start":{"line":78,"column":4},"end":{"line":81,"column":5}},"type":"if","locations":[{"start":{"line":78,"column":4},"end":{"line":81,"column":5}},{"start":{},"end":{}}],"line":78},"2":{"loc":{"start":{"line":88,"column":4},"end":{"line":91,"column":5}},"type":"if","locations":[{"start":{"line":88,"column":4},"end":{"line":91,"column":5}},{"start":{},"end":{}}],"line":88},"3":{"loc":{"start":{"line":98,"column":8},"end":{"line":98,"column":67}},"type":"if","locations":[{"start":{"line":98,"column":8},"end":{"line":98,"column":67}},{"start":{},"end":{}}],"line":98},"4":{"loc":{"start":{"line":98,"column":12},"end":{"line":98,"column":52}},"type":"binary-expr","locations":[{"start":{"line":98,"column":12},"end":{"line":98,"column":18}},{"start":{"line":98,"column":22},"end":{"line":98,"column":26}},{"start":{"line":98,"column":30},"end":{"line":98,"column":40}},{"start":{"line":98,"column":44},"end":{"line":98,"column":52}}],"line":98},"5":{"loc":{"start":{"line":100,"column":10},"end":{"line":101,"column":75}},"type":"binary-expr","locations":[{"start":{"line":100,"column":10},"end":{"line":100,"column":79}},{"start":{"line":101,"column":10},"end":{"line":101,"column":75}}],"line":100},"6":{"loc":{"start":{"line":104,"column":13},"end":{"line":104,"column":44}},"type":"binary-expr","locations":[{"start":{"line":104,"column":13},"end":{"line":104,"column":32}},{"start":{"line":104,"column":36},"end":{"line":104,"column":44}}],"line":104},"7":{"loc":{"start":{"line":118,"column":17},"end":{"line":118,"column":57}},"type":"cond-expr","locations":[{"start":{"line":118,"column":28},"end":{"line":118,"column":36}},{"start":{"line":118,"column":39},"end":{"line":118,"column":57}}],"line":118},"8":{"loc":{"start":{"line":131,"column":7},"end":{"line":159,"column":7}},"type":"binary-expr","locations":[{"start":{"line":131,"column":7},"end":{"line":131,"column":15}},{"start":{"line":132,"column":8},"end":{"line":158,"column":14}}],"line":131},"9":{"loc":{"start":{"line":161,"column":7},"end":{"line":165,"column":7}},"type":"binary-expr","locations":[{"start":{"line":161,"column":7},"end":{"line":161,"column":16}},{"start":{"line":162,"column":8},"end":{"line":164,"column":14}}],"line":161}},"s":{"0":3,"1":19,"2":19,"3":19,"4":19,"5":19,"6":19,"7":19,"8":19,"9":9,"10":9,"11":19,"12":0,"13":0,"14":0,"15":0,"16":0,"17":0,"18":0,"19":0,"20":0,"21":19,"22":0,"23":0,"24":0,"25":0,"26":0,"27":19,"28":19,"29":19,"30":94,"31":84,"32":84,"33":0,"34":9,"35":10,"36":19,"37":0,"38":114,"39":0,"40":0,"41":0},"f":{"0":19,"1":19,"2":19,"3":19,"4":19,"5":9,"6":9,"7":0,"8":0,"9":0,"10":19,"11":94,"12":0,"13":114,"14":0,"15":0,"16":0},"b":{"0":[0,0],"1":[0,0],"2":[0,0],"3":[84,0],"4":[84,0,0,0],"5":[0,0],"6":[9,9],"7":[0,19],"8":[19,0],"9":[19,19]},"_coverageSchema":"1a1c01bbd47fc00a2c39e90264f33305004495a9","hash":"6593ebcf82d74ccac9c0764f9c366817ca722913"}
,"/Users/sanyamc/Developer/ShareWell/frontend/src/components/analytics/EngagementChart.tsx": {"path":"/Users/sanyamc/Developer/ShareWell/frontend/src/components/analytics/EngagementChart.tsx","statementMap":{"0":{"start":{"line":17,"column":0},"end":{"line":26,"column":2}},"1":{"start":{"line":32,"column":56},"end":{"line":244,"column":1}},"2":{"start":{"line":33,"column":36},"end":{"line":33,"column":74}},"3":{"start":{"line":34,"column":30},"end":{"line":34,"column":102}},"4":{"start":{"line":36,"column":23},"end":{"line":44,"column":3}},"5":{"start":{"line":37,"column":4},"end":{"line":39,"column":5}},"6":{"start":{"line":38,"column":6},"end":{"line":38,"column":46}},"7":{"start":{"line":40,"column":4},"end":{"line":42,"column":5}},"8":{"start":{"line":41,"column":6},"end":{"line":41,"column":43}},"9":{"start":{"line":43,"column":4},"end":{"line":43,"column":26}},"10":{"start":{"line":46,"column":23},"end":{"line":120,"column":3}},"11":{"start":{"line":47,"column":19},"end":{"line":53,"column":6}},"12":{"start":{"line":48,"column":6},"end":{"line":52,"column":7}},"13":{"start":{"line":49,"column":8},"end":{"line":49,"column":53}},"14":{"start":{"line":51,"column":8},"end":{"line":51,"column":25}},"15":{"start":{"line":55,"column":4},"end":{"line":119,"column":5}},"16":{"start":{"line":56,"column":6},"end":{"line":96,"column":8}},"17":{"start":{"line":61,"column":35},"end":{"line":61,"column":45}},"18":{"start":{"line":70,"column":35},"end":{"line":70,"column":46}},"19":{"start":{"line":79,"column":35},"end":{"line":79,"column":48}},"20":{"start":{"line":88,"column":35},"end":{"line":88,"column":45}},"21":{"start":{"line":98,"column":21},"end":{"line":103,"column":7}},"22":{"start":{"line":105,"column":6},"end":{"line":118,"column":8}},"23":{"start":{"line":110,"column":35},"end":{"line":110,"column":86}},"24":{"start":{"line":122,"column":18},"end":{"line":178,"column":3}},"25":{"start":{"line":140,"column":26},"end":{"line":140,"column":53}},"26":{"start":{"line":141,"column":26},"end":{"line":141,"column":42}},"27":{"start":{"line":142,"column":12},"end":{"line":142,"column":54}},"28":{"start":{"line":170,"column":12},"end":{"line":170,"column":39}},"29":{"start":{"line":180,"column":25},"end":{"line":180,"column":58}},"30":{"start":{"line":182,"column":2},"end":{"line":199,"column":3}},"31":{"start":{"line":183,"column":4},"end":{"line":198,"column":6}},"32":{"start":{"line":201,"column":2},"end":{"line":243,"column":4}},"33":{"start":{"line":208,"column":29},"end":{"line":208,"column":61}},"34":{"start":{"line":218,"column":27},"end":{"line":218,"column":47}},"35":{"start":{"line":228,"column":27},"end":{"line":228,"column":46}}},"fnMap":{"0":{"name":"(anonymous_0)","decl":{"start":{"line":32,"column":56},"end":{"line":32,"column":57}},"loc":{"start":{"line":32,"column":70},"end":{"line":244,"column":1}},"line":32},"1":{"name":"(anonymous_1)","decl":{"start":{"line":36,"column":23},"end":{"line":36,"column":24}},"loc":{"start":{"line":36,"column":40},"end":{"line":44,"column":3}},"line":36},"2":{"name":"(anonymous_2)","decl":{"start":{"line":46,"column":23},"end":{"line":46,"column":24}},"loc":{"start":{"line":46,"column":29},"end":{"line":120,"column":3}},"line":46},"3":{"name":"(anonymous_3)","decl":{"start":{"line":47,"column":28},"end":{"line":47,"column":29}},"loc":{"start":{"line":47,"column":36},"end":{"line":53,"column":5}},"line":47},"4":{"name":"(anonymous_4)","decl":{"start":{"line":61,"column":27},"end":{"line":61,"column":28}},"loc":{"start":{"line":61,"column":35},"end":{"line":61,"column":45}},"line":61},"5":{"name":"(anonymous_5)","decl":{"start":{"line":70,"column":27},"end":{"line":70,"column":28}},"loc":{"start":{"line":70,"column":35},"end":{"line":70,"column":46}},"line":70},"6":{"name":"(anonymous_6)","decl":{"start":{"line":79,"column":27},"end":{"line":79,"column":28}},"loc":{"start":{"line":79,"column":35},"end":{"line":79,"column":48}},"line":79},"7":{"name":"(anonymous_7)","decl":{"start":{"line":88,"column":27},"end":{"line":88,"column":28}},"loc":{"start":{"line":88,"column":35},"end":{"line":88,"column":45}},"line":88},"8":{"name":"(anonymous_8)","decl":{"start":{"line":110,"column":27},"end":{"line":110,"column":28}},"loc":{"start":{"line":110,"column":35},"end":{"line":110,"column":86}},"line":110},"9":{"name":"(anonymous_9)","decl":{"start":{"line":139,"column":17},"end":{"line":139,"column":18}},"loc":{"start":{"line":139,"column":40},"end":{"line":143,"column":11}},"line":139},"10":{"name":"(anonymous_10)","decl":{"start":{"line":169,"column":20},"end":{"line":169,"column":21}},"loc":{"start":{"line":169,"column":41},"end":{"line":171,"column":11}},"line":169},"11":{"name":"(anonymous_11)","decl":{"start":{"line":208,"column":22},"end":{"line":208,"column":23}},"loc":{"start":{"line":208,"column":29},"end":{"line":208,"column":61}},"line":208},"12":{"name":"(anonymous_12)","decl":{"start":{"line":218,"column":21},"end":{"line":218,"column":22}},"loc":{"start":{"line":218,"column":27},"end":{"line":218,"column":47}},"line":218},"13":{"name":"(anonymous_13)","decl":{"start":{"line":228,"column":21},"end":{"line":228,"column":22}},"loc":{"start":{"line":228,"column":27},"end":{"line":228,"column":46}},"line":228}},"branchMap":{"0":{"loc":{"start":{"line":37,"column":4},"end":{"line":39,"column":5}},"type":"if","locations":[{"start":{"line":37,"column":4},"end":{"line":39,"column":5}},{"start":{},"end":{}}],"line":37},"1":{"loc":{"start":{"line":40,"column":4},"end":{"line":42,"column":5}},"type":"if","locations":[{"start":{"line":40,"column":4},"end":{"line":42,"column":5}},{"start":{},"end":{}}],"line":40},"2":{"loc":{"start":{"line":55,"column":4},"end":{"line":119,"column":5}},"type":"if","locations":[{"start":{"line":55,"column":4},"end":{"line":119,"column":5}},{"start":{"line":97,"column":11},"end":{"line":119,"column":5}}],"line":55},"3":{"loc":{"start":{"line":140,"column":26},"end":{"line":140,"column":53}},"type":"binary-expr","locations":[{"start":{"line":140,"column":26},"end":{"line":140,"column":47}},{"start":{"line":140,"column":51},"end":{"line":140,"column":53}}],"line":140},"4":{"loc":{"start":{"line":180,"column":25},"end":{"line":180,"column":58}},"type":"cond-expr","locations":[{"start":{"line":180,"column":48},"end":{"line":180,"column":52}},{"start":{"line":180,"column":55},"end":{"line":180,"column":58}}],"line":180},"5":{"loc":{"start":{"line":182,"column":2},"end":{"line":199,"column":3}},"type":"if","locations":[{"start":{"line":182,"column":2},"end":{"line":199,"column":3}},{"start":{},"end":{}}],"line":182},"6":{"loc":{"start":{"line":220,"column":14},"end":{"line":222,"column":63}},"type":"cond-expr","locations":[{"start":{"line":221,"column":18},"end":{"line":221,"column":49}},{"start":{"line":222,"column":18},"end":{"line":222,"column":63}}],"line":220},"7":{"loc":{"start":{"line":230,"column":14},"end":{"line":232,"column":63}},"type":"cond-expr","locations":[{"start":{"line":231,"column":18},"end":{"line":231,"column":49}},{"start":{"line":232,"column":18},"end":{"line":232,"column":63}}],"line":230}},"s":{"0":2,"1":2,"2":10,"3":10,"4":10,"5":0,"6":0,"7":0,"8":0,"9":0,"10":10,"11":10,"12":10,"13":10,"14":10,"15":10,"16":10,"17":10,"18":10,"19":10,"20":10,"21":0,"22":0,"23":0,"24":10,"25":0,"26":0,"27":0,"28":0,"29":10,"30":10,"31":0,"32":10,"33":0,"34":0,"35":0},"f":{"0":10,"1":0,"2":10,"3":10,"4":10,"5":10,"6":10,"7":10,"8":0,"9":0,"10":0,"11":0,"12":0,"13":0},"b":{"0":[0,0],"1":[0,0],"2":[10,0],"3":[0,0],"4":[10,0],"5":[0,10],"6":[10,0],"7":[0,10]},"_coverageSchema":"1a1c01bbd47fc00a2c39e90264f33305004495a9","hash":"5feb83b6edecd21d12e10962f2a9b9adf3ec2007"}
,"/Users/sanyamc/Developer/ShareWell/frontend/src/components/analytics/KPICards.tsx": {"path":"/Users/sanyamc/Developer/ShareWell/frontend/src/components/analytics/KPICards.tsx","statementMap":{"0":{"start":{"line":21,"column":40},"end":{"line":77,"column":1}},"1":{"start":{"line":22,"column":25},"end":{"line":31,"column":3}},"2":{"start":{"line":23,"column":4},"end":{"line":30,"column":5}},"3":{"start":{"line":25,"column":8},"end":{"line":25,"column":32}},"4":{"start":{"line":27,"column":8},"end":{"line":27,"column":30}},"5":{"start":{"line":29,"column":8},"end":{"line":29,"column":31}},"6":{"start":{"line":33,"column":24},"end":{"line":54,"column":3}},"7":{"start":{"line":34,"column":4},"end":{"line":53,"column":5}},"8":{"start":{"line":36,"column":8},"end":{"line":40,"column":10}},"9":{"start":{"line":42,"column":8},"end":{"line":46,"column":10}},"10":{"start":{"line":48,"column":8},"end":{"line":52,"column":10}},"11":{"start":{"line":56,"column":2},"end":{"line":76,"column":4}},"12":{"start":{"line":79,"column":42},"end":{"line":182,"column":1}},"13":{"start":{"line":80,"column":25},"end":{"line":87,"column":3}},"14":{"start":{"line":81,"column":4},"end":{"line":86,"column":22}},"15":{"start":{"line":89,"column":23},"end":{"line":97,"column":3}},"16":{"start":{"line":90,"column":4},"end":{"line":92,"column":5}},"17":{"start":{"line":91,"column":6},"end":{"line":91,"column":46}},"18":{"start":{"line":93,"column":4},"end":{"line":95,"column":5}},"19":{"start":{"line":94,"column":6},"end":{"line":94,"column":43}},"20":{"start":{"line":96,"column":4},"end":{"line":96,"column":26}},"21":{"start":{"line":99,"column":15},"end":{"line":167,"column":3}},"22":{"start":{"line":169,"column":2},"end":{"line":181,"column":4}},"23":{"start":{"line":172,"column":8},"end":{"line":178,"column":10}}},"fnMap":{"0":{"name":"(anonymous_0)","decl":{"start":{"line":21,"column":40},"end":{"line":21,"column":41}},"loc":{"start":{"line":21,"column":83},"end":{"line":77,"column":1}},"line":21},"1":{"name":"(anonymous_1)","decl":{"start":{"line":22,"column":25},"end":{"line":22,"column":26}},"loc":{"start":{"line":22,"column":72},"end":{"line":31,"column":3}},"line":22},"2":{"name":"(anonymous_2)","decl":{"start":{"line":33,"column":24},"end":{"line":33,"column":25}},"loc":{"start":{"line":33,"column":71},"end":{"line":54,"column":3}},"line":33},"3":{"name":"(anonymous_3)","decl":{"start":{"line":79,"column":42},"end":{"line":79,"column":43}},"loc":{"start":{"line":79,"column":87},"end":{"line":182,"column":1}},"line":79},"4":{"name":"(anonymous_4)","decl":{"start":{"line":80,"column":25},"end":{"line":80,"column":26}},"loc":{"start":{"line":80,"column":45},"end":{"line":87,"column":3}},"line":80},"5":{"name":"(anonymous_5)","decl":{"start":{"line":89,"column":23},"end":{"line":89,"column":24}},"loc":{"start":{"line":89,"column":40},"end":{"line":97,"column":3}},"line":89},"6":{"name":"(anonymous_6)","decl":{"start":{"line":171,"column":16},"end":{"line":171,"column":17}},"loc":{"start":{"line":172,"column":8},"end":{"line":178,"column":10}},"line":172}},"branchMap":{"0":{"loc":{"start":{"line":23,"column":4},"end":{"line":30,"column":5}},"type":"switch","locations":[{"start":{"line":24,"column":6},"end":{"line":25,"column":32}},{"start":{"line":26,"column":6},"end":{"line":27,"column":30}},{"start":{"line":28,"column":6},"end":{"line":29,"column":31}}],"line":23},"1":{"loc":{"start":{"line":34,"column":4},"end":{"line":53,"column":5}},"type":"switch","locations":[{"start":{"line":35,"column":6},"end":{"line":40,"column":10}},{"start":{"line":41,"column":6},"end":{"line":46,"column":10}},{"start":{"line":47,"column":6},"end":{"line":52,"column":10}}],"line":34},"2":{"loc":{"start":{"line":65,"column":11},"end":{"line":72,"column":11}},"type":"binary-expr","locations":[{"start":{"line":65,"column":11},"end":{"line":65,"column":17}},{"start":{"line":66,"column":12},"end":{"line":71,"column":18}}],"line":65},"3":{"loc":{"start":{"line":90,"column":4},"end":{"line":92,"column":5}},"type":"if","locations":[{"start":{"line":90,"column":4},"end":{"line":92,"column":5}},{"start":{},"end":{}}],"line":90},"4":{"loc":{"start":{"line":93,"column":4},"end":{"line":95,"column":5}},"type":"if","locations":[{"start":{"line":93,"column":4},"end":{"line":95,"column":5}},{"start":{},"end":{}}],"line":93},"5":{"loc":{"start":{"line":102,"column":13},"end":{"line":102,"column":100}},"type":"cond-expr","locations":[{"start":{"line":102,"column":25},"end":{"line":102,"column":80}},{"start":{"line":102,"column":83},"end":{"line":102,"column":100}}],"line":102},"6":{"loc":{"start":{"line":112,"column":13},"end":{"line":112,"column":86}},"type":"cond-expr","locations":[{"start":{"line":112,"column":25},"end":{"line":112,"column":80}},{"start":{"line":112,"column":83},"end":{"line":112,"column":86}}],"line":112},"7":{"loc":{"start":{"line":122,"column":13},"end":{"line":122,"column":106}},"type":"cond-expr","locations":[{"start":{"line":122,"column":25},"end":{"line":122,"column":86}},{"start":{"line":122,"column":89},"end":{"line":122,"column":106}}],"line":122},"8":{"loc":{"start":{"line":132,"column":13},"end":{"line":136,"column":13}},"type":"cond-expr","locations":[{"start":{"line":132,"column":30},"end":{"line":136,"column":7}},{"start":{"line":136,"column":10},"end":{"line":136,"column":13}}],"line":132},"9":{"loc":{"start":{"line":146,"column":13},"end":{"line":146,"column":76}},"type":"cond-expr","locations":[{"start":{"line":146,"column":30},"end":{"line":146,"column":70}},{"start":{"line":146,"column":73},"end":{"line":146,"column":76}}],"line":146},"10":{"loc":{"start":{"line":157,"column":13},"end":{"line":159,"column":14}},"type":"cond-expr","locations":[{"start":{"line":158,"column":10},"end":{"line":158,"column":65}},{"start":{"line":159,"column":10},"end":{"line":159,"column":14}}],"line":157}},"s":{"0":3,"1":120,"2":0,"3":0,"4":0,"5":0,"6":120,"7":0,"8":0,"9":0,"10":0,"11":120,"12":3,"13":20,"14":40,"15":20,"16":38,"17":2,"18":36,"19":34,"20":2,"21":20,"22":20,"23":120},"f":{"0":120,"1":0,"2":0,"3":20,"4":40,"5":38,"6":120},"b":{"0":[0,0,0],"1":[0,0,0],"2":[120,0],"3":[2,36],"4":[34,2],"5":[19,1],"6":[19,1],"7":[19,1],"8":[19,1],"9":[19,1],"10":[18,2]},"_coverageSchema":"1a1c01bbd47fc00a2c39e90264f33305004495a9","hash":"30300ae8a50502dc02c022d18c51e3c429681a55"}
,"/Users/sanyamc/Developer/ShareWell/frontend/src/components/analytics/PlatformBreakdown.tsx": {"path":"/Users/sanyamc/Developer/ShareWell/frontend/src/components/analytics/PlatformBreakdown.tsx","statementMap":{"0":{"start":{"line":9,"column":0},"end":{"line":9,"column":113}},"1":{"start":{"line":20,"column":60},"end":{"line":696,"column":1}},"2":{"start":{"line":28,"column":36},"end":{"line":28,"column":101}},"3":{"start":{"line":29,"column":48},"end":{"line":29,"column":90}},"4":{"start":{"line":30,"column":40},"end":{"line":30,"column":76}},"5":{"start":{"line":31,"column":40},"end":{"line":31,"column":75}},"6":{"start":{"line":32,"column":32},"end":{"line":32,"column":47}},"7":{"start":{"line":33,"column":28},"end":{"line":33,"column":57}},"8":{"start":{"line":35,"column":2},"end":{"line":39,"column":59}},"9":{"start":{"line":36,"column":4},"end":{"line":38,"column":5}},"10":{"start":{"line":37,"column":6},"end":{"line":37,"column":29}},"11":{"start":{"line":41,"column":31},"end":{"line":60,"column":3}},"12":{"start":{"line":42,"column":4},"end":{"line":42,"column":21}},"13":{"start":{"line":43,"column":4},"end":{"line":43,"column":19}},"14":{"start":{"line":45,"column":4},"end":{"line":59,"column":5}},"15":{"start":{"line":46,"column":70},"end":{"line":50,"column":8}},"16":{"start":{"line":52,"column":6},"end":{"line":52,"column":62}},"17":{"start":{"line":53,"column":6},"end":{"line":53,"column":57}},"18":{"start":{"line":54,"column":6},"end":{"line":54,"column":53}},"19":{"start":{"line":56,"column":6},"end":{"line":56,"column":66}},"20":{"start":{"line":58,"column":6},"end":{"line":58,"column":24}},"21":{"start":{"line":62,"column":25},"end":{"line":69,"column":3}},"22":{"start":{"line":63,"column":4},"end":{"line":68,"column":22}},"23":{"start":{"line":71,"column":23},"end":{"line":79,"column":3}},"24":{"start":{"line":72,"column":4},"end":{"line":74,"column":5}},"25":{"start":{"line":73,"column":6},"end":{"line":73,"column":46}},"26":{"start":{"line":75,"column":4},"end":{"line":77,"column":5}},"27":{"start":{"line":76,"column":6},"end":{"line":76,"column":43}},"28":{"start":{"line":78,"column":4},"end":{"line":78,"column":26}},"29":{"start":{"line":81,"column":29},"end":{"line":86,"column":3}},"30":{"start":{"line":82,"column":4},"end":{"line":85,"column":17}},"31":{"start":{"line":84,"column":19},"end":{"line":84,"column":63}},"32":{"start":{"line":88,"column":25},"end":{"line":99,"column":3}},"33":{"start":{"line":101,"column":28},"end":{"line":115,"column":3}},"34":{"start":{"line":102,"column":4},"end":{"line":102,"column":44}},"35":{"start":{"line":102,"column":32},"end":{"line":102,"column":44}},"36":{"start":{"line":104,"column":4},"end":{"line":114,"column":6}},"37":{"start":{"line":105,"column":36},"end":{"line":105,"column":69}},"38":{"start":{"line":108,"column":38},"end":{"line":108,"column":56}},"39":{"start":{"line":117,"column":33},"end":{"line":135,"column":3}},"40":{"start":{"line":118,"column":4},"end":{"line":118,"column":49}},"41":{"start":{"line":118,"column":37},"end":{"line":118,"column":49}},"42":{"start":{"line":120,"column":28},"end":{"line":122,"column":5}},"43":{"start":{"line":121,"column":6},"end":{"line":121,"column":46}},"44":{"start":{"line":124,"column":4},"end":{"line":134,"column":6}},"45":{"start":{"line":125,"column":41},"end":{"line":125,"column":74}},"46":{"start":{"line":137,"column":23},"end":{"line":163,"column":3}},"47":{"start":{"line":151,"column":26},"end":{"line":151,"column":45}},"48":{"start":{"line":152,"column":26},"end":{"line":152,"column":40}},"49":{"start":{"line":154,"column":12},"end":{"line":158,"column":13}},"50":{"start":{"line":155,"column":14},"end":{"line":155,"column":58}},"51":{"start":{"line":157,"column":14},"end":{"line":157,"column":69}},"52":{"start":{"line":165,"column":27},"end":{"line":214,"column":3}},"53":{"start":{"line":166,"column":4},"end":{"line":213,"column":10}},"54":{"start":{"line":187,"column":14},"end":{"line":208,"column":19}},"55":{"start":{"line":216,"column":32},"end":{"line":271,"column":3}},"56":{"start":{"line":217,"column":4},"end":{"line":270,"column":10}},"57":{"start":{"line":241,"column":14},"end":{"line":265,"column":19}},"58":{"start":{"line":273,"column":35},"end":{"line":278,"column":3}},"59":{"start":{"line":274,"column":4},"end":{"line":274,"column":58}},"60":{"start":{"line":274,"column":21},"end":{"line":274,"column":58}},"61":{"start":{"line":275,"column":4},"end":{"line":275,"column":60}},"62":{"start":{"line":275,"column":21},"end":{"line":275,"column":60}},"63":{"start":{"line":276,"column":4},"end":{"line":276,"column":60}},"64":{"start":{"line":276,"column":21},"end":{"line":276,"column":60}},"65":{"start":{"line":277,"column":4},"end":{"line":277,"column":37}},"66":{"start":{"line":280,"column":23},"end":{"line":301,"column":3}},"67":{"start":{"line":281,"column":4},"end":{"line":300,"column":5}},"68":{"start":{"line":283,"column":8},"end":{"line":287,"column":10}},"69":{"start":{"line":289,"column":8},"end":{"line":293,"column":10}},"70":{"start":{"line":295,"column":8},"end":{"line":299,"column":10}},"71":{"start":{"line":303,"column":30},"end":{"line":311,"column":3}},"72":{"start":{"line":304,"column":4},"end":{"line":310,"column":5}},"73":{"start":{"line":305,"column":24},"end":{"line":305,"column":61}},"74":{"start":{"line":306,"column":19},"end":{"line":306,"column":54}},"75":{"start":{"line":307,"column":22},"end":{"line":307,"column":61}},"76":{"start":{"line":308,"column":19},"end":{"line":308,"column":52}},"77":{"start":{"line":309,"column":15},"end":{"line":309,"column":50}},"78":{"start":{"line":313,"column":36},"end":{"line":446,"column":3}},"79":{"start":{"line":314,"column":4},"end":{"line":445,"column":10}},"80":{"start":{"line":322,"column":49},"end":{"line":322,"column":79}},"81":{"start":{"line":326,"column":51},"end":{"line":326,"column":70}},"82":{"start":{"line":333,"column":51},"end":{"line":333,"column":81}},"83":{"start":{"line":372,"column":10},"end":{"line":409,"column":16}},"84":{"start":{"line":429,"column":16},"end":{"line":439,"column":21}},"85":{"start":{"line":448,"column":28},"end":{"line":566,"column":3}},"86":{"start":{"line":449,"column":4},"end":{"line":565,"column":10}},"87":{"start":{"line":457,"column":47},"end":{"line":457,"column":79}},"88":{"start":{"line":461,"column":49},"end":{"line":461,"column":67}},"89":{"start":{"line":463,"column":22},"end":{"line":463,"column":86}},"90":{"start":{"line":463,"column":53},"end":{"line":463,"column":86}},"91":{"start":{"line":464,"column":22},"end":{"line":464,"column":86}},"92":{"start":{"line":464,"column":53},"end":{"line":464,"column":86}},"93":{"start":{"line":465,"column":22},"end":{"line":465,"column":85}},"94":{"start":{"line":465,"column":52},"end":{"line":465,"column":85}},"95":{"start":{"line":466,"column":22},"end":{"line":466,"column":54}},"96":{"start":{"line":469,"column":22},"end":{"line":469,"column":84}},"97":{"start":{"line":469,"column":53},"end":{"line":469,"column":84}},"98":{"start":{"line":470,"column":22},"end":{"line":470,"column":84}},"99":{"start":{"line":470,"column":53},"end":{"line":470,"column":84}},"100":{"start":{"line":471,"column":22},"end":{"line":471,"column":83}},"101":{"start":{"line":471,"column":52},"end":{"line":471,"column":83}},"102":{"start":{"line":472,"column":22},"end":{"line":472,"column":52}},"103":{"start":{"line":491,"column":24},"end":{"line":491,"column":70}},"104":{"start":{"line":509,"column":10},"end":{"line":562,"column":16}},"105":{"start":{"line":553,"column":22},"end":{"line":556,"column":27}},"106":{"start":{"line":568,"column":25},"end":{"line":568,"column":44}},"107":{"start":{"line":569,"column":30},"end":{"line":569,"column":54}},"108":{"start":{"line":571,"column":2},"end":{"line":695,"column":4}},"109":{"start":{"line":577,"column":27},"end":{"line":577,"column":48}},"110":{"start":{"line":587,"column":27},"end":{"line":587,"column":53}},"111":{"start":{"line":597,"column":27},"end":{"line":597,"column":54}},"112":{"start":{"line":607,"column":27},"end":{"line":607,"column":46}}},"fnMap":{"0":{"name":"(anonymous_0)","decl":{"start":{"line":20,"column":60},"end":{"line":20,"column":61}},"loc":{"start":{"line":27,"column":6},"end":{"line":696,"column":1}},"line":27},"1":{"name":"(anonymous_1)","decl":{"start":{"line":35,"column":12},"end":{"line":35,"column":13}},"loc":{"start":{"line":35,"column":18},"end":{"line":39,"column":3}},"line":35},"2":{"name":"(anonymous_2)","decl":{"start":{"line":41,"column":31},"end":{"line":41,"column":32}},"loc":{"start":{"line":41,"column":43},"end":{"line":60,"column":3}},"line":41},"3":{"name":"(anonymous_3)","decl":{"start":{"line":62,"column":25},"end":{"line":62,"column":26}},"loc":{"start":{"line":62,"column":45},"end":{"line":69,"column":3}},"line":62},"4":{"name":"(anonymous_4)","decl":{"start":{"line":71,"column":23},"end":{"line":71,"column":24}},"loc":{"start":{"line":71,"column":40},"end":{"line":79,"column":3}},"line":71},"5":{"name":"(anonymous_5)","decl":{"start":{"line":81,"column":29},"end":{"line":81,"column":30}},"loc":{"start":{"line":81,"column":51},"end":{"line":86,"column":3}},"line":81},"6":{"name":"(anonymous_6)","decl":{"start":{"line":84,"column":11},"end":{"line":84,"column":12}},"loc":{"start":{"line":84,"column":19},"end":{"line":84,"column":63}},"line":84},"7":{"name":"(anonymous_7)","decl":{"start":{"line":101,"column":28},"end":{"line":101,"column":29}},"loc":{"start":{"line":101,"column":34},"end":{"line":115,"column":3}},"line":101},"8":{"name":"(anonymous_8)","decl":{"start":{"line":105,"column":28},"end":{"line":105,"column":29}},"loc":{"start":{"line":105,"column":36},"end":{"line":105,"column":69}},"line":105},"9":{"name":"(anonymous_9)","decl":{"start":{"line":108,"column":30},"end":{"line":108,"column":31}},"loc":{"start":{"line":108,"column":38},"end":{"line":108,"column":56}},"line":108},"10":{"name":"(anonymous_10)","decl":{"start":{"line":117,"column":33},"end":{"line":117,"column":34}},"loc":{"start":{"line":117,"column":39},"end":{"line":135,"column":3}},"line":117},"11":{"name":"(anonymous_11)","decl":{"start":{"line":120,"column":47},"end":{"line":120,"column":48}},"loc":{"start":{"line":121,"column":6},"end":{"line":121,"column":46}},"line":121},"12":{"name":"(anonymous_12)","decl":{"start":{"line":125,"column":33},"end":{"line":125,"column":34}},"loc":{"start":{"line":125,"column":41},"end":{"line":125,"column":74}},"line":125},"13":{"name":"(anonymous_13)","decl":{"start":{"line":150,"column":17},"end":{"line":150,"column":18}},"loc":{"start":{"line":150,"column":40},"end":{"line":159,"column":11}},"line":150},"14":{"name":"(anonymous_14)","decl":{"start":{"line":165,"column":27},"end":{"line":165,"column":28}},"loc":{"start":{"line":166,"column":4},"end":{"line":213,"column":10}},"line":166},"15":{"name":"(anonymous_15)","decl":{"start":{"line":186,"column":27},"end":{"line":186,"column":28}},"loc":{"start":{"line":187,"column":14},"end":{"line":208,"column":19}},"line":187},"16":{"name":"(anonymous_16)","decl":{"start":{"line":216,"column":32},"end":{"line":216,"column":33}},"loc":{"start":{"line":217,"column":4},"end":{"line":270,"column":10}},"line":217},"17":{"name":"(anonymous_17)","decl":{"start":{"line":240,"column":32},"end":{"line":240,"column":33}},"loc":{"start":{"line":241,"column":14},"end":{"line":265,"column":19}},"line":241},"18":{"name":"(anonymous_18)","decl":{"start":{"line":273,"column":35},"end":{"line":273,"column":36}},"loc":{"start":{"line":273,"column":54},"end":{"line":278,"column":3}},"line":273},"19":{"name":"(anonymous_19)","decl":{"start":{"line":280,"column":23},"end":{"line":280,"column":24}},"loc":{"start":{"line":280,"column":64},"end":{"line":301,"column":3}},"line":280},"20":{"name":"(anonymous_20)","decl":{"start":{"line":303,"column":30},"end":{"line":303,"column":31}},"loc":{"start":{"line":303,"column":52},"end":{"line":311,"column":3}},"line":303},"21":{"name":"(anonymous_21)","decl":{"start":{"line":313,"column":36},"end":{"line":313,"column":37}},"loc":{"start":{"line":314,"column":4},"end":{"line":445,"column":10}},"line":314},"22":{"name":"(anonymous_22)","decl":{"start":{"line":322,"column":44},"end":{"line":322,"column":45}},"loc":{"start":{"line":322,"column":49},"end":{"line":322,"column":79}},"line":322},"23":{"name":"(anonymous_23)","decl":{"start":{"line":326,"column":46},"end":{"line":326,"column":47}},"loc":{"start":{"line":326,"column":51},"end":{"line":326,"column":70}},"line":326},"24":{"name":"(anonymous_24)","decl":{"start":{"line":333,"column":46},"end":{"line":333,"column":47}},"loc":{"start":{"line":333,"column":51},"end":{"line":333,"column":81}},"line":333},"25":{"name":"(anonymous_25)","decl":{"start":{"line":371,"column":29},"end":{"line":371,"column":30}},"loc":{"start":{"line":372,"column":10},"end":{"line":409,"column":16}},"line":372},"26":{"name":"(anonymous_26)","decl":{"start":{"line":428,"column":43},"end":{"line":428,"column":44}},"loc":{"start":{"line":429,"column":16},"end":{"line":439,"column":21}},"line":429},"27":{"name":"(anonymous_27)","decl":{"start":{"line":448,"column":28},"end":{"line":448,"column":29}},"loc":{"start":{"line":449,"column":4},"end":{"line":565,"column":10}},"line":449},"28":{"name":"(anonymous_28)","decl":{"start":{"line":457,"column":40},"end":{"line":457,"column":41}},"loc":{"start":{"line":457,"column":47},"end":{"line":457,"column":79}},"line":457},"29":{"name":"(anonymous_29)","decl":{"start":{"line":461,"column":42},"end":{"line":461,"column":43}},"loc":{"start":{"line":461,"column":49},"end":{"line":461,"column":67}},"line":461},"30":{"name":"(anonymous_30)","decl":{"start":{"line":462,"column":53},"end":{"line":462,"column":54}},"loc":{"start":{"line":462,"column":60},"end":{"line":467,"column":21}},"line":462},"31":{"name":"(anonymous_31)","decl":{"start":{"line":468,"column":49},"end":{"line":468,"column":50}},"loc":{"start":{"line":468,"column":56},"end":{"line":473,"column":21}},"line":468},"32":{"name":"(anonymous_32)","decl":{"start":{"line":490,"column":29},"end":{"line":490,"column":30}},"loc":{"start":{"line":490,"column":52},"end":{"line":492,"column":23}},"line":490},"33":{"name":"(anonymous_33)","decl":{"start":{"line":508,"column":25},"end":{"line":508,"column":26}},"loc":{"start":{"line":509,"column":10},"end":{"line":562,"column":16}},"line":509},"34":{"name":"(anonymous_34)","decl":{"start":{"line":552,"column":57},"end":{"line":552,"column":58}},"loc":{"start":{"line":553,"column":22},"end":{"line":556,"column":27}},"line":553},"35":{"name":"(anonymous_35)","decl":{"start":{"line":577,"column":21},"end":{"line":577,"column":22}},"loc":{"start":{"line":577,"column":27},"end":{"line":577,"column":48}},"line":577},"36":{"name":"(anonymous_36)","decl":{"start":{"line":587,"column":21},"end":{"line":587,"column":22}},"loc":{"start":{"line":587,"column":27},"end":{"line":587,"column":53}},"line":587},"37":{"name":"(anonymous_37)","decl":{"start":{"line":597,"column":21},"end":{"line":597,"column":22}},"loc":{"start":{"line":597,"column":27},"end":{"line":597,"column":54}},"line":597},"38":{"name":"(anonymous_38)","decl":{"start":{"line":607,"column":21},"end":{"line":607,"column":22}},"loc":{"start":{"line":607,"column":27},"end":{"line":607,"column":46}},"line":607}},"branchMap":{"0":{"loc":{"start":{"line":36,"column":4},"end":{"line":38,"column":5}},"type":"if","locations":[{"start":{"line":36,"column":4},"end":{"line":38,"column":5}},{"start":{},"end":{}}],"line":36},"1":{"loc":{"start":{"line":36,"column":8},"end":{"line":36,"column":58}},"type":"binary-expr","locations":[{"start":{"line":36,"column":8},"end":{"line":36,"column":35}},{"start":{"line":36,"column":39},"end":{"line":36,"column":58}}],"line":36},"2":{"loc":{"start":{"line":52,"column":25},"end":{"line":52,"column":60}},"type":"binary-expr","locations":[{"start":{"line":52,"column":25},"end":{"line":52,"column":54}},{"start":{"line":52,"column":58},"end":{"line":52,"column":60}}],"line":52},"3":{"loc":{"start":{"line":53,"column":21},"end":{"line":53,"column":55}},"type":"binary-expr","locations":[{"start":{"line":53,"column":21},"end":{"line":53,"column":49}},{"start":{"line":53,"column":53},"end":{"line":53,"column":55}}],"line":53},"4":{"loc":{"start":{"line":54,"column":21},"end":{"line":54,"column":51}},"type":"binary-expr","locations":[{"start":{"line":54,"column":21},"end":{"line":54,"column":45}},{"start":{"line":54,"column":49},"end":{"line":54,"column":51}}],"line":54},"5":{"loc":{"start":{"line":56,"column":15},"end":{"line":56,"column":64}},"type":"binary-expr","locations":[{"start":{"line":56,"column":15},"end":{"line":56,"column":26}},{"start":{"line":56,"column":30},"end":{"line":56,"column":64}}],"line":56},"6":{"loc":{"start":{"line":72,"column":4},"end":{"line":74,"column":5}},"type":"if","locations":[{"start":{"line":72,"column":4},"end":{"line":74,"column":5}},{"start":{},"end":{}}],"line":72},"7":{"loc":{"start":{"line":75,"column":4},"end":{"line":77,"column":5}},"type":"if","locations":[{"start":{"line":75,"column":4},"end":{"line":77,"column":5}},{"start":{},"end":{}}],"line":75},"8":{"loc":{"start":{"line":102,"column":4},"end":{"line":102,"column":44}},"type":"if","locations":[{"start":{"line":102,"column":4},"end":{"line":102,"column":44}},{"start":{},"end":{}}],"line":102},"9":{"loc":{"start":{"line":118,"column":4},"end":{"line":118,"column":49}},"type":"if","locations":[{"start":{"line":118,"column":4},"end":{"line":118,"column":49}},{"start":{},"end":{}}],"line":118},"10":{"loc":{"start":{"line":151,"column":26},"end":{"line":151,"column":45}},"type":"binary-expr","locations":[{"start":{"line":151,"column":26},"end":{"line":151,"column":39}},{"start":{"line":151,"column":43},"end":{"line":151,"column":45}}],"line":151},"11":{"loc":{"start":{"line":154,"column":12},"end":{"line":158,"column":13}},"type":"if","locations":[{"start":{"line":154,"column":12},"end":{"line":158,"column":13}},{"start":{"line":156,"column":19},"end":{"line":158,"column":13}}],"line":154},"12":{"loc":{"start":{"line":274,"column":4},"end":{"line":274,"column":58}},"type":"if","locations":[{"start":{"line":274,"column":4},"end":{"line":274,"column":58}},{"start":{},"end":{}}],"line":274},"13":{"loc":{"start":{"line":275,"column":4},"end":{"line":275,"column":60}},"type":"if","locations":[{"start":{"line":275,"column":4},"end":{"line":275,"column":60}},{"start":{},"end":{}}],"line":275},"14":{"loc":{"start":{"line":276,"column":4},"end":{"line":276,"column":60}},"type":"if","locations":[{"start":{"line":276,"column":4},"end":{"line":276,"column":60}},{"start":{},"end":{}}],"line":276},"15":{"loc":{"start":{"line":281,"column":4},"end":{"line":300,"column":5}},"type":"switch","locations":[{"start":{"line":282,"column":6},"end":{"line":287,"column":10}},{"start":{"line":288,"column":6},"end":{"line":293,"column":10}},{"start":{"line":294,"column":6},"end":{"line":299,"column":10}}],"line":281},"16":{"loc":{"start":{"line":304,"column":4},"end":{"line":310,"column":5}},"type":"switch","locations":[{"start":{"line":305,"column":6},"end":{"line":305,"column":61}},{"start":{"line":306,"column":6},"end":{"line":306,"column":54}},{"start":{"line":307,"column":6},"end":{"line":307,"column":61}},{"start":{"line":308,"column":6},"end":{"line":308,"column":52}},{"start":{"line":309,"column":6},"end":{"line":309,"column":50}}],"line":304},"17":{"loc":{"start":{"line":318,"column":9},"end":{"line":366,"column":9}},"type":"cond-expr","locations":[{"start":{"line":319,"column":10},"end":{"line":361,"column":16}},{"start":{"line":363,"column":10},"end":{"line":365,"column":16}}],"line":318},"18":{"loc":{"start":{"line":453,"column":9},"end":{"line":503,"column":9}},"type":"cond-expr","locations":[{"start":{"line":454,"column":10},"end":{"line":498,"column":16}},{"start":{"line":500,"column":10},"end":{"line":502,"column":16}}],"line":453},"19":{"loc":{"start":{"line":463,"column":22},"end":{"line":463,"column":86}},"type":"if","locations":[{"start":{"line":463,"column":22},"end":{"line":463,"column":86}},{"start":{},"end":{}}],"line":463},"20":{"loc":{"start":{"line":464,"column":22},"end":{"line":464,"column":86}},"type":"if","locations":[{"start":{"line":464,"column":22},"end":{"line":464,"column":86}},{"start":{},"end":{}}],"line":464},"21":{"loc":{"start":{"line":465,"column":22},"end":{"line":465,"column":85}},"type":"if","locations":[{"start":{"line":465,"column":22},"end":{"line":465,"column":85}},{"start":{},"end":{}}],"line":465},"22":{"loc":{"start":{"line":469,"column":22},"end":{"line":469,"column":84}},"type":"if","locations":[{"start":{"line":469,"column":22},"end":{"line":469,"column":84}},{"start":{},"end":{}}],"line":469},"23":{"loc":{"start":{"line":470,"column":22},"end":{"line":470,"column":84}},"type":"if","locations":[{"start":{"line":470,"column":22},"end":{"line":470,"column":84}},{"start":{},"end":{}}],"line":470},"24":{"loc":{"start":{"line":471,"column":22},"end":{"line":471,"column":83}},"type":"if","locations":[{"start":{"line":471,"column":22},"end":{"line":471,"column":83}},{"start":{},"end":{}}],"line":471},"25":{"loc":{"start":{"line":528,"column":54},"end":{"line":528,"column":162}},"type":"cond-expr","locations":[{"start":{"line":528,"column":82},"end":{"line":528,"column":98}},{"start":{"line":528,"column":101},"end":{"line":528,"column":162}}],"line":528},"26":{"loc":{"start":{"line":528,"column":101},"end":{"line":528,"column":162}},"type":"cond-expr","locations":[{"start":{"line":528,"column":128},"end":{"line":528,"column":145}},{"start":{"line":528,"column":148},"end":{"line":528,"column":162}}],"line":528},"27":{"loc":{"start":{"line":548,"column":15},"end":{"line":560,"column":15}},"type":"binary-expr","locations":[{"start":{"line":548,"column":15},"end":{"line":548,"column":45}},{"start":{"line":549,"column":16},"end":{"line":559,"column":22}}],"line":548},"28":{"loc":{"start":{"line":579,"column":14},"end":{"line":581,"column":53}},"type":"cond-expr","locations":[{"start":{"line":580,"column":18},"end":{"line":580,"column":52}},{"start":{"line":581,"column":18},"end":{"line":581,"column":53}}],"line":579},"29":{"loc":{"start":{"line":589,"column":14},"end":{"line":591,"column":53}},"type":"cond-expr","locations":[{"start":{"line":590,"column":18},"end":{"line":590,"column":52}},{"start":{"line":591,"column":18},"end":{"line":591,"column":53}}],"line":589},"30":{"loc":{"start":{"line":599,"column":14},"end":{"line":601,"column":53}},"type":"cond-expr","locations":[{"start":{"line":600,"column":18},"end":{"line":600,"column":52}},{"start":{"line":601,"column":18},"end":{"line":601,"column":53}}],"line":599},"31":{"loc":{"start":{"line":609,"column":14},"end":{"line":611,"column":53}},"type":"cond-expr","locations":[{"start":{"line":610,"column":18},"end":{"line":610,"column":52}},{"start":{"line":611,"column":18},"end":{"line":611,"column":53}}],"line":609},"32":{"loc":{"start":{"line":619,"column":7},"end":{"line":639,"column":7}},"type":"binary-expr","locations":[{"start":{"line":619,"column":7},"end":{"line":619,"column":28}},{"start":{"line":620,"column":8},"end":{"line":638,"column":11}}],"line":619},"33":{"loc":{"start":{"line":621,"column":11},"end":{"line":637,"column":11}},"type":"cond-expr","locations":[{"start":{"line":622,"column":12},"end":{"line":627,"column":15}},{"start":{"line":629,"column":12},"end":{"line":636,"column":18}}],"line":621},"34":{"loc":{"start":{"line":641,"column":7},"end":{"line":661,"column":7}},"type":"binary-expr","locations":[{"start":{"line":641,"column":7},"end":{"line":641,"column":33}},{"start":{"line":642,"column":8},"end":{"line":660,"column":11}}],"line":641},"35":{"loc":{"start":{"line":643,"column":11},"end":{"line":659,"column":11}},"type":"cond-expr","locations":[{"start":{"line":644,"column":12},"end":{"line":649,"column":15}},{"start":{"line":651,"column":12},"end":{"line":658,"column":18}}],"line":643},"36":{"loc":{"start":{"line":663,"column":7},"end":{"line":677,"column":7}},"type":"binary-expr","locations":[{"start":{"line":663,"column":7},"end":{"line":663,"column":34}},{"start":{"line":664,"column":8},"end":{"line":676,"column":11}}],"line":663},"37":{"loc":{"start":{"line":665,"column":11},"end":{"line":675,"column":11}},"type":"cond-expr","locations":[{"start":{"line":666,"column":12},"end":{"line":668,"column":18}},{"start":{"line":669,"column":14},"end":{"line":675,"column":11}}],"line":665},"38":{"loc":{"start":{"line":669,"column":14},"end":{"line":675,"column":11}},"type":"cond-expr","locations":[{"start":{"line":670,"column":12},"end":{"line":672,"column":18}},{"start":{"line":674,"column":12},"end":{"line":674,"column":39}}],"line":669},"39":{"loc":{"start":{"line":679,"column":7},"end":{"line":693,"column":7}},"type":"binary-expr","locations":[{"start":{"line":679,"column":7},"end":{"line":679,"column":26}},{"start":{"line":680,"column":8},"end":{"line":692,"column":11}}],"line":679},"40":{"loc":{"start":{"line":681,"column":11},"end":{"line":691,"column":11}},"type":"cond-expr","locations":[{"start":{"line":682,"column":12},"end":{"line":684,"column":18}},{"start":{"line":685,"column":14},"end":{"line":691,"column":11}}],"line":681},"41":{"loc":{"start":{"line":685,"column":14},"end":{"line":691,"column":11}},"type":"cond-expr","locations":[{"start":{"line":686,"column":12},"end":{"line":688,"column":18}},{"start":{"line":690,"column":12},"end":{"line":690,"column":31}}],"line":685}},"s":{"0":3,"1":3,"2":50,"3":50,"4":50,"5":50,"6":50,"7":50,"8":50,"9":35,"10":9,"11":50,"12":9,"13":9,"14":9,"15":9,"16":8,"17":8,"18":8,"19":1,"20":9,"21":50,"22":88,"23":50,"24":16,"25":0,"26":16,"27":4,"28":12,"29":50,"30":230,"31":232,"32":50,"33":50,"34":50,"35":1,"36":49,"37":87,"38":87,"39":50,"40":50,"41":1,"42":49,"43":88,"44":49,"45":88,"46":50,"47":0,"48":0,"49":0,"50":0,"51":0,"52":50,"53":23,"54":35,"55":50,"56":2,"57":4,"58":50,"59":8,"60":8,"61":0,"62":0,"63":0,"64":0,"65":0,"66":50,"67":4,"68":4,"69":0,"70":0,"71":50,"72":2,"73":2,"74":0,"75":0,"76":0,"77":0,"78":50,"79":10,"80":4,"81":4,"82":4,"83":4,"84":4,"85":50,"86":4,"87":2,"88":2,"89":2,"90":2,"91":0,"92":0,"93":0,"94":0,"95":0,"96":2,"97":2,"98":0,"99":0,"100":0,"101":0,"102":0,"103":0,"104":2,"105":4,"106":50,"107":50,"108":50,"109":0,"110":2,"111":6,"112":2},"f":{"0":50,"1":35,"2":9,"3":88,"4":16,"5":230,"6":232,"7":50,"8":87,"9":87,"10":50,"11":88,"12":88,"13":0,"14":23,"15":35,"16":2,"17":4,"18":8,"19":4,"20":2,"21":10,"22":4,"23":4,"24":4,"25":4,"26":4,"27":4,"28":2,"29":2,"30":2,"31":2,"32":0,"33":2,"34":4,"35":0,"36":2,"37":6,"38":2},"b":{"0":[9,26],"1":[35,28],"2":[8,0],"3":[8,0],"4":[8,0],"5":[1,0],"6":[0,16],"7":[4,12],"8":[1,49],"9":[1,49],"10":[0,0],"11":[0,0],"12":[8,0],"13":[0,0],"14":[0,0],"15":[4,0,0],"16":[2,0,0,0,0],"17":[4,6],"18":[2,2],"19":[2,0],"20":[0,0],"21":[0,0],"22":[2,0],"23":[0,0],"24":[0,0],"25":[2,0],"26":[0,0],"27":[2,2],"28":[24,26],"29":[2,48],"30":[18,32],"31":[6,44],"32":[50,24],"33":[23,1],"34":[50,2],"35":[2,0],"36":[50,18],"37":[7,11],"38":[1,10],"39":[50,6],"40":[2,4],"41":[0,4]},"_coverageSchema":"1a1c01bbd47fc00a2c39e90264f33305004495a9","hash":"270f7776e763acf76b9eebae81f9bcbd784328bc"}
,"/Users/sanyamc/Developer/ShareWell/frontend/src/components/analytics/PlatformFilter.tsx": {"path":"/Users/sanyamc/Developer/ShareWell/frontend/src/components/analytics/PlatformFilter.tsx","statementMap":{"0":{"start":{"line":9,"column":54},"end":{"line":141,"column":1}},"1":{"start":{"line":14,"column":30},"end":{"line":14,"column":45}},"2":{"start":{"line":16,"column":31},"end":{"line":22,"column":3}},"3":{"start":{"line":17,"column":25},"end":{"line":19,"column":40}},"4":{"start":{"line":18,"column":38},"end":{"line":18,"column":52}},"5":{"start":{"line":21,"column":4},"end":{"line":21,"column":27}},"6":{"start":{"line":24,"column":26},"end":{"line":26,"column":3}},"7":{"start":{"line":25,"column":4},"end":{"line":25,"column":33}},"8":{"start":{"line":28,"column":25},"end":{"line":30,"column":3}},"9":{"start":{"line":29,"column":4},"end":{"line":29,"column":17}},"10":{"start":{"line":32,"column":29},"end":{"line":37,"column":3}},"11":{"start":{"line":33,"column":4},"end":{"line":36,"column":17}},"12":{"start":{"line":35,"column":19},"end":{"line":35,"column":63}},"13":{"start":{"line":39,"column":25},"end":{"line":50,"column":3}},"14":{"start":{"line":40,"column":4},"end":{"line":42,"column":5}},"15":{"start":{"line":41,"column":6},"end":{"line":41,"column":29}},"16":{"start":{"line":43,"column":4},"end":{"line":45,"column":5}},"17":{"start":{"line":44,"column":6},"end":{"line":44,"column":54}},"18":{"start":{"line":46,"column":4},"end":{"line":48,"column":5}},"19":{"start":{"line":47,"column":6},"end":{"line":47,"column":29}},"20":{"start":{"line":49,"column":4},"end":{"line":49,"column":51}},"21":{"start":{"line":52,"column":2},"end":{"line":140,"column":4}},"22":{"start":{"line":61,"column":27},"end":{"line":61,"column":45}},"23":{"start":{"line":103,"column":16},"end":{"line":119,"column":22}},"24":{"start":{"line":106,"column":33},"end":{"line":106,"column":63}},"25":{"start":{"line":112,"column":38},"end":{"line":112,"column":68}},"26":{"start":{"line":136,"column":25},"end":{"line":136,"column":41}}},"fnMap":{"0":{"name":"(anonymous_0)","decl":{"start":{"line":9,"column":54},"end":{"line":9,"column":55}},"loc":{"start":{"line":13,"column":6},"end":{"line":141,"column":1}},"line":13},"1":{"name":"(anonymous_1)","decl":{"start":{"line":16,"column":31},"end":{"line":16,"column":32}},"loc":{"start":{"line":16,"column":53},"end":{"line":22,"column":3}},"line":16},"2":{"name":"(anonymous_2)","decl":{"start":{"line":18,"column":33},"end":{"line":18,"column":34}},"loc":{"start":{"line":18,"column":38},"end":{"line":18,"column":52}},"line":18},"3":{"name":"(anonymous_3)","decl":{"start":{"line":24,"column":26},"end":{"line":24,"column":27}},"loc":{"start":{"line":24,"column":32},"end":{"line":26,"column":3}},"line":24},"4":{"name":"(anonymous_4)","decl":{"start":{"line":28,"column":25},"end":{"line":28,"column":26}},"loc":{"start":{"line":28,"column":31},"end":{"line":30,"column":3}},"line":28},"5":{"name":"(anonymous_5)","decl":{"start":{"line":32,"column":29},"end":{"line":32,"column":30}},"loc":{"start":{"line":32,"column":51},"end":{"line":37,"column":3}},"line":32},"6":{"name":"(anonymous_6)","decl":{"start":{"line":35,"column":11},"end":{"line":35,"column":12}},"loc":{"start":{"line":35,"column":19},"end":{"line":35,"column":63}},"line":35},"7":{"name":"(anonymous_7)","decl":{"start":{"line":39,"column":25},"end":{"line":39,"column":26}},"loc":{"start":{"line":39,"column":31},"end":{"line":50,"column":3}},"line":39},"8":{"name":"(anonymous_8)","decl":{"start":{"line":61,"column":21},"end":{"line":61,"column":22}},"loc":{"start":{"line":61,"column":27},"end":{"line":61,"column":45}},"line":61},"9":{"name":"(anonymous_9)","decl":{"start":{"line":102,"column":38},"end":{"line":102,"column":39}},"loc":{"start":{"line":103,"column":16},"end":{"line":119,"column":22}},"line":103},"10":{"name":"(anonymous_10)","decl":{"start":{"line":106,"column":27},"end":{"line":106,"column":28}},"loc":{"start":{"line":106,"column":33},"end":{"line":106,"column":63}},"line":106},"11":{"name":"(anonymous_11)","decl":{"start":{"line":112,"column":32},"end":{"line":112,"column":33}},"loc":{"start":{"line":112,"column":38},"end":{"line":112,"column":68}},"line":112},"12":{"name":"(anonymous_12)","decl":{"start":{"line":136,"column":19},"end":{"line":136,"column":20}},"loc":{"start":{"line":136,"column":25},"end":{"line":136,"column":41}},"line":136}},"branchMap":{"0":{"loc":{"start":{"line":17,"column":25},"end":{"line":19,"column":40}},"type":"cond-expr","locations":[{"start":{"line":18,"column":8},"end":{"line":18,"column":53}},{"start":{"line":19,"column":8},"end":{"line":19,"column":40}}],"line":17},"1":{"loc":{"start":{"line":40,"column":4},"end":{"line":42,"column":5}},"type":"if","locations":[{"start":{"line":40,"column":4},"end":{"line":42,"column":5}},{"start":{},"end":{}}],"line":40},"2":{"loc":{"start":{"line":43,"column":4},"end":{"line":45,"column":5}},"type":"if","locations":[{"start":{"line":43,"column":4},"end":{"line":45,"column":5}},{"start":{},"end":{}}],"line":43},"3":{"loc":{"start":{"line":46,"column":4},"end":{"line":48,"column":5}},"type":"if","locations":[{"start":{"line":46,"column":4},"end":{"line":48,"column":5}},{"start":{},"end":{}}],"line":46},"4":{"loc":{"start":{"line":68,"column":18},"end":{"line":68,"column":44}},"type":"cond-expr","locations":[{"start":{"line":68,"column":27},"end":{"line":68,"column":39}},{"start":{"line":68,"column":42},"end":{"line":68,"column":44}}],"line":68},"5":{"loc":{"start":{"line":79,"column":11},"end":{"line":128,"column":11}},"type":"binary-expr","locations":[{"start":{"line":79,"column":11},"end":{"line":79,"column":17}},{"start":{"line":80,"column":12},"end":{"line":127,"column":18}}],"line":79},"6":{"loc":{"start":{"line":122,"column":15},"end":{"line":126,"column":15}},"type":"binary-expr","locations":[{"start":{"line":122,"column":15},"end":{"line":122,"column":46}},{"start":{"line":123,"column":16},"end":{"line":125,"column":22}}],"line":122},"7":{"loc":{"start":{"line":133,"column":7},"end":{"line":138,"column":7}},"type":"binary-expr","locations":[{"start":{"line":133,"column":7},"end":{"line":133,"column":13}},{"start":{"line":134,"column":8},"end":{"line":137,"column":10}}],"line":133}},"s":{"0":3,"1":35,"2":35,"3":1,"4":0,"5":1,"6":35,"7":1,"8":35,"9":1,"10":35,"11":40,"12":41,"13":35,"14":35,"15":26,"16":9,"17":3,"18":6,"19":3,"20":3,"21":35,"22":11,"23":37,"24":1,"25":0,"26":0},"f":{"0":35,"1":1,"2":0,"3":1,"4":1,"5":40,"6":41,"7":35,"8":11,"9":37,"10":1,"11":0,"12":0},"b":{"0":[0,1],"1":[26,9],"2":[3,6],"3":[3,3],"4":[11,24],"5":[35,11],"6":[11,1],"7":[35,11]},"_coverageSchema":"1a1c01bbd47fc00a2c39e90264f33305004495a9","hash":"3962688b3a0afb2adecf86895a55fb1d63880bd2"}
,"/Users/sanyamc/Developer/ShareWell/frontend/src/components/analytics/RecentActivity.tsx": {"path":"/Users/sanyamc/Developer/ShareWell/frontend/src/components/analytics/RecentActivity.tsx","statementMap":{"0":{"start":{"line":11,"column":54},"end":{"line":236,"column":1}},"1":{"start":{"line":16,"column":36},"end":{"line":16,"column":72}},"2":{"start":{"line":18,"column":25},"end":{"line":25,"column":3}},"3":{"start":{"line":19,"column":4},"end":{"line":24,"column":22}},"4":{"start":{"line":27,"column":23},"end":{"line":35,"column":3}},"5":{"start":{"line":28,"column":4},"end":{"line":30,"column":5}},"6":{"start":{"line":29,"column":6},"end":{"line":29,"column":46}},"7":{"start":{"line":31,"column":4},"end":{"line":33,"column":5}},"8":{"start":{"line":32,"column":6},"end":{"line":32,"column":43}},"9":{"start":{"line":34,"column":4},"end":{"line":34,"column":26}},"10":{"start":{"line":37,"column":29},"end":{"line":42,"column":3}},"11":{"start":{"line":38,"column":4},"end":{"line":41,"column":17}},"12":{"start":{"line":40,"column":19},"end":{"line":40,"column":63}},"13":{"start":{"line":44,"column":21},"end":{"line":50,"column":3}},"14":{"start":{"line":45,"column":4},"end":{"line":49,"column":5}},"15":{"start":{"line":46,"column":6},"end":{"line":46,"column":64}},"16":{"start":{"line":48,"column":6},"end":{"line":48,"column":24}},"17":{"start":{"line":52,"column":27},"end":{"line":65,"column":3}},"18":{"start":{"line":53,"column":46},"end":{"line":63,"column":5}},"19":{"start":{"line":64,"column":4},"end":{"line":64,"column":59}},"20":{"start":{"line":67,"column":25},"end":{"line":75,"column":3}},"21":{"start":{"line":68,"column":46},"end":{"line":73,"column":5}},"22":{"start":{"line":74,"column":4},"end":{"line":74,"column":57}},"23":{"start":{"line":77,"column":28},"end":{"line":136,"column":3}},"24":{"start":{"line":78,"column":4},"end":{"line":88,"column":5}},"25":{"start":{"line":79,"column":6},"end":{"line":87,"column":8}},"26":{"start":{"line":90,"column":4},"end":{"line":135,"column":6}},"27":{"start":{"line":93,"column":10},"end":{"line":132,"column":16}},"28":{"start":{"line":138,"column":25},"end":{"line":202,"column":3}},"29":{"start":{"line":139,"column":4},"end":{"line":149,"column":5}},"30":{"start":{"line":140,"column":6},"end":{"line":148,"column":8}},"31":{"start":{"line":151,"column":4},"end":{"line":201,"column":6}},"32":{"start":{"line":154,"column":10},"end":{"line":198,"column":16}},"33":{"start":{"line":204,"column":2},"end":{"line":235,"column":4}},"34":{"start":{"line":210,"column":27},"end":{"line":210,"column":48}},"35":{"start":{"line":220,"column":27},"end":{"line":220,"column":48}}},"fnMap":{"0":{"name":"(anonymous_0)","decl":{"start":{"line":11,"column":54},"end":{"line":11,"column":55}},"loc":{"start":{"line":15,"column":6},"end":{"line":236,"column":1}},"line":15},"1":{"name":"(anonymous_1)","decl":{"start":{"line":18,"column":25},"end":{"line":18,"column":26}},"loc":{"start":{"line":18,"column":45},"end":{"line":25,"column":3}},"line":18},"2":{"name":"(anonymous_2)","decl":{"start":{"line":27,"column":23},"end":{"line":27,"column":24}},"loc":{"start":{"line":27,"column":40},"end":{"line":35,"column":3}},"line":27},"3":{"name":"(anonymous_3)","decl":{"start":{"line":37,"column":29},"end":{"line":37,"column":30}},"loc":{"start":{"line":37,"column":51},"end":{"line":42,"column":3}},"line":37},"4":{"name":"(anonymous_4)","decl":{"start":{"line":40,"column":11},"end":{"line":40,"column":12}},"loc":{"start":{"line":40,"column":19},"end":{"line":40,"column":63}},"line":40},"5":{"name":"(anonymous_5)","decl":{"start":{"line":44,"column":21},"end":{"line":44,"column":22}},"loc":{"start":{"line":44,"column":45},"end":{"line":50,"column":3}},"line":44},"6":{"name":"(anonymous_6)","decl":{"start":{"line":52,"column":27},"end":{"line":52,"column":28}},"loc":{"start":{"line":52,"column":49},"end":{"line":65,"column":3}},"line":52},"7":{"name":"(anonymous_7)","decl":{"start":{"line":67,"column":25},"end":{"line":67,"column":26}},"loc":{"start":{"line":67,"column":45},"end":{"line":75,"column":3}},"line":67},"8":{"name":"(anonymous_8)","decl":{"start":{"line":77,"column":28},"end":{"line":77,"column":29}},"loc":{"start":{"line":77,"column":34},"end":{"line":136,"column":3}},"line":77},"9":{"name":"(anonymous_9)","decl":{"start":{"line":92,"column":38},"end":{"line":92,"column":39}},"loc":{"start":{"line":93,"column":10},"end":{"line":132,"column":16}},"line":93},"10":{"name":"(anonymous_10)","decl":{"start":{"line":138,"column":25},"end":{"line":138,"column":26}},"loc":{"start":{"line":138,"column":31},"end":{"line":202,"column":3}},"line":138},"11":{"name":"(anonymous_11)","decl":{"start":{"line":153,"column":35},"end":{"line":153,"column":36}},"loc":{"start":{"line":154,"column":10},"end":{"line":198,"column":16}},"line":154},"12":{"name":"(anonymous_12)","decl":{"start":{"line":210,"column":21},"end":{"line":210,"column":22}},"loc":{"start":{"line":210,"column":27},"end":{"line":210,"column":48}},"line":210},"13":{"name":"(anonymous_13)","decl":{"start":{"line":220,"column":21},"end":{"line":220,"column":22}},"loc":{"start":{"line":220,"column":27},"end":{"line":220,"column":48}},"line":220}},"branchMap":{"0":{"loc":{"start":{"line":28,"column":4},"end":{"line":30,"column":5}},"type":"if","locations":[{"start":{"line":28,"column":4},"end":{"line":30,"column":5}},{"start":{},"end":{}}],"line":28},"1":{"loc":{"start":{"line":31,"column":4},"end":{"line":33,"column":5}},"type":"if","locations":[{"start":{"line":31,"column":4},"end":{"line":33,"column":5}},{"start":{},"end":{}}],"line":31},"2":{"loc":{"start":{"line":64,"column":11},"end":{"line":64,"column":58}},"type":"binary-expr","locations":[{"start":{"line":64,"column":11},"end":{"line":64,"column":27}},{"start":{"line":64,"column":31},"end":{"line":64,"column":58}}],"line":64},"3":{"loc":{"start":{"line":74,"column":11},"end":{"line":74,"column":56}},"type":"binary-expr","locations":[{"start":{"line":74,"column":11},"end":{"line":74,"column":25}},{"start":{"line":74,"column":29},"end":{"line":74,"column":56}}],"line":74},"4":{"loc":{"start":{"line":78,"column":4},"end":{"line":88,"column":5}},"type":"if","locations":[{"start":{"line":78,"column":4},"end":{"line":88,"column":5}},{"start":{},"end":{}}],"line":78},"5":{"loc":{"start":{"line":109,"column":21},"end":{"line":109,"column":68}},"type":"binary-expr","locations":[{"start":{"line":109,"column":21},"end":{"line":109,"column":39}},{"start":{"line":109,"column":43},"end":{"line":109,"column":68}}],"line":109},"6":{"loc":{"start":{"line":139,"column":4},"end":{"line":149,"column":5}},"type":"if","locations":[{"start":{"line":139,"column":4},"end":{"line":149,"column":5}},{"start":{},"end":{}}],"line":139},"7":{"loc":{"start":{"line":180,"column":19},"end":{"line":182,"column":19}},"type":"binary-expr","locations":[{"start":{"line":180,"column":19},"end":{"line":180,"column":39}},{"start":{"line":181,"column":20},"end":{"line":181,"column":78}}],"line":180},"8":{"loc":{"start":{"line":212,"column":14},"end":{"line":214,"column":53}},"type":"cond-expr","locations":[{"start":{"line":213,"column":18},"end":{"line":213,"column":52}},{"start":{"line":214,"column":18},"end":{"line":214,"column":53}}],"line":212},"9":{"loc":{"start":{"line":222,"column":14},"end":{"line":224,"column":53}},"type":"cond-expr","locations":[{"start":{"line":223,"column":18},"end":{"line":223,"column":52}},{"start":{"line":224,"column":18},"end":{"line":224,"column":53}}],"line":222},"10":{"loc":{"start":{"line":232,"column":7},"end":{"line":232,"column":51}},"type":"binary-expr","locations":[{"start":{"line":232,"column":7},"end":{"line":232,"column":28}},{"start":{"line":232,"column":32},"end":{"line":232,"column":51}}],"line":232},"11":{"loc":{"start":{"line":233,"column":7},"end":{"line":233,"column":48}},"type":"binary-expr","locations":[{"start":{"line":233,"column":7},"end":{"line":233,"column":28}},{"start":{"line":233,"column":32},"end":{"line":233,"column":48}}],"line":233}},"s":{"0":2,"1":10,"2":10,"3":10,"4":10,"5":0,"6":0,"7":0,"8":0,"9":0,"10":10,"11":10,"12":10,"13":10,"14":10,"15":10,"16":10,"17":10,"18":10,"19":10,"20":10,"21":10,"22":10,"23":10,"24":10,"25":0,"26":10,"27":10,"28":10,"29":0,"30":0,"31":0,"32":0,"33":10,"34":0,"35":0},"f":{"0":10,"1":10,"2":0,"3":10,"4":10,"5":10,"6":10,"7":10,"8":10,"9":10,"10":0,"11":0,"12":0,"13":0},"b":{"0":[0,0],"1":[0,0],"2":[10,0],"3":[10,0],"4":[0,10],"5":[10,0],"6":[0,0],"7":[0,0],"8":[10,0],"9":[0,10],"10":[10,10],"11":[10,0]},"_coverageSchema":"1a1c01bbd47fc00a2c39e90264f33305004495a9","hash":"be2b4d085e292fdfcb57efe26a60e3d874c83b8b"}
,"/Users/sanyamc/Developer/ShareWell/frontend/src/components/analytics/SalesChart.tsx": {"path":"/Users/sanyamc/Developer/ShareWell/frontend/src/components/analytics/SalesChart.tsx","statementMap":{"0":{"start":{"line":17,"column":0},"end":{"line":26,"column":2}},"1":{"start":{"line":33,"column":46},"end":{"line":210,"column":1}},"2":{"start":{"line":34,"column":36},"end":{"line":34,"column":74}},"3":{"start":{"line":36,"column":25},"end":{"line":43,"column":3}},"4":{"start":{"line":37,"column":4},"end":{"line":42,"column":22}},"5":{"start":{"line":45,"column":20},"end":{"line":75,"column":3}},"6":{"start":{"line":47,"column":6},"end":{"line":51,"column":7}},"7":{"start":{"line":48,"column":8},"end":{"line":48,"column":53}},"8":{"start":{"line":50,"column":8},"end":{"line":50,"column":25}},"9":{"start":{"line":56,"column":31},"end":{"line":56,"column":43}},"10":{"start":{"line":66,"column":31},"end":{"line":66,"column":42}},"11":{"start":{"line":77,"column":18},"end":{"line":155,"column":3}},"12":{"start":{"line":95,"column":26},"end":{"line":95,"column":53}},"13":{"start":{"line":96,"column":26},"end":{"line":96,"column":42}},"14":{"start":{"line":98,"column":12},"end":{"line":102,"column":13}},"15":{"start":{"line":99,"column":14},"end":{"line":99,"column":58}},"16":{"start":{"line":101,"column":14},"end":{"line":101,"column":42}},"17":{"start":{"line":132,"column":12},"end":{"line":132,"column":41}},"18":{"start":{"line":157,"column":25},"end":{"line":157,"column":58}},"19":{"start":{"line":159,"column":2},"end":{"line":176,"column":3}},"20":{"start":{"line":160,"column":4},"end":{"line":175,"column":6}},"21":{"start":{"line":178,"column":2},"end":{"line":209,"column":4}},"22":{"start":{"line":184,"column":27},"end":{"line":184,"column":47}},"23":{"start":{"line":194,"column":27},"end":{"line":194,"column":46}}},"fnMap":{"0":{"name":"(anonymous_0)","decl":{"start":{"line":33,"column":46},"end":{"line":33,"column":47}},"loc":{"start":{"line":33,"column":70},"end":{"line":210,"column":1}},"line":33},"1":{"name":"(anonymous_1)","decl":{"start":{"line":36,"column":25},"end":{"line":36,"column":26}},"loc":{"start":{"line":36,"column":45},"end":{"line":43,"column":3}},"line":36},"2":{"name":"(anonymous_2)","decl":{"start":{"line":46,"column":21},"end":{"line":46,"column":22}},"loc":{"start":{"line":46,"column":29},"end":{"line":52,"column":5}},"line":46},"3":{"name":"(anonymous_3)","decl":{"start":{"line":56,"column":23},"end":{"line":56,"column":24}},"loc":{"start":{"line":56,"column":31},"end":{"line":56,"column":43}},"line":56},"4":{"name":"(anonymous_4)","decl":{"start":{"line":66,"column":23},"end":{"line":66,"column":24}},"loc":{"start":{"line":66,"column":31},"end":{"line":66,"column":42}},"line":66},"5":{"name":"(anonymous_5)","decl":{"start":{"line":94,"column":17},"end":{"line":94,"column":18}},"loc":{"start":{"line":94,"column":40},"end":{"line":103,"column":11}},"line":94},"6":{"name":"(anonymous_6)","decl":{"start":{"line":131,"column":20},"end":{"line":131,"column":21}},"loc":{"start":{"line":131,"column":41},"end":{"line":133,"column":11}},"line":131},"7":{"name":"(anonymous_7)","decl":{"start":{"line":184,"column":21},"end":{"line":184,"column":22}},"loc":{"start":{"line":184,"column":27},"end":{"line":184,"column":47}},"line":184},"8":{"name":"(anonymous_8)","decl":{"start":{"line":194,"column":21},"end":{"line":194,"column":22}},"loc":{"start":{"line":194,"column":27},"end":{"line":194,"column":46}},"line":194}},"branchMap":{"0":{"loc":{"start":{"line":95,"column":26},"end":{"line":95,"column":53}},"type":"binary-expr","locations":[{"start":{"line":95,"column":26},"end":{"line":95,"column":47}},{"start":{"line":95,"column":51},"end":{"line":95,"column":53}}],"line":95},"1":{"loc":{"start":{"line":98,"column":12},"end":{"line":102,"column":13}},"type":"if","locations":[{"start":{"line":98,"column":12},"end":{"line":102,"column":13}},{"start":{"line":100,"column":19},"end":{"line":102,"column":13}}],"line":98},"2":{"loc":{
[...]
175,"column":83}},"23":{"start":{"line":176,"column":4},"end":{"line":176,"column":25}},"24":{"start":{"line":180,"column":21},"end":{"line":180,"column":80}},"25":{"start":{"line":181,"column":4},"end":{"line":181,"column":25}},"26":{"start":{"line":188,"column":21},"end":{"line":188,"column":93}},"27":{"start":{"line":189,"column":4},"end":{"line":189,"column":25}},"28":{"start":{"line":193,"column":21},"end":{"line":193,"column":86}},"29":{"start":{"line":194,"column":4},"end":{"line":194,"column":25}},"30":{"start":{"line":198,"column":21},"end":{"line":198,"column":88}},"31":{"start":{"line":199,"column":4},"end":{"line":199,"column":25}},"32":{"start":{"line":207,"column":4},"end":{"line":218,"column":5}},"33":{"start":{"line":208,"column":24},"end":{"line":212,"column":8}},"34":{"start":{"line":214,"column":6},"end":{"line":214,"column":55}},"35":{"start":{"line":214,"column":33},"end":{"line":214,"column":45}},"36":{"start":{"line":216,"column":6},"end":{"line":216,"column":62}},"37":{"start":{"line":217,"column":6},"end":{"line":217,"column":18}},"38":{"start":{"line":222,"column":4},"end":{"line":230,"column":5}},"39":{"start":{"line":223,"column":26},"end":{"line":223,"column":69}},"40":{"start":{"line":224,"column":20},"end":{"line":224,"column":93}},"41":{"start":{"line":226,"column":6},"end":{"line":226,"column":57}},"42":{"start":{"line":228,"column":6},"end":{"line":228,"column":67}},"43":{"start":{"line":229,"column":6},"end":{"line":229,"column":16}},"44":{"start":{"line":234,"column":4},"end":{"line":240,"column":5}},"45":{"start":{"line":235,"column":26},"end":{"line":235,"column":69}},"46":{"start":{"line":236,"column":6},"end":{"line":236,"column":35}},"47":{"start":{"line":238,"column":6},"end":{"line":238,"column":64}},"48":{"start":{"line":239,"column":6},"end":{"line":239,"column":18}},"49":{"start":{"line":244,"column":4},"end":{"line":250,"column":5}},"50":{"start":{"line":245,"column":26},"end":{"line":245,"column":69}},"51":{"start":{"line":246,"column":6},"end":{"line":246,"column":33}},"52":{"start":{"line":248,"column":6},"end":{"line":248,"column":70}},"53":{"start":{"line":249,"column":6},"end":{"line":249,"column":18}},"54":{"start":{"line":254,"column":4},"end":{"line":260,"column":5}},"55":{"start":{"line":255,"column":26},"end":{"line":255,"column":69}},"56":{"start":{"line":256,"column":6},"end":{"line":256,"column":34}},"57":{"start":{"line":258,"column":6},"end":{"line":258,"column":63}},"58":{"start":{"line":259,"column":6},"end":{"line":259,"column":15}},"59":{"start":{"line":264,"column":4},"end":{"line":270,"column":5}},"60":{"start":{"line":265,"column":26},"end":{"line":265,"column":69}},"61":{"start":{"line":266,"column":6},"end":{"line":266,"column":57}},"62":{"start":{"line":268,"column":6},"end":{"line":268,"column":59}},"63":{"start":{"line":269,"column":6},"end":{"line":269,"column":28}},"64":{"start":{"line":274,"column":4},"end":{"line":280,"column":5}},"65":{"start":{"line":275,"column":26},"end":{"line":275,"column":69}},"66":{"start":{"line":276,"column":6},"end":{"line":276,"column":53}},"67":{"start":{"line":278,"column":6},"end":{"line":278,"column":62}},"68":{"start":{"line":279,"column":6},"end":{"line":279,"column":21}},"69":{"start":{"line":284,"column":4},"end":{"line":290,"column":5}},"70":{"start":{"line":285,"column":26},"end":{"line":285,"column":69}},"71":{"start":{"line":286,"column":6},"end":{"line":286,"column":44}},"72":{"start":{"line":288,"column":6},"end":{"line":288,"column":58}},"73":{"start":{"line":289,"column":6},"end":{"line":289,"column":16}},"74":{"start":{"line":298,"column":4},"end":{"line":316,"column":5}},"75":{"start":{"line":299,"column":26},"end":{"line":299,"column":69}},"76":{"start":{"line":302,"column":27},"end":{"line":302,"column":64}},"77":{"start":{"line":303,"column":6},"end":{"line":303,"column":64}},"78":{"start":{"line":306,"column":33},"end":{"line":306,"column":82}},"79":{"start":{"line":307,"column":6},"end":{"line":307,"column":88}},"80":{"start":{"line":309,"column":6},"end":{"line":312,"column":8}},"81":{"start":{"line":314,"column":6},"end":{"line":314,"column":69}},"82":{"start":{"line":315,"column":6},"end":{"line":315,"column":36}},"83":{"start":{"line":320,"column":34},"end":{"line":320,"column":58}}},"fnMap":{"0":{"name":"(anonymous_0)","decl":{"start":{"line":128,"column":2},"end":{"line":128,"column":3}},"loc":{"start":{"line":128,"column":68},"end":{"line":131,"column":3}},"line":128},"1":{"name":"(anonymous_1)","decl":{"start":{"line":133,"column":2},"end":{"line":133,"column":3}},"loc":{"start":{"line":133,"column":79},"end":{"line":136,"column":3}},"line":133},"2":{"name":"(anonymous_2)","decl":{"start":{"line":138,"column":2},"end":{"line":138,"column":3}},"loc":{"start":{"line":141,"column":34},"end":{"line":144,"column":3}},"line":141},"3":{"name":"(anonymous_3)","decl":{"start":{"line":146,"column":2},"end":{"line":146,"column":3}},"loc":{"start":{"line":149,"column":34},"end":{"line":152,"column":3}},"line":149},"4":{"name":"(anonymous_4)","decl":{"start":{"line":154,"column":2},"end":{"line":154,"column":3}},"loc":{"start":{"line":154,"column":81},"end":{"line":157,"column":3}},"line":154},"5":{"name":"(anonymous_5)","decl":{"start":{"line":160,"column":2},"end":{"line":160,"column":3}},"loc":{"start":{"line":160,"column":83},"end":{"line":172,"column":3}},"line":160},"6":{"name":"(anonymous_6)","decl":{"start":{"line":174,"column":2},"end":{"line":174,"column":3}},"loc":{"start":{"line":174,"column":73},"end":{"line":177,"column":3}},"line":174},"7":{"name":"(anonymous_7)","decl":{"start":{"line":179,"column":2},"end":{"line":179,"column":3}},"loc":{"start":{"line":179,"column":89},"end":{"line":182,"column":3}},"line":179},"8":{"name":"(anonymous_8)","decl":{"start":{"line":184,"column":2},"end":{"line":184,"column":3}},"loc":{"start":{"line":187,"column":30},"end":{"line":190,"column":3}},"line":187},"9":{"name":"(anonymous_9)","decl":{"start":{"line":192,"column":2},"end":{"line":192,"column":3}},"loc":{"start":{"line":192,"column":80},"end":{"line":195,"column":3}},"line":192},"10":{"name":"(anonymous_10)","decl":{"start":{"line":197,"column":2},"end":{"line":197,"column":3}},"loc":{"start":{"line":197,"column":77},"end":{"line":200,"column":3}},"line":197},"11":{"name":"(anonymous_11)","decl":{"start":{"line":203,"column":2},"end":{"line":203,"column":3}},"loc":{"start":{"line":206,"column":37},"end":{"line":219,"column":3}},"line":206},"12":{"name":"(anonymous_12)","decl":{"start":{"line":214,"column":28},"end":{"line":214,"column":29}},"loc":{"start":{"line":214,"column":33},"end":{"line":214,"column":45}},"line":214},"13":{"name":"(anonymous_13)","decl":{"start":{"line":221,"column":2},"end":{"line":221,"column":3}},"loc":{"start":{"line":221,"column":68},"end":{"line":231,"column":3}},"line":221},"14":{"name":"(anonymous_14)","decl":{"start":{"line":233,"column":2},"end":{"line":233,"column":3}},"loc":{"start":{"line":233,"column":59},"end":{"line":241,"column":3}},"line":233},"15":{"name":"(anonymous_15)","decl":{"start":{"line":243,"column":2},"end":{"line":243,"column":3}},"loc":{"start":{"line":243,"column":62},"end":{"line":251,"column":3}},"line":243},"16":{"name":"(anonymous_16)","decl":{"start":{"line":253,"column":2},"end":{"line":253,"column":3}},"loc":{"start":{"line":253,"column":63},"end":{"line":261,"column":3}},"line":253},"17":{"name":"(anonymous_17)","decl":{"start":{"line":263,"column":2},"end":{"line":263,"column":3}},"loc":{"start":{"line":263,"column":59},"end":{"line":271,"column":3}},"line":263},"18":{"name":"(anonymous_18)","decl":{"start":{"line":273,"column":2},"end":{"line":273,"column":3}},"loc":{"start":{"line":273,"column":62},"end":{"line":281,"column":3}},"line":273},"19":{"name":"(anonymous_19)","decl":{"start":{"line":283,"column":2},"end":{"line":283,"column":3}},"loc":{"start":{"line":283,"column":58},"end":{"line":291,"column":3}},"line":283},"20":{"name":"(anonymous_20)","decl":{"start":{"line":293,"column":2},"end":{"line":293,"column":3}},"loc":{"start":{"line":297,"column":53},"end":{"line":317,"column":3}},"line":297}},"branchMap":{"0":{"loc":{"start":{"line":163,"column":4},"end":{"line":163,"column":71}},"type":"if","locations":[{"start":{"line":163,"column":4},"end":{"line":163,"column":71}},{"start":{},"end":{}}],"line":163},"1":{"loc":{"start":{"line":164,"column":4},"end":{"line":164,"column":71}},"type":"if","locations":[{"start":{"line":164,"column":4},"end":{"line":164,"column":71}},{"start":{},"end":{}}],"line":164},"2":{"loc":{"start":{"line":165,"column":4},"end":{"line":165,"column":62}},"type":"if","locations":[{"start":{"line":165,"column":4},"end":{"line":165,"column":62}},{"start":{},"end":{}}],"line":165},"3":{"loc":{"start":{"line":166,"column":4},"end":{"line":168,"column":5}},"type":"if","locations":[{"start":{"line":166,"column":4},"end":{"line":168,"column":5}},{"start":{},"end":{}}],"line":166},"4":{"loc":{"start":{"line":214,"column":13},"end":{"line":214,"column":54}},"type":"binary-expr","locations":[{"start":{"line":214,"column":13},"end":{"line":214,"column":46}},{"start":{"line":214,"column":50},"end":{"line":214,"column":54}}],"line":214},"5":{"loc":{"start":{"line":226,"column":13},"end":{"line":226,"column":56}},"type":"binary-expr","locations":[{"start":{"line":226,"column":13},"end":{"line":226,"column":50}},{"start":{"line":226,"column":54},"end":{"line":226,"column":56}}],"line":226},"6":{"loc":{"start":{"line":266,"column":13},"end":{"line":266,"column":56}},"type":"binary-expr","locations":[{"start":{"line":266,"column":13},"end":{"line":266,"column":38}},{"start":{"line":266,"column":42},"end":{"line":266,"column":56}}],"line":266},"7":{"loc":{"start":{"line":276,"column":13},"end":{"line":276,"column":52}},"type":"binary-expr","locations":[{"start":{"line":276,"column":13},"end":{"line":276,"column":41}},{"start":{"line":276,"column":45},"end":{"line":276,"column":52}}],"line":276},"8":{"loc":{"start":{"line":286,"column":13},"end":{"line":286,"column":43}},"type":"binary-expr","locations":[{"start":{"line":286,"column":13},"end":{"line":286,"column":37}},{"start":{"line":286,"column":41},"end":{"line":286,"column":43}}],"line":286},"9":{"loc":{"start":{"line":302,"column":27},"end":{"line":302,"column":64}},"type":"binary-expr","locations":[{"start":{"line":302,"column":27},"end":{"line":302,"column":51}},{"start":{"line":302,"column":55},"end":{"line":302,"column":64}}],"line":302},"10":{"loc":{"start":{"line":306,"column":33},"end":{"line":306,"column":82}},"type":"binary-expr","locations":[{"start":{"line":306,"column":33},"end":{"line":306,"column":63}},{"start":{"line":306,"column":67},"end":{"line":306,"column":82}}],"line":306}},"s":{"0":3,"1":0,"2":0,"3":0,"4":0,"5":0,"6":0,"7":0,"8":0,"9":0,"10":0,"11":0,"12":0,"13":0,"14":0,"15":0,"16":0,"17":0,"18":0,"19":0,"20":0,"21":0,"22":0,"23":0,"24":0,"25":0,"26":0,"27":0,"28":0,"29":0,"30":0,"31":0,"32":0,"33":0,"34":0,"35":0,"36":0,"37":0,"38":0,"39":0,"40":0,"41":0,"42":0,"43":0,"44":0,"45":0,"46":0,"47":0,"48":0,"49":0,"50":0,"51":0,"52":0,"53":0,"54":0,"55":0,"56":0,"57":0,"58":0,"59":0,"60":0,"61":0,"62":0,"63":0,"64":0,"65":0,"66":0,"67":0,"68":0,"69":0,"70":0,"71":0,"72":0,"73":0,"74":0,"75":0,"76":0,"77":0,"78":0,"79":0,"80":0,"81":0,"82":0,"83":3},"f":{"0":0,"1":0,"2":0,"3":0,"4":0,"5":0,"6":0,"7":0,"8":0,"9":0,"10":0,"11":0,"12":0,"13":0,"14":0,"15":0,"16":0,"17":0,"18":0,"19":0,"20":0},"b":{"0":[0,0],"1":[0,0],"2":[0,0],"3":[0,0],"4":[0,0],"5":[0,0],"6":[0,0],"7":[0,0],"8":[0,0],"9":[0,0],"10":[0,0]},"_coverageSchema":"1a1c01bbd47fc00a2c39e90264f33305004495a9","hash":"013d20bd1b4563529bce7c4d692d555927ec4cf8"}
,"/Users/sanyamc/Developer/ShareWell/frontend/src/services/product.ts": {"path":"/Users/sanyamc/Developer/ShareWell/frontend/src/services/product.ts","statementMap":{"0":{"start":{"line":5,"column":37},"end":{"line":5,"column":48}},"1":{"start":{"line":11,"column":21},"end":{"line":11,"column":78}},"2":{"start":{"line":12,"column":4},"end":{"line":12,"column":25}},"3":{"start":{"line":19,"column":21},"end":{"line":21,"column":6}},"4":{"start":{"line":22,"column":4},"end":{"line":22,"column":25}},"5":{"start":{"line":29,"column":21},"end":{"line":29,"column":82}},"6":{"start":{"line":30,"column":4},"end":{"line":30,"column":25}},"7":{"start":{"line":37,"column":21},"end":{"line":37,"column":95}},"8":{"start":{"line":38,"column":4},"end":{"line":38,"column":25}},"9":{"start":{"line":45,"column":4},"end":{"line":45,"column":60}},"10":{"start":{"line":52,"column":21},"end":{"line":52,"column":96}},"11":{"start":{"line":53,"column":4},"end":{"line":53,"column":25}},"12":{"start":{"line":60,"column":4},"end":{"line":60,"column":78}}},"fnMap":{"0":{"name":"(anonymous_0)","decl":{"start":{"line":10,"column":2},"end":{"line":10,"column":3}},"loc":{"start":{"line":10,"column":75},"end":{"line":13,"column":3}},"line":10},"1":{"name":"(anonymous_1)","decl":{"start":{"line":18,"column":2},"end":{"line":18,"column":3}},"loc":{"start":{"line":18,"column":86},"end":{"line":23,"column":3}},"line":18},"2":{"name":"(anonymous_2)","decl":{"start":{"line":28,"column":2},"end":{"line":28,"column":3}},"loc":{"start":{"line":28,"column":63},"end":{"line":31,"column":3}},"line":28},"3":{"name":"(anonymous_3)","decl":{"start":{"line":36,"column":2},"end":{"line":36,"column":3}},"loc":{"start":{"line":36,"column":94},"end":{"line":39,"column":3}},"line":36},"4":{"name":"(anonymous_4)","decl":{"start":{"line":44,"column":2},"end":{"line":44,"column":3}},"loc":{"start":{"line":44,"column":63},"end":{"line":46,"column":3}},"line":44},"5":{"name":"(anonymous_5)","decl":{"start":{"line":51,"column":2},"end":{"line":51,"column":3}},"loc":{"start":{"line":51,"column":76},"end":{"line":54,"column":3}},"line":51},"6":{"name":"(anonymous_6)","decl":{"start":{"line":59,"column":2},"end":{"line":59,"column":3}},"loc":{"start":{"line":59,"column":85},"end":{"line":61,"column":3}},"line":59}},"branchMap":{"0":{"loc":{"start":{"line":18,"column":27},"end":{"line":18,"column":43}},"type":"default-arg","locations":[{"start":{"line":18,"column":42},"end":{"line":18,"column":43}}],"line":18},"1":{"loc":{"start":{"line":18,"column":45},"end":{"line":18,"column":64}},"type":"default-arg","locations":[{"start":{"line":18,"column":61},"end":{"line":18,"column":64}}],"line":18}},"s":{"0":0,"1":0,"2":0,"3":0,"4":0,"5":0,"6":0,"7":0,"8":0,"9":0,"10":0,"11":0,"12":0},"f":{"0":0,"1":0,"2":0,"3":0,"4":0,"5":0,"6":0},"b":{"0":[0],"1":[0]}}
,"/Users/sanyamc/Developer/ShareWell/frontend/src/types/analytics.ts": {"path":"/Users/sanyamc/Developer/ShareWell/frontend/src/types/analytics.ts","statementMap":{},"fnMap":{},"branchMap":{},"s":{},"f":{},"b":{}}
,"/Users/sanyamc/Developer/ShareWell/frontend/src/types/auth.ts": {"path":"/Users/sanyamc/Developer/ShareWell/frontend/src/types/auth.ts","statementMap":{},"fnMap":{},"branchMap":{},"s":{},"f":{},"b":{}}
,"/Users/sanyamc/Developer/ShareWell/frontend/src/types/content.ts": {"path":"/Users/sanyamc/Developer/ShareWell/frontend/src/types/content.ts","statementMap":{},"fnMap":{},"branchMap":{},"s":{},"f":{},"b":{}}
,"/Users/sanyamc/Developer/ShareWell/frontend/src/types/image.ts": {"path":"/Users/sanyamc/Developer/ShareWell/frontend/src/types/image.ts","statementMap":{"0":{"start":{"line":36,"column":55},"end":{"line":42,"column":1}}},"fnMap":{},"branchMap":{},"s":{"0":2},"f":{},"b":{},"_coverageSchema":"1a1c01bbd47fc00a2c39e90264f33305004495a9","hash":"dc79345f9a234a4c268a8cf75d27b7c5b759f955"}
,"/Users/sanyamc/Developer/ShareWell/frontend/src/types/platform.ts": {"path":"/Users/sanyamc/Developer/ShareWell/frontend/src/types/platform.ts","statementMap":{},"fnMap":{},"branchMap":{},"s":{},"f":{},"b":{}}
,"/Users/sanyamc/Developer/ShareWell/frontend/src/types/post.ts": {"path":"/Users/sanyamc/Developer/ShareWell/frontend/src/types/post.ts","statementMap":{},"fnMap":{},"branchMap":{},"s":{},"f":{},"b":{},"_coverageSchema":"1a1c01bbd47fc00a2c39e90264f33305004495a9","hash":"4fc639b13eee36f3f5eac44fa014fafd6434da3b"}
,"/Users/sanyamc/Developer/ShareWell/frontend/src/types/product.ts": {"path":"/Users/sanyamc/Developer/ShareWell/frontend/src/types/product.ts","statementMap":{},"fnMap":{},"branchMap":{},"s":{},"f":{},"b":{}}
,"/Users/sanyamc/Developer/ShareWell/frontend/src/utils/api.ts": {"path":"/Users/sanyamc/Developer/ShareWell/frontend/src/utils/api.ts","statementMap":{"0":{"start":{"line":5,"column":33},"end":{"line":11,"column":2}},"1":{"start":{"line":14,"column":0},"end":{"line":25,"column":2}},"2":{"start":{"line":16,"column":18},"end":{"line":16,"column":54}},"3":{"start":{"line":17,"column":4},"end":{"line":19,"column":5}},"4":{"start":{"line":18,"column":6},"end":{"line":18,"column":55}},"5":{"start":{"line":20,"column":4},"end":{"line":20,"column":18}},"6":{"start":{"line":23,"column":4},"end":{"line":23,"column":33}},"7":{"start":{"line":28,"column":0},"end":{"line":62,"column":2}},"8":{"start":{"line":30,"column":4},"end":{"line":30,"column":20}},"9":{"start":{"line":33,"column":28},"end":{"line":33,"column":40}},"10":{"start":{"line":35,"column":4},"end":{"line":58,"column":5}},"11":{"start":{"line":36,"column":6},"end":{"line":36,"column":36}},"12":{"start":{"line":38,"column":6},"end":{"line":57,"column":7}},"13":{"start":{"line":39,"column":29},"end":{"line":39,"column":66}},"14":{"start":{"line":40,"column":8},"end":{"line":51,"column":9}},"15":{"start":{"line":41,"column":27},"end":{"line":43,"column":12}},"16":{"start":{"line":45,"column":35},"end":{"line":45,"column":48}},"17":{"start":{"line":46,"column":10},"end":{"line":46,"column":61}},"18":{"start":{"line":49,"column":10},"end":{"line":49,"column":75}},"19":{"start":{"line":50,"column":10},"end":{"line":50,"column":44}},"20":{"start":{"line":54,"column":8},"end":{"line":54,"column":48}},"21":{"start":{"line":55,"column":8},"end":{"line":55,"column":49}},"22":{"start":{"line":56,"column":8},"end":{"line":56,"column":40}},"23":{"start":{"line":60,"column":4},"end":{"line":60,"column":33}}},"fnMap":{"0":{"name":"(anonymous_0)","decl":{"start":{"line":15,"column":2},"end":{"line":15,"column":3}},"loc":{"start":{"line":15,"column":14},"end":{"line":21,"column":3}},"line":15},"1":{"name":"(anonymous_1)","decl":{"start":{"line":22,"column":2},"end":{"line":22,"column":3}},"loc":{"start":{"line":22,"column":13},"end":{"line":24,"column":3}},"line":22},"2":{"name":"(anonymous_2)","decl":{"start":{"line":29,"column":2},"end":{"line":29,"column":3}},"loc":{"start":{"line":29,"column":31},"end":{"line":31,"column":3}},"line":29},"3":{"name":"(anonymous_3)","decl":{"start":{"line":32,"column":2},"end":{"line":32,"column":3}},"loc":{"start":{"line":32,"column":19},"end":{"line":61,"column":3}},"line":32}},"branchMap":{"0":{"loc":{"start":{"line":17,"column":4},"end":{"line":19,"column":5}},"type":"if","locations":[{"start":{"line":17,"column":4},"end":{"line":19,"column":5}},{"start":{},"end":{}}],"line":17},"1":{"loc":{"start":{"line":35,"column":4},"end":{"line":58,"column":5}},"type":"if","locations":[{"start":{"line":35,"column":4},"end":{"line":58,"column":5}},{"start":{},"end":{}}],"line":35},"2":{"loc":{"start":{"line":35,"column":8},"end":{"line":35,"column":65}},"type":"binary-expr","locations":[{"start":{"line":35,"column":8},"end":{"line":35,"column":38}},{"start":{"line":35,"column":42},"end":{"line":35,"column":65}}],"line":35},"3":{"loc":{"start":{"line":40,"column":8},"end":{"line":51,"column":9}},"type":"if","locations":[{"start":{"line":40,"column":8},"end":{"line":51,"column":9}},{"start":{},"end":{}}],"line":40}},"s":{"0":18,"1":18,"2":0,"3":0,"4":0,"5":0,"6":0,"7":18,"8":0,"9":0,"10":0,"11":0,"12":0,"13":0,"14":0,"15":0,"16":0,"17":0,"18":0,"19":0,"20":0,"21":0,"22":0,"23":0},"f":{"0":0,"1":0,"2":0,"3":0},"b":{"0":[0,0],"1":[0,0],"2":[0,0],"3":[0,0]},"_coverageSchema":"1a1c01bbd47fc00a2c39e90264f33305004495a9","hash":"95e16bf86ee76c78b5650fb6ad57c84d277ba246"}
}
