TN:
SF:src/App.tsx
FN:8,App
FNF:1
FNH:1
FNDA:2,App
DA:9,2
LF:1
LH:1
BRF:0
BRH:0
end_of_record
TN:
SF:src/components/analytics/AnalyticsDashboard.tsx
FN:20,(anonymous_0)
FN:36,(anonymous_1)
FN:65,(anonymous_2)
FN:84,(anonymous_3)
FN:88,(anonymous_4)
FN:92,(anonymous_5)
FN:93,(anonymous_6)
FN:102,(anonymous_7)
FN:103,(anonymous_8)
FN:109,(anonymous_9)
FN:110,(anonymous_10)
FN:116,(anonymous_11)
FN:185,(anonymous_12)
FNF:13
FNH:9
FNDA:24,(anonymous_0)
FNDA:12,(anonymous_1)
FNDA:10,(anonymous_2)
FNDA:10,(anonymous_3)
FNDA:11,(anonymous_4)
FNDA:0,(anonymous_5)
FNDA:0,(anonymous_6)
FNDA:0,(anonymous_7)
FNDA:0,(anonymous_8)
FNDA:1,(anonymous_9)
FNDA:1,(anonymous_10)
FNDA:1,(anonymous_11)
FNDA:1,(anonymous_12)
DA:20,2
DA:21,24
DA:22,23
DA:23,23
DA:24,23
DA:25,23
DA:27,23
DA:36,23
DA:37,12
DA:38,12
DA:39,12
DA:42,12
DA:43,12
DA:44,12
DA:47,12
DA:56,11
DA:57,11
DA:59,1
DA:61,12
DA:65,23
DA:66,10
DA:67,10
DA:73,10
DA:77,10
DA:78,10
DA:80,0
DA:84,23
DA:85,10
DA:88,23
DA:89,11
DA:92,23
DA:93,0
DA:102,23
DA:103,0
DA:109,23
DA:110,1
DA:116,23
DA:117,1
DA:120,23
DA:121,12
DA:128,11
DA:129,1
DA:141,10
DA:185,1
LF:44
LH:41
BRDA:52,0,0,0
BRDA:52,0,1,12
BRDA:59,1,0,1
BRDA:59,1,1,0
BRDA:120,2,0,12
BRDA:120,2,1,11
BRDA:128,3,0,1
BRDA:128,3,1,10
BRDA:207,4,0,10
BRDA:207,4,1,0
BRDA:211,5,0,10
BRDA:211,5,1,0
BRDA:218,6,0,10
BRDA:218,6,1,0
BRDA:219,7,0,10
BRDA:219,7,1,0
BRDA:223,8,0,0
BRDA:223,8,1,10
BRDA:226,9,0,10
BRDA:226,9,1,0
BRDA:233,10,0,10
BRDA:233,10,1,0
BRDA:234,11,0,10
BRDA:234,11,1,0
BRF:24
BRH:14
end_of_record
TN:
SF:src/components/analytics/DateRangeSelector.tsx
FN:10,(anonymous_0)
FN:23,(anonymous_1)
FN:31,(anonymous_2)
FN:39,(anonymous_3)
FN:47,(anonymous_4)
FN:55,(anonymous_5)
FN:63,(anonymous_6)
FN:70,(anonymous_7)
FN:77,(anonymous_8)
FN:84,(anonymous_9)
FN:94,(anonymous_10)
FN:96,(anonymous_11)
FN:119,(anonymous_12)
FN:122,(anonymous_13)
FN:136,(anonymous_14)
FN:143,(anonymous_15)
FN:153,(anonymous_16)
FNF:17
FNH:10
FNDA:19,(anonymous_0)
FNDA:19,(anonymous_1)
FNDA:19,(anonymous_2)
FNDA:19,(anonymous_3)
FNDA:19,(anonymous_4)
FNDA:9,(anonymous_5)
FNDA:9,(anonymous_6)
FNDA:0,(anonymous_7)
FNDA:0,(anonymous_8)
FNDA:0,(anonymous_9)
FNDA:19,(anonymous_10)
FNDA:94,(anonymous_11)
FNDA:0,(anonymous_12)
FNDA:114,(anonymous_13)
FNDA:0,(anonymous_14)
FNDA:0,(anonymous_15)
FNDA:0,(anonymous_16)
DA:10,3
DA:15,19
DA:16,19
DA:17,19
DA:19,19
DA:23,19
DA:31,19
DA:39,19
DA:47,19
DA:55,9
DA:63,9
DA:70,19
DA:71,0
DA:72,0
DA:73,0
DA:76,0
DA:77,0
DA:78,0
DA:79,0
DA:80,0
DA:84,19
DA:85,0
DA:86,0
DA:88,0
DA:89,0
DA:90,0
DA:94,19
DA:95,19
DA:96,19
DA:97,94
DA:98,84
DA:99,0
DA:104,9
DA:106,10
DA:110,19
DA:119,0
DA:123,114
DA:136,0
DA:143,0
DA:153,0
LF:40
LH:22
BRDA:71,0,0,0
BRDA:71,0,1,0
BRDA:78,1,0,0
BRDA:78,1,1,0
BRDA:88,2,0,0
BRDA:88,2,1,0
BRDA:98,3,0,84
BRDA:98,3,1,0
BRDA:98,4,0,84
BRDA:98,4,1,0
BRDA:98,4,2,0
BRDA:98,4,3,0
BRDA:100,5,0,0
BRDA:100,5,1,0
BRDA:104,6,0,9
BRDA:104,6,1,9
BRDA:118,7,0,0
BRDA:118,7,1,19
BRDA:131,8,0,19
BRDA:131,8,1,0
BRDA:161,9,0,19
BRDA:161,9,1,19
BRF:22
BRH:8
end_of_record
TN:
SF:src/components/analytics/EngagementChart.tsx
FN:32,(anonymous_0)
FN:36,(anonymous_1)
FN:46,(anonymous_2)
FN:47,(anonymous_3)
FN:61,(anonymous_4)
FN:70,(anonymous_5)
FN:79,(anonymous_6)
FN:88,(anonymous_7)
FN:110,(anonymous_8)
FN:139,(anonymous_9)
FN:169,(anonymous_10)
FN:208,(anonymous_11)
FN:218,(anonymous_12)
FN:228,(anonymous_13)
FNF:14
FNH:7
FNDA:10,(anonymous_0)
FNDA:0,(anonymous_1)
FNDA:10,(anonymous_2)
FNDA:10,(anonymous_3)
FNDA:10,(anonymous_4)
FNDA:10,(anonymous_5)
FNDA:10,(anonymous_6)
FNDA:10,(anonymous_7)
FNDA:0,(anonymous_8)
FNDA:0,(anonymous_9)
FNDA:0,(anonymous_10)
FNDA:0,(anonymous_11)
FNDA:0,(anonymous_12)
FNDA:0,(anonymous_13)
DA:17,2
DA:32,2
DA:33,10
DA:34,10
DA:36,10
DA:37,0
DA:38,0
DA:40,0
DA:41,0
DA:43,0
DA:46,10
DA:47,10
DA:48,10
DA:49,10
DA:51,10
DA:55,10
DA:56,10
DA:61,10
DA:70,10
DA:79,10
DA:88,10
DA:98,0
DA:105,0
DA:110,0
DA:122,10
DA:140,0
DA:141,0
DA:142,0
DA:170,0
DA:180,10
DA:182,10
DA:183,0
DA:201,10
DA:208,0
DA:218,0
DA:228,0
LF:36
LH:20
BRDA:37,0,0,0
BRDA:37,0,1,0
BRDA:40,1,0,0
BRDA:40,1,1,0
BRDA:55,2,0,10
BRDA:55,2,1,0
BRDA:140,3,0,0
BRDA:140,3,1,0
BRDA:180,4,0,10
BRDA:180,4,1,0
BRDA:182,5,0,0
BRDA:182,5,1,10
BRDA:220,6,0,10
BRDA:220,6,1,0
BRDA:230,7,0,0
BRDA:230,7,1,10
BRF:16
BRH:5
end_of_record
TN:
SF:src/components/analytics/KPICards.tsx
FN:21,(anonymous_0)
FN:22,(anonymous_1)
FN:33,(anonymous_2)
FN:79,(anonymous_3)
FN:80,(anonymous_4)
FN:89,(anonymous_5)
FN:171,(anonymous_6)
FNF:7
FNH:5
FNDA:120,(anonymous_0)
FNDA:0,(anonymous_1)
FNDA:0,(anonymous_2)
FNDA:20,(anonymous_3)
FNDA:40,(anonymous_4)
FNDA:38,(anonymous_5)
FNDA:120,(anonymous_6)
DA:21,3
DA:22,120
DA:23,0
DA:25,0
DA:27,0
DA:29,0
DA:33,120
DA:34,0
DA:36,0
DA:42,0
DA:48,0
DA:56,120
DA:79,3
DA:80,20
DA:81,40
DA:89,20
DA:90,38
DA:91,2
DA:93,36
DA:94,34
DA:96,2
DA:99,20
DA:169,20
DA:172,120
LF:24
LH:16
BRDA:23,0,0,0
BRDA:23,0,1,0
BRDA:23,0,2,0
BRDA:34,1,0,0
BRDA:34,1,1,0
BRDA:34,1,2,0
BRDA:65,2,0,120
BRDA:65,2,1,0
BRDA:90,3,0,2
BRDA:90,3,1,36
BRDA:93,4,0,34
BRDA:93,4,1,2
BRDA:102,5,0,19
BRDA:102,5,1,1
BRDA:112,6,0,19
BRDA:112,6,1,1
BRDA:122,7,0,19
BRDA:122,7,1,1
BRDA:132,8,0,19
BRDA:132,8,1,1
BRDA:146,9,0,19
BRDA:146,9,1,1
BRDA:157,10,0,18
BRDA:157,10,1,2
BRF:24
BRH:17
end_of_record
TN:
SF:src/components/analytics/PlatformBreakdown.tsx
FN:20,(anonymous_0)
FN:35,(anonymous_1)
FN:41,(anonymous_2)
FN:62,(anonymous_3)
FN:71,(anonymous_4)
FN:81,(anonymous_5)
FN:84,(anonymous_6)
FN:101,(anonymous_7)
FN:105,(anonymous_8)
FN:108,(anonymous_9)
FN:117,(anonymous_10)
FN:120,(anonymous_11)
FN:125,(anonymous_12)
FN:150,(anonymous_13)
FN:165,(anonymous_14)
FN:186,(anonymous_15)
FN:216,(anonymous_16)
FN:240,(anonymous_17)
FN:273,(anonymous_18)
FN:280,(anonymous_19)
FN:303,(anonymous_20)
FN:313,(anonymous_21)
FN:322,(anonymous_22)
FN:326,(anonymous_23)
FN:333,(anonymous_24)
FN:371,(anonymous_25)
FN:428,(anonymous_26)
FN:448,(anonymous_27)
FN:457,(anonymous_28)
FN:461,(anonymous_29)
FN:462,(anonymous_30)
FN:468,(anonymous_31)
FN:490,(anonymous_32)
FN:508,(anonymous_33)
FN:552,(anonymous_34)
FN:577,(anonymous_35)
FN:587,(anonymous_36)
FN:597,(anonymous_37)
FN:607,(anonymous_38)
FNF:39
FNH:36
FNDA:50,(anonymous_0)
FNDA:35,(anonymous_1)
FNDA:9,(anonymous_2)
FNDA:88,(anonymous_3)
FNDA:16,(anonymous_4)
FNDA:230,(anonymous_5)
FNDA:232,(anonymous_6)
FNDA:50,(anonymous_7)
FNDA:87,(anonymous_8)
FNDA:87,(anonymous_9)
FNDA:50,(anonymous_10)
FNDA:88,(anonymous_11)
FNDA:88,(anonymous_12)
FNDA:0,(anonymous_13)
FNDA:23,(anonymous_14)
FNDA:35,(anonymous_15)
FNDA:2,(anonymous_16)
FNDA:4,(anonymous_17)
FNDA:8,(anonymous_18)
FNDA:4,(anonymous_19)
FNDA:2,(anonymous_20)
FNDA:10,(anonymous_21)
FNDA:4,(anonymous_22)
FNDA:4,(anonymous_23)
FNDA:4,(anonymous_24)
FNDA:4,(anonymous_25)
FNDA:4,(anonymous_26)
FNDA:4,(anonymous_27)
FNDA:2,(anonymous_28)
FNDA:2,(anonymous_29)
FNDA:2,(anonymous_30)
FNDA:2,(anonymous_31)
FNDA:0,(anonymous_32)
FNDA:2,(anonymous_33)
FNDA:4,(anonymous_34)
FNDA:0,(anonymous_35)
FNDA:2,(anonymous_36)
FNDA:6,(anonymous_37)
FNDA:2,(anonymous_38)
DA:9,3
DA:20,3
DA:28,50
DA:29,50
DA:30,50
DA:31,50
DA:32,50
DA:33,50
DA:35,50
DA:36,35
DA:37,9
DA:41,50
DA:42,9
DA:43,9
DA:45,9
DA:46,9
DA:52,8
DA:53,8
DA:54,8
DA:56,1
DA:58,9
DA:62,50
DA:63,88
DA:71,50
DA:72,16
DA:73,0
DA:75,16
DA:76,4
DA:78,12
DA:81,50
DA:82,230
DA:84,232
DA:88,50
DA:101,50
DA:102,50
DA:104,49
DA:105,87
DA:108,87
DA:117,50
DA:118,50
DA:120,49
DA:121,88
DA:124,49
DA:125,88
DA:137,50
DA:151,0
DA:152,0
DA:154,0
DA:155,0
DA:157,0
DA:165,50
DA:166,23
DA:187,35
DA:216,50
DA:217,2
DA:241,4
DA:273,50
DA:274,8
DA:275,0
DA:276,0
DA:277,0
DA:280,50
DA:281,4
DA:283,4
DA:289,0
DA:295,0
DA:303,50
DA:304,2
DA:305,2
DA:306,0
DA:307,0
DA:308,0
DA:309,0
DA:313,50
DA:314,10
DA:322,4
DA:326,4
DA:333,4
DA:372,4
DA:429,4
DA:448,50
DA:449,4
DA:457,2
DA:461,2
DA:463,2
DA:464,0
DA:465,0
DA:466,0
DA:469,2
DA:470,0
DA:471,0
DA:472,0
DA:491,0
DA:509,2
DA:553,4
DA:568,50
DA:569,50
DA:571,50
DA:577,0
DA:587,2
DA:597,6
DA:607,2
LF:102
LH:79
BRDA:36,0,0,9
BRDA:36,0,1,26
BRDA:36,1,0,35
BRDA:36,1,1,28
BRDA:52,2,0,8
BRDA:52,2,1,0
BRDA:53,3,0,8
BRDA:53,3,1,0
BRDA:54,4,0,8
BRDA:54,4,1,0
BRDA:56,5,0,1
BRDA:56,5,1,0
BRDA:72,6,0,0
BRDA:72,6,1,16
BRDA:75,7,0,4
BRDA:75,7,1,12
BRDA:102,8,0,1
BRDA:102,8,1,49
BRDA:118,9,0,1
BRDA:118,9,1,49
BRDA:151,10,0,0
BRDA:151,10,1,0
BRDA:154,11,0,0
BRDA:154,11,1,0
BRDA:274,12,0,8
BRDA:274,12,1,0
BRDA:275,13,0,0
BRDA:275,13,1,0
BRDA:276,14,0,0
BRDA:276,14,1,0
BRDA:281,15,0,4
BRDA:281,15,1,0
BRDA:281,15,2,0
BRDA:304,16,0,2
BRDA:304,16,1,0
BRDA:304,16,2,0
BRDA:304,16,3,0
BRDA:304,16,4,0
BRDA:318,17,0,4
BRDA:318,17,1,6
BRDA:453,18,0,2
BRDA:453,18,1,2
BRDA:463,19,0,2
BRDA:463,19,1,0
BRDA:464,20,0,0
BRDA:464,20,1,0
BRDA:465,21,0,0
BRDA:465,21,1,0
BRDA:469,22,0,2
BRDA:469,22,1,0
BRDA:470,23,0,0
BRDA:470,23,1,0
BRDA:471,24,0,0
BRDA:471,24,1,0
BRDA:528,25,0,2
BRDA:528,25,1,0
BRDA:528,26,0,0
BRDA:528,26,1,0
BRDA:548,27,0,2
BRDA:548,27,1,2
BRDA:579,28,0,24
BRDA:579,28,1,26
BRDA:589,29,0,2
BRDA:589,29,1,48
BRDA:599,30,0,18
BRDA:599,30,1,32
BRDA:609,31,0,6
BRDA:609,31,1,44
BRDA:619,32,0,50
BRDA:619,32,1,24
BRDA:621,33,0,23
BRDA:621,33,1,1
BRDA:641,34,0,50
BRDA:641,34,1,2
BRDA:643,35,0,2
BRDA:643,35,1,0
BRDA:663,36,0,50
BRDA:663,36,1,18
BRDA:665,37,0,7
BRDA:665,37,1,11
BRDA:669,38,0,1
BRDA:669,38,1,10
BRDA:679,39,0,50
BRDA:679,39,1,6
BRDA:681,40,0,2
BRDA:681,40,1,4
BRDA:685,41,0,0
BRDA:685,41,1,4
BRF:88
BRH:53
end_of_record
TN:
SF:src/components/analytics/PlatformFilter.tsx
FN:9,(anonymous_0)
FN:16,(anonymous_1)
FN:18,(anonymous_2)
FN:24,(anonymous_3)
FN:28,(anonymous_4)
FN:32,(anonymous_5)
FN:35,(anonymous_6)
FN:39,(anonymous_7)
FN:61,(anonymous_8)
FN:102,(anonymous_9)
FN:106,(anonymous_10)
FN:112,(anonymous_11)
FN:136,(anonymous_12)
FNF:13
FNH:10
FNDA:35,(anonymous_0)
FNDA:1,(anonymous_1)
FNDA:0,(anonymous_2)
FNDA:1,(anonymous_3)
FNDA:1,(anonymous_4)
FNDA:40,(anonymous_5)
FNDA:41,(anonymous_6)
FNDA:35,(anonymous_7)
FNDA:11,(anonymous_8)
FNDA:37,(anonymous_9)
FNDA:1,(anonymous_10)
FNDA:0,(anonymous_11)
FNDA:0,(anonymous_12)
DA:9,3
DA:14,35
DA:16,35
DA:17,1
DA:18,0
DA:21,1
DA:24,35
DA:25,1
DA:28,35
DA:29,1
DA:32,35
DA:33,40
DA:35,41
DA:39,35
DA:40,35
DA:41,26
DA:43,9
DA:44,3
DA:46,6
DA:47,3
DA:49,3
DA:52,35
DA:61,11
DA:103,37
DA:106,1
DA:112,0
DA:136,0
LF:27
LH:24
BRDA:17,0,0,0
BRDA:17,0,1,1
BRDA:40,1,0,26
BRDA:40,1,1,9
BRDA:43,2,0,3
BRDA:43,2,1,6
BRDA:46,3,0,3
BRDA:46,3,1,3
BRDA:68,4,0,11
BRDA:68,4,1,24
BRDA:79,5,0,35
BRDA:79,5,1,11
BRDA:122,6,0,11
BRDA:122,6,1,1
BRDA:133,7,0,35
BRDA:133,7,1,11
BRF:16
BRH:15
end_of_record
TN:
SF:src/components/analytics/RecentActivity.tsx
FN:11,(anonymous_0)
FN:18,(anonymous_1)
FN:27,(anonymous_2)
FN:37,(anonymous_3)
FN:40,(anonymous_4)
FN:44,(anonymous_5)
FN:52,(anonymous_6)
FN:67,(anonymous_7)
FN:77,(anonymous_8)
FN:92,(anonymous_9)
FN:138,(anonymous_10)
FN:153,(anonymous_11)
FN:210,(anonymous_12)
FN:220,(anonymous_13)
FNF:14
FNH:9
FNDA:10,(anonymous_0)
FNDA:10,(anonymous_1)
FNDA:0,(anonymous_2)
FNDA:10,(anonymous_3)
FNDA:10,(anonymous_4)
FNDA:10,(anonymous_5)
FNDA:10,(anonymous_6)
FNDA:10,(anonymous_7)
FNDA:10,(anonymous_8)
FNDA:10,(anonymous_9)
FNDA:0,(anonymous_10)
FNDA:0,(anonymous_11)
FNDA:0,(anonymous_12)
FNDA:0,(anonymous_13)
DA:11,2
DA:16,10
DA:18,10
DA:19,10
DA:27,10
DA:28,0
DA:29,0
DA:31,0
DA:32,0
DA:34,0
DA:37,10
DA:38,10
DA:40,10
DA:44,10
DA:45,10
DA:46,10
DA:48,10
DA:52,10
DA:53,10
DA:64,10
DA:67,10
DA:68,10
DA:74,10
DA:77,10
DA:78,10
DA:79,0
DA:90,10
DA:93,10
DA:138,10
DA:139,0
DA:140,0
DA:151,0
DA:154,0
DA:204,10
DA:210,0
DA:220,0
LF:36
LH:24
BRDA:28,0,0,0
BRDA:28,0,1,0
BRDA:31,1,0,0
BRDA:31,1,1,0
BRDA:64,2,0,10
BRDA:64,2,1,0
BRDA:74,3,0,10
BRDA:74,3,1,0
BRDA:78,4,0,0
BRDA:78,4,1,10
BRDA:109,5,0,10
BRDA:109,5,1,0
BRDA:139,6,0,0
BRDA:139,6,1,0
BRDA:180,7,0,0
BRDA:180,7,1,0
BRDA:212,8,0,10
BRDA:212,8,1,0
BRDA:222,9,0,0
BRDA:222,9,1,10
BRDA:232,10,0,10
BRDA:232,10,1,10
BRDA:233,11,0,10
BRDA:233,11,1,0
BRF:24
BRH:9
end_of_record
TN:
SF:src/components/analytics/SalesChart.tsx
FN:33,(anonymous_0)
FN:36,(anonymous_1)
FN:46,(anonymous_2)
FN:56,(anonymous_3)
FN:66,(anonymous_4)
FN:94,(anonymous_5)
FN:131,(anonymous_6)
FN:184,(anonymous_7)
FN:194,(anonymous_8)
FNF:9
FNH:4
FNDA:10,(anonymous_0)
FNDA:0,(anonymous_1)
FNDA:10,(anonymous_2)
FNDA:10,(anonymous_3)
FNDA:10,(anonymous_4)
FNDA:0,(anonymous_5)
FNDA:0,(anonymous_6)
FNDA:0,(anonymous_7)
FNDA:0,(anonymous_8)
DA:17,2
DA:33,2
DA:34,10
DA:36,10
DA:37,0
DA:45,10
DA:47,10
DA:48,10
DA:50,10
DA:56,10
DA:66,10
DA:77,10
DA:95,0
DA:96,0
DA:98,0
DA:99,0
DA:101,0
DA:132,0
DA:157,10
DA:159,10
DA:160,0
DA:178,10
DA:184,0
DA:194,0
LF:24
LH:14
BRDA:95,0,0,0
BRDA:95,0,1,0
BRDA:98,1,0,0
BRDA:98,1,1,0
BRDA:157,2,0,10
BRDA:157,2,1,0
BRDA:159,3,0,0
BRDA:159,3,1,10
BRDA:186,4,0,10
BRDA:186,4,1,0
BRDA:196,5,0,0
BRDA:196,5,1,10
BRF:12
BRH:4
end_of_record
TN:
SF:src/components/analytics/TopProducts.tsx
FN:9,(anonymous_0)
FN:10,(anonymous_1)
FN:19,(anonymous_2)
FN:22,(anonymous_3)
FN:26,(anonymous_4)
FN:41,(anonymous_5)
FN:87,(anonymous_6)
FN:154,(anonymous_7)
FN:160,(anonymous_8)
FNF:9
FNH:9
FNDA:10,(anonymous_0)
FNDA:30,(anonymous_1)
FNDA:10,(anonymous_2)
FNDA:10,(anonymous_3)
FNDA:10,(anonymous_4)
FNDA:10,(anonymous_5)
FNDA:10,(anonymous_6)
FNDA:10,(anonymous_7)
FNDA:10,(anonymous_8)
DA:9,2
DA:10,10
DA:11,30
DA:19,10
DA:20,10
DA:22,10
DA:26,10
DA:27,10
DA:38,10
DA:41,10
DA:42,10
DA:57,10
DA:64,10
DA:65,0
DA:79,10
DA:88,10
DA:154,10
DA:160,10
LF:18
LH:17
BRDA:38,0,0,10
BRDA:38,0,1,0
BRDA:57,1,0,10
BRDA:57,1,1,0
BRDA:64,2,0,0
BRDA:64,2,1,10
BRDA:101,3,0,10
BRDA:101,3,1,10
BRDA:135,4,0,10
BRDA:135,4,1,0
BRF:10
BRH:6
end_of_record
TN:
SF:src/components/analytics/index.ts
FNF:0
FNH:0
LF:0
LH:0
BRF:0
BRH:0
end_of_record
TN:
SF:src/components/auth/LoginForm.tsx
FN:10,(anonymous_0)
FN:19,(anonymous_1)
FN:36,(anonymous_2)
FN:38,(anonymous_3)
FN:42,(anonymous_4)
FN:51,(anonymous_5)
FNF:6
FNH:6
FNDA:142,(anonymous_0)
FNDA:6,(anonymous_1)
FNDA:112,(anonymous_2)
FNDA:112,(anonymous_3)
FNDA:1,(anonymous_4)
FNDA:6,(anonymous_5)
DA:10,2
DA:11,142
DA:12,142
DA:16,142
DA:17,142
DA:19,142
DA:20,6
DA:22,6
DA:23,2
DA:24,4
DA:25,1
DA:28,6
DA:29,3
DA:32,6
DA:33,6
DA:36,142
DA:37,112
DA:38,112
DA:41,112
DA:42,1
DA:46,112
DA:47,0
DA:51,142
DA:52,6
DA:54,6
DA:55,3
DA:58,3
DA:59,3
DA:60,2
DA:62,1
DA:66,142
LF:31
LH:30
BRDA:22,0,0,2
BRDA:22,0,1,4
BRDA:24,1,0,1
BRDA:24,1,1,3
BRDA:28,2,0,3
BRDA:28,2,1,3
BRDA:41,3,0,1
BRDA:41,3,1,111
BRDA:46,4,0,0
BRDA:46,4,1,112
BRDA:54,5,0,3
BRDA:54,5,1,3
BRDA:62,6,0,1
BRDA:62,6,1,0
BRDA:73,7,0,142
BRDA:73,7,1,1
BRDA:90,8,0,3
BRDA:90,8,1,139
BRDA:95,9,0,142
BRDA:95,9,1,3
BRDA:111,10,0,19
BRDA:111,10,1,123
BRDA:116,11,0,142
BRDA:116,11,1,19
BRDA:126,12,0,13
BRDA:126,12,1,129
BRDA:130,13,0,142
BRDA:130,13,1,5
BRF:28
BRH:26
end_of_record
TN:
SF:src/components/auth/ProtectedRoute.tsx
FN:10,(anonymous_0)
FNF:1
FNH:1
FNDA:1,(anonymous_0)
DA:10,2
DA:14,1
DA:15,1
DA:18,1
DA:19,0
DA:29,1
DA:30,1
DA:40,0
LF:8
LH:6
BRDA:12,0,0,1
BRDA:18,1,0,0
BRDA:18,1,1,1
BRDA:29,2,0,1
BRDA:29,2,1,0
BRF:5
BRH:3
end_of_record
TN:
SF:src/components/auth/RegisterForm.tsx
FN:10,(anonymous_0)
FN:38,(anonymous_1)
FN:69,(anonymous_2)
FN:71,(anonymous_3)
FN:75,(anonymous_4)
FN:84,(anonymous_5)
FN:198,(anonymous_6)
FNF:7
FNH:6
FNDA:276,(anonymous_0)
FNDA:8,(anonymous_1)
FNDA:240,(anonymous_2)
FNDA:240,(anonymous_3)
FNDA:0,(anonymous_4)
FNDA:8,(anonymous_5)
FNDA:3036,(anonymous_6)
DA:10,2
DA:11,276
DA:12,276
DA:21,276
DA:22,276
DA:24,276
DA:38,276
DA:39,8
DA:41,8
DA:42,4
DA:43,4
DA:44,0
DA:47,8
DA:48,3
DA:49,5
DA:50,1
DA:53,8
DA:54,4
DA:57,8
DA:58,4
DA:61,8
DA:62,1
DA:65,8
DA:66,8
DA:69,276
DA:70,240
DA:71,240
DA:74,240
DA:75,0
DA:79,240
DA:80,0
DA:84,276
DA:85,8
DA:87,8
DA:88,4
DA:91,4
DA:93,4
DA:100,4
DA:101,3
DA:103,1
DA:107,276
DA:199,3036
LF:42
LH:39
BRDA:41,0,0,4
BRDA:41,0,1,4
BRDA:43,1,0,0
BRDA:43,1,1,4
BRDA:47,2,0,3
BRDA:47,2,1,5
BRDA:49,3,0,1
BRDA:49,3,1,4
BRDA:53,4,0,4
BRDA:53,4,1,4
BRDA:57,5,0,4
BRDA:57,5,1,4
BRDA:61,6,0,1
BRDA:61,6,1,7
BRDA:61,7,0,8
BRDA:61,7,1,3
BRDA:74,8,0,0
BRDA:74,8,1,240
BRDA:79,9,0,0
BRDA:79,9,1,240
BRDA:87,10,0,4
BRDA:87,10,1,4
BRDA:95,11,0,4
BRDA:95,11,1,3
BRDA:96,12,0,4
BRDA:96,12,1,3
BRDA:97,13,0,4
BRDA:97,13,1,3
BRDA:103,14,0,1
BRDA:103,14,1,0
BRDA:114,15,0,276
BRDA:114,15,1,1
BRDA:131,16,0,4
BRDA:131,16,1,272
BRDA:136,17,0,276
BRDA:136,17,1,4
BRDA:152,18,0,4
BRDA:152,18,1,272
BRDA:157,19,0,276
BRDA:157,19,1,4
BRDA:173,20,0,4
BRDA:173,20,1,272
BRDA:178,21,0,276
BRDA:178,21,1,4
BRDA:193,22,0,4
BRDA:193,22,1,272
BRDA:202,23,0,276
BRDA:202,23,1,4
BRDA:234,24,0,1
BRDA:234,24,1,275
BRDA:239,25,0,276
BRDA:239,25,1,1
BRDA:265,26,0,16
BRDA:265,26,1,260
BRDA:269,27,0,276
BRDA:269,27,1,2
BRF:56
BRH:52
end_of_record
TN:
SF:src/components/common/ErrorMessage.tsx
FN:9,(anonymous_0)
FNF:1
FNH:1
FNDA:1,(anonymous_0)
DA:9,2
DA:14,1
LF:2
LH:2
BRDA:12,0,0,1
BRDA:39,1,0,1
BRDA:39,1,1,1
BRF:3
BRH:3
end_of_record
TN:
SF:src/components/common/LoadingSpinner.tsx
FN:9,(anonymous_0)
FNF:1
FNH:1
FNDA:12,(anonymous_0)
DA:9,2
DA:14,12
DA:20,12
DA:26,12
LF:4
LH:4
BRDA:10,0,0,0
BRDA:11,1,0,12
BRDA:12,2,0,12
BRF:3
BRH:2
end_of_record
TN:
SF:src/components/content/ContentEditor.tsx
FN:13,(anonymous_0)
FN:25,(anonymous_1)
FN:41,(anonymous_2)
FN:45,(anonymous_3)
FN:49,(anonymous_4)
FN:53,(anonymous_5)
FN:59,(anonymous_6)
FN:60,(anonymous_7)
FN:61,(anonymous_8)
FN:66,(anonymous_9)
FN:75,(anonymous_10)
FN:76,(anonymous_11)
FN:81,(anonymous_12)
FN:89,(anonymous_13)
FN:108,(anonymous_14)
FN:111,(anonymous_15)
FN:140,(anonymous_16)
FN:145,(anonymous_17)
FN:150,(anonymous_18)
FN:152,(anonymous_19)
FN:170,(anonymous_20)
FN:176,(anonymous_21)
FN:181,(anonymous_22)
FN:183,(anonymous_23)
FN:205,(anonymous_24)
FN:209,(anonymous_25)
FN:218,(anonymous_26)
FN:225,(anonymous_27)
FN:238,(anonymous_28)
FN:240,(anonymous_29)
FN:255,(anonymous_30)
FN:258,(anonymous_31)
FN:280,(anonymous_32)
FN:312,(anonymous_33)
FNF:34
FNH:33
FNDA:306,(anonymous_0)
FNDA:133,(anonymous_1)
FNDA:133,(anonymous_2)
FNDA:24,(anonymous_3)
FNDA:16,(anonymous_4)
FNDA:29,(anonymous_5)
FNDA:55,(anonymous_6)
FNDA:55,(anonymous_7)
FNDA:47,(anonymous_8)
FNDA:1,(anonymous_9)
FNDA:1,(anonymous_10)
FNDA:3,(anonymous_11)
FNDA:916,(anonymous_12)
FNDA:916,(anonymous_13)
FNDA:916,(anonymous_14)
FNDA:632,(anonymous_15)
FNDA:24,(anonymous_16)
FNDA:210,(anonymous_17)
FNDA:210,(anonymous_18)
FNDA:210,(anonymous_19)
FNDA:16,(anonymous_20)
FNDA:211,(anonymous_21)
FNDA:211,(anonymous_22)
FNDA:2,(anonymous_23)
FNDA:29,(anonymous_24)
FNDA:211,(anonymous_25)
FNDA:1136,(anonymous_26)
FNDA:1,(anonymous_27)
FNDA:211,(anonymous_28)
FNDA:0,(anonymous_29)
FNDA:2416,(anonymous_30)
FNDA:1,(anonymous_31)
FNDA:1136,(anonymous_32)
FNDA:211,(anonymous_33)
DA:13,3
DA:19,306
DA:20,306
DA:21,306
DA:24,306
DA:26,133
DA:27,133
DA:28,133
DA:29,132
DA:30,132
DA:32,0
DA:34,132
DA:41,306
DA:42,133
DA:45,306
DA:46,24
DA:49,306
DA:50,16
DA:53,306
DA:54,29
DA:57,29
DA:59,55
DA:60,55
DA:61,47
DA:63,29
DA:66,306
DA:67,1
DA:68,1
DA:69,1
DA:70,1
DA:71,1
DA:75,306
DA:76,3
DA:77,1
DA:78,1
DA:81,306
DA:82,916
DA:83,916
DA:84,912
DA:85,904
DA:86,904
DA:89,306
DA:90,916
DA:91,916
DA:92,4
DA:98,912
DA:99,8
DA:105,904
DA:108,306
DA:109,916
DA:111,732
DA:112,732
DA:114,521
DA:117,306
DA:140,24
DA:145,210
DA:150,210
DA:152,210
DA:170,16
DA:176,211
DA:181,211
DA:183,2
DA:205,29
DA:209,211
DA:219,1136
DA:225,1
DA:238,211
DA:240,0
DA:256,2416
DA:258,1
DA:280,1136
DA:313,211
LF:72
LH:70
BRDA:61,0,0,23
BRDA:61,0,1,24
BRDA:68,1,0,1
BRDA:68,1,1,0
BRDA:68,2,0,1
BRDA:68,2,1,1
BRDA:83,3,0,4
BRDA:83,3,1,912
BRDA:84,4,0,8
BRDA:84,4,1,904
BRDA:85,5,0,0
BRDA:85,5,1,904
BRDA:91,6,0,4
BRDA:91,6,1,912
BRDA:98,7,0,8
BRDA:98,7,1,904
BRDA:109,8,0,184
BRDA:109,8,1,732
BRDA:112,9,0,211
BRDA:112,9,1,521
BRDA:124,10,0,306
BRDA:124,10,1,137
BRDA:150,11,0,306
BRDA:150,11,1,210
BRDA:181,12,0,306
BRDA:181,12,1,1
BRDA:189,13,0,306
BRDA:189,13,1,304
BRDA:216,14,0,304
BRDA:216,14,1,304
BRDA:238,15,0,304
BRDA:238,15,1,0
BRDA:251,16,0,306
BRDA:251,16,1,304
BRDA:251,16,2,302
BRDA:259,17,0,2416
BRDA:259,17,1,1812
BRDA:274,18,0,306
BRDA:274,18,1,0
BRDA:276,19,0,306
BRDA:276,19,1,0
BRDA:278,20,0,306
BRDA:278,20,1,306
BRDA:278,20,2,304
BRDA:288,21,0,306
BRDA:288,21,1,244
BRDA:290,22,0,34
BRDA:290,22,1,210
BRDA:295,23,0,34
BRDA:295,23,1,210
BRDA:309,24,0,1
BRDA:309,24,1,209
BRF:52
BRH:47
end_of_record
TN:
SF:src/components/content/ContentPreview.tsx
FN:10,(anonymous_0)
FN:15,(anonymous_1)
FN:23,(anonymous_2)
FN:26,(anonymous_3)
FN:32,(anonymous_4)
FN:33,(anonymous_5)
FN:49,(anonymous_6)
FN:51,(anonymous_7)
FN:67,(anonymous_8)
FN:69,(anonymous_9)
FN:90,(anonymous_10)
FN:92,(anonymous_11)
FNF:12
FNH:5
FNDA:24,(anonymous_0)
FNDA:72,(anonymous_1)
FNDA:72,(anonymous_2)
FNDA:0,(anonymous_3)
FNDA:48,(anonymous_4)
FNDA:188,(anonymous_5)
FNDA:0,(anonymous_6)
FNDA:0,(anonymous_7)
FNDA:0,(anonymous_8)
FNDA:0,(anonymous_9)
FNDA:0,(anonymous_10)
FNDA:0,(anonymous_11)
DA:10,2
DA:15,24
DA:16,72
DA:17,72
DA:18,72
DA:19,72
DA:20,72
DA:23,24
DA:24,72
DA:26,0
DA:27,0
DA:29,0
DA:32,24
DA:33,188
DA:36,24
DA:49,0
DA:51,0
DA:67,0
DA:69,0
DA:90,0
DA:92,0
LF:21
LH:12
BRDA:17,0,0,0
BRDA:17,0,1,72
BRDA:18,1,0,0
BRDA:18,1,1,72
BRDA:19,2,0,0
BRDA:19,2,1,72
BRDA:24,3,0,72
BRDA:24,3,1,0
BRDA:27,4,0,0
BRDA:27,4,1,0
BRDA:33,5,0,0
BRDA:33,5,1,188
BRDA:47,6,0,24
BRDA:47,6,1,0
BRDA:49,7,0,24
BRDA:49,7,1,0
BRDA:65,8,0,24
BRDA:65,8,1,0
BRDA:67,9,0,24
BRDA:67,9,1,0
BRDA:75,10,0,24
BRDA:75,10,1,24
BRDA:84,11,0,24
BRDA:84,11,1,0
BRDA:90,12,0,24
BRDA:90,12,1,0
BRDA:105,13,0,24
BRDA:105,13,1,24
BRDA:105,13,2,24
BRDA:113,14,0,24
BRDA:113,14,1,0
BRDA:115,15,0,0
BRDA:115,15,1,0
BRDA:120,16,0,0
BRDA:120,16,1,0
BRDA:133,17,0,0
BRDA:133,17,1,0
BRF:37
BRH:17
end_of_record
TN:
SF:src/components/content/ContentReview.tsx
FN:16,(anonymous_0)
FN:35,(anonymous_1)
FN:40,(anonymous_2)
FN:44,(anonymous_3)
FN:56,(anonymous_4)
FN:59,(anonymous_5)
FN:69,(anonymous_6)
FN:77,(anonymous_7)
FN:78,(anonymous_8)
FN:82,(anonymous_9)
FN:86,(anonymous_10)
FN:87,(anonymous_11)
FN:99,(anonymous_12)
FN:100,(anonymous_13)
FN:109,(anonymous_14)
FN:110,(anonymous_15)
FN:116,(anonymous_16)
FN:119,(anonymous_17)
FN:128,(anonymous_18)
FN:129,(anonymous_19)
FN:135,(anonymous_20)
FN:136,(anonymous_21)
FN:141,(anonymous_22)
FN:247,(anonymous_23)
FN:266,(anonymous_24)
FN:267,(anonymous_25)
FNF:26
FNH:23
FNDA:105,(anonymous_0)
FNDA:17,(anonymous_1)
FNDA:17,(anonymous_2)
FNDA:18,(anonymous_3)
FNDA:17,(anonymous_4)
FNDA:31,(anonymous_5)
FNDA:17,(anonymous_6)
FNDA:4,(anonymous_7)
FNDA:4,(anonymous_8)
FNDA:4,(anonymous_9)
FNDA:0,(anonymous_10)
FNDA:0,(anonymous_11)
FNDA:110,(anonymous_12)
FNDA:106,(anonymous_13)
FNDA:4,(anonymous_14)
FNDA:4,(anonymous_15)
FNDA:1,(anonymous_16)
FNDA:2,(anonymous_17)
FNDA:191,(anonymous_18)
FNDA:220,(anonymous_19)
FNDA:486,(anonymous_20)
FNDA:964,(anonymous_21)
FNDA:964,(anonymous_22)
FNDA:134,(anonymous_23)
FNDA:0,(anonymous_24)
FNDA:110,(anonymous_25)
DA:16,2
DA:23,105
DA:24,105
DA:31,105
DA:32,105
DA:35,105
DA:36,17
DA:40,105
DA:41,17
DA:44,105
DA:45,18
DA:46,18
DA:47,18
DA:48,16
DA:50,1
DA:52,17
DA:56,105
DA:57,17
DA:59,17
DA:60,31
DA:61,31
DA:69,17
DA:77,105
DA:78,4
DA:82,4
DA:86,105
DA:87,0
DA:99,105
DA:100,110
DA:109,105
DA:110,4
DA:116,105
DA:118,1
DA:119,1
DA:120,2
DA:121,2
DA:125,1
DA:128,105
DA:129,191
DA:130,220
DA:131,220
DA:135,105
DA:136,486
DA:137,964
DA:138,964
DA:141,486
DA:142,964
DA:143,964
DA:146,486
DA:153,105
DA:154,35
DA:162,70
DA:163,1
DA:186,69
DA:248,134
DA:249,134
DA:251,134
DA:253,134
DA:266,0
DA:267,110
LF:60
LH:58
BRDA:21,0,0,102
BRDA:80,1,0,0
BRDA:80,1,1,4
BRDA:120,2,0,2
BRDA:120,2,1,0
BRDA:131,3,0,220
BRDA:131,3,1,156
BRDA:138,4,0,964
BRDA:138,4,1,132
BRDA:143,5,0,964
BRDA:143,5,1,832
BRDA:153,6,0,35
BRDA:153,6,1,70
BRDA:162,7,0,1
BRDA:162,7,1,69
BRDA:211,8,0,55
BRDA:211,8,1,14
BRDA:216,9,0,55
BRDA:216,9,1,14
BRDA:219,10,0,69
BRDA:219,10,1,55
BRDA:221,11,0,52
BRDA:221,11,1,3
BRDA:227,12,0,52
BRDA:227,12,1,0
BRDA:251,13,0,0
BRDA:251,13,1,134
BRDA:251,14,0,134
BRDA:251,14,1,134
BRDA:262,15,0,110
BRDA:262,15,1,24
BRDA:282,16,0,69
BRDA:282,16,1,68
BRDA:299,17,0,52
BRDA:299,17,1,16
BRDA:300,18,0,52
BRDA:300,18,1,0
BRDA:315,19,0,1
BRDA:315,19,1,68
BRDA:329,20,0,1
BRDA:329,20,1,68
BRDA:342,21,0,69
BRDA:342,21,1,68
BRDA:342,21,2,16
BRDA:345,22,0,1
BRDA:345,22,1,68
BRF:46
BRH:41
end_of_record
TN:
SF:src/components/content/PlatformSelector.tsx
FN:11,(anonymous_0)
FN:17,(anonymous_1)
FN:52,(anonymous_2)
FN:71,(anonymous_3)
FN:85,(anonymous_4)
FN:92,(anonymous_5)
FN:125,(anonymous_6)
FN:155,(anonymous_7)
FN:155,(anonymous_8)
FN:165,(anonymous_9)
FN:174,(anonymous_10)
FNF:11
FNH:8
FNDA:75,(anonymous_0)
FNDA:137,(anonymous_1)
FNDA:137,(anonymous_2)
FNDA:137,(anonymous_3)
FNDA:2,(anonymous_4)
FNDA:2,(anonymous_5)
FNDA:273,(anonymous_6)
FNDA:0,(anonymous_7)
FNDA:0,(anonymous_8)
FNDA:138,(anonymous_9)
FNDA:0,(anonymous_10)
DA:11,3
DA:17,75
DA:18,137
DA:20,137
DA:26,0
DA:32,0
DA:38,0
DA:44,0
DA:52,75
DA:53,137
DA:55,137
DA:57,0
DA:59,0
DA:61,0
DA:63,0
DA:67,75
DA:72,137
DA:73,137
DA:75,137
DA:77,137
DA:85,2
DA:92,2
DA:126,273
DA:155,0
DA:166,138
DA:167,138
DA:175,0
DA:176,0
LF:28
LH:17
BRDA:18,0,0,137
BRDA:18,0,1,0
BRDA:18,0,2,0
BRDA:18,0,3,0
BRDA:18,0,4,0
BRDA:53,1,0,137
BRDA:53,1,1,0
BRDA:53,1,2,0
BRDA:53,1,3,0
BRDA:53,1,4,0
BRDA:73,2,0,0
BRDA:73,2,1,137
BRDA:81,3,0,134
BRDA:81,3,1,3
BRDA:100,4,0,134
BRDA:100,4,1,3
BRDA:117,5,0,137
BRDA:117,5,1,137
BRDA:133,6,0,137
BRDA:133,6,1,0
BRDA:153,7,0,75
BRDA:153,7,1,72
BRDA:163,8,0,75
BRDA:163,8,1,72
BRDA:167,9,0,134
BRDA:167,9,1,4
BRF:26
BRH:16
end_of_record
TN:
SF:src/components/content/index.ts
FNF:0
FNH:0
LF:0
LH:0
BRF:0
BRH:0
end_of_record
TN:
SF:src/components/image/ImageGallery.tsx
FN:15,(anonymous_0)
FN:31,(anonymous_1)
FN:36,(anonymous_2)
FN:42,(anonymous_3)
FN:55,(anonymous_4)
FN:56,(anonymous_5)
FN:59,(anonymous_6)
FN:62,(anonymous_7)
FN:62,(anonymous_8)
FN:63,(anonymous_9)
FN:63,(anonymous_10)
FN:67,(anonymous_11)
FN:78,(anonymous_12)
FN:83,(anonymous_13)
FN:94,(anonymous_14)
FN:99,(anonymous_15)
FN:104,(anonymous_16)
FN:110,(anonymous_17)
FN:130,(anonymous_18)
FN:132,(anonymous_19)
FN:138,(anonymous_20)
FN:162,(anonymous_21)
FN:171,(anonymous_22)
FN:204,(anonymous_23)
FN:215,(anonymous_24)
FN:245,(anonymous_25)
FN:274,(anonymous_26)
FNF:27
FNH:22
FNDA:73,(anonymous_0)
FNDA:19,(anonymous_1)
FNDA:71,(anonymous_2)
FNDA:19,(anonymous_3)
FNDA:0,(anonymous_4)
FNDA:0,(anonymous_5)
FNDA:1,(anonymous_6)
FNDA:1,(anonymous_7)
FNDA:2,(anonymous_8)
FNDA:1,(anonymous_9)
FNDA:0,(anonymous_10)
FNDA:2,(anonymous_11)
FNDA:2,(anonymous_12)
FNDA:0,(anonymous_13)
FNDA:4,(anonymous_14)
FNDA:74,(anonymous_15)
FNDA:56,(anonymous_16)
FNDA:27,(anonymous_17)
FNDA:1,(anonymous_18)
FNDA:2,(anonymous_19)
FNDA:2,(anonymous_20)
FNDA:0,(anonymous_21)
FNDA:1,(anonymous_22)
FNDA:28,(anonymous_23)
FNDA:1,(anonymous_24)
FNDA:54,(anonymous_25)
FNDA:1,(anonymous_26)
DA:15,1
DA:22,73
DA:23,73
DA:24,73
DA:25,73
DA:26,73
DA:27,73
DA:28,73
DA:31,73
DA:32,19
DA:36,73
DA:37,71
DA:38,3
DA:42,73
DA:43,19
DA:44,19
DA:45,19
DA:46,19
DA:47,17
DA:49,2
DA:51,19
DA:55,73
DA:56,0
DA:59,73
DA:60,1
DA:61,1
DA:62,2
DA:63,1
DA:66,1
DA:67,1
DA:68,2
DA:70,1
DA:73,0
DA:74,0
DA:78,73
DA:81,2
DA:82,1
DA:83,0
DA:85,1
DA:88,1
DA:91,2
DA:93,2
DA:94,4
DA:95,2
DA:99,73
DA:100,74
DA:103,74
DA:104,28
DA:105,56
DA:110,74
DA:111,27
DA:113,27
DA:115,1
DA:116,1
DA:118,0
DA:119,0
DA:122,26
DA:123,26
DA:126,27
DA:130,73
DA:131,1
DA:132,2
DA:133,1
DA:135,1
DA:137,1
DA:138,2
DA:139,1
DA:143,73
DA:145,73
DA:146,19
DA:156,54
DA:162,0
DA:171,1
DA:204,28
DA:216,1
DA:217,1
DA:218,1
DA:246,54
DA:274,1
LF:79
LH:72
BRDA:17,0,0,69
BRDA:18,1,0,61
BRDA:19,2,0,70
BRDA:20,3,0,72
BRDA:37,4,0,3
BRDA:37,4,1,68
BRDA:49,5,0,2
BRDA:49,5,1,0
BRDA:66,6,0,1
BRDA:66,6,1,0
BRDA:68,7,0,2
BRDA:68,7,1,0
BRDA:81,8,0,1
BRDA:81,8,1,1
BRDA:82,9,0,0
BRDA:82,9,1,1
BRDA:88,10,0,0
BRDA:88,10,1,1
BRDA:93,11,0,2
BRDA:93,11,1,0
BRDA:103,12,0,28
BRDA:103,12,1,46
BRDA:113,13,0,1
BRDA:113,13,1,0
BRDA:113,13,2,26
BRDA:113,13,3,26
BRDA:126,14,0,1
BRDA:126,14,1,26
BRDA:133,15,0,0
BRDA:133,15,1,1
BRDA:137,16,0,1
BRDA:137,16,1,0
BRDA:145,17,0,19
BRDA:145,17,1,54
BRDA:159,18,0,54
BRDA:159,18,1,54
BRDA:167,19,0,54
BRDA:167,19,1,2
BRDA:180,20,0,54
BRDA:180,20,1,50
BRDA:187,21,0,50
BRDA:187,21,1,47
BRDA:187,21,2,25
BRDA:192,22,0,2
BRDA:192,22,1,23
BRDA:234,23,0,54
BRDA:234,23,1,5
BRDA:237,24,0,2
BRDA:237,24,1,3
BRDA:243,25,0,28
BRDA:243,25,1,26
BRDA:250,26,0,25
BRDA:250,26,1,29
BRDA:270,27,0,22
BRDA:270,27,1,4
BRDA:272,28,0,26
BRDA:272,28,1,22
BRF:57
BRH:48
end_of_record
TN:
SF:src/components/image/ImagePreview.tsx
FN:13,(anonymous_0)
FN:24,(anonymous_1)
FN:40,(anonymous_2)
FN:46,(anonymous_3)
FN:54,(anonymous_4)
FN:104,(anonymous_5)
FN:120,(anonymous_6)
FN:156,(anonymous_7)
FN:165,(anonymous_8)
FNF:9
FNH:7
FNDA:82,(anonymous_0)
FNDA:5,(anonymous_1)
FNDA:3,(anonymous_2)
FNDA:82,(anonymous_3)
FNDA:82,(anonymous_4)
FNDA:3,(anonymous_5)
FNDA:5,(anonymous_6)
FNDA:0,(anonymous_7)
FNDA:0,(anonymous_8)
DA:13,3
DA:21,82
DA:22,82
DA:24,82
DA:25,5
DA:27,5
DA:28,5
DA:30,4
DA:31,4
DA:32,4
DA:34,0
DA:36,3
DA:40,82
DA:41,3
DA:42,3
DA:46,82
DA:47,82
DA:48,82
DA:49,82
DA:50,82
DA:51,82
DA:54,82
DA:55,82
DA:62,82
DA:105,3
DA:106,3
DA:121,5
DA:122,5
DA:156,0
DA:165,0
LF:30
LH:27
BRDA:17,0,0,25
BRDA:18,1,0,7
BRDA:19,2,0,81
BRDA:25,3,0,0
BRDA:25,3,1,5
BRDA:28,4,0,1
BRDA:28,4,1,4
BRDA:41,5,0,3
BRDA:41,5,1,0
BRDA:47,6,0,0
BRDA:47,6,1,82
BRDA:68,7,0,9
BRDA:68,7,1,73
BRDA:69,8,0,30
BRDA:69,8,1,52
BRDA:84,9,0,82
BRDA:84,9,1,4
BRDA:91,10,0,82
BRDA:91,10,1,9
BRDA:100,11,0,82
BRDA:100,11,1,78
BRDA:118,12,0,78
BRDA:118,12,1,65
BRDA:153,13,0,82
BRDA:153,13,1,3
BRF:25
BRH:22
end_of_record
TN:
SF:src/components/image/ImageUpload.tsx
FN:15,(anonymous_0)
FN:30,(anonymous_1)
FN:58,(anonymous_2)
FN:71,(anonymous_3)
FN:80,(anonymous_4)
FN:81,(anonymous_5)
FN:86,(anonymous_6)
FN:87,(anonymous_7)
FN:88,(anonymous_8)
FN:99,(anonymous_9)
FN:100,(anonymous_10)
FN:111,(anonymous_11)
FN:120,(anonymous_12)
FN:121,(anonymous_13)
FN:134,(anonymous_14)
FN:139,(anonymous_15)
FN:144,(anonymous_16)
FN:152,(anonymous_17)
FN:162,(anonymous_18)
FN:166,(anonymous_19)
FN:170,(anonymous_20)
FN:239,(anonymous_21)
FN:262,(anonymous_22)
FN:266,(anonymous_23)
FN:273,(anonymous_24)
FN:278,(anonymous_25)
FN:279,(anonymous_26)
FNF:27
FNH:21
FNDA:82,(anonymous_0)
FNDA:8,(anonymous_1)
FNDA:8,(anonymous_2)
FNDA:5,(anonymous_3)
FNDA:4,(anonymous_4)
FNDA:4,(anonymous_5)
FNDA:0,(anonymous_6)
FNDA:0,(anonymous_7)
FNDA:0,(anonymous_8)
FNDA:3,(anonymous_9)
FNDA:3,(anonymous_10)
FNDA:0,(anonymous_11)
FNDA:1,(anonymous_12)
FNDA:1,(anonymous_13)
FNDA:1,(anonymous_14)
FNDA:1,(anonymous_15)
FNDA:7,(anonymous_16)
FNDA:1,(anonymous_17)
FNDA:2,(anonymous_18)
FNDA:1,(anonymous_19)
FNDA:0,(anonymous_20)
FNDA:6,(anonymous_21)
FNDA:7,(anonymous_22)
FNDA:0,(anonymous_23)
FNDA:7,(anonymous_24)
FNDA:5,(anonymous_25)
FNDA:5,(anonymous_26)
DA:15,2
DA:22,82
DA:23,82
DA:25,82
DA:26,82
DA:27,82
DA:28,82
DA:30,82
DA:34,8
DA:35,8
DA:38,8
DA:39,0
DA:43,0
DA:46,8
DA:47,8
DA:48,8
DA:49,3
DA:51,5
DA:55,8
DA:58,82
DA:59,8
DA:61,8
DA:62,8
DA:64,8
DA:65,3
DA:68,5
DA:71,5
DA:76,5
DA:78,5
DA:80,5
DA:81,4
DA:84,5
DA:87,0
DA:88,0
DA:89,0
DA:97,4
DA:99,4
DA:100,3
DA:108,4
DA:111,4
DA:112,0
DA:115,0
DA:118,1
DA:120,1
DA:121,1
DA:128,1
DA:130,5
DA:134,82
DA:135,1
DA:136,1
DA:139,82
DA:140,1
DA:141,1
DA:144,82
DA:145,7
DA:146,7
DA:148,7
DA:149,7
DA:152,82
DA:153,1
DA:154,1
DA:157,1
DA:158,1
DA:162,82
DA:163,2
DA:166,82
DA:167,1
DA:170,82
DA:171,0
DA:172,0
DA:173,0
DA:177,82
DA:240,6
DA:263,7
DA:266,0
DA:273,7
DA:278,5
DA:280,5
LF:78
LH:67
BRDA:18,0,0,82
BRDA:19,1,0,81
BRDA:20,2,0,81
BRDA:38,3,0,0
BRDA:38,3,1,8
BRDA:48,4,0,3
BRDA:48,4,1,5
BRDA:59,5,0,0
BRDA:59,5,1,8
BRDA:64,6,0,3
BRDA:64,6,1,5
BRDA:89,7,0,0
BRDA:89,7,1,0
BRDA:90,8,0,0
BRDA:90,8,1,0
BRDA:97,9,0,4
BRDA:97,9,1,0
BRDA:115,10,0,0
BRDA:115,10,1,0
BRDA:118,11,0,1
BRDA:118,11,1,0
BRDA:153,12,0,1
BRDA:153,12,1,0
BRDA:157,13,0,1
BRDA:157,13,1,0
BRDA:172,14,0,0
BRDA:172,14,1,0
BRDA:172,15,0,0
BRDA:172,15,1,0
BRDA:184,16,0,1
BRDA:184,16,1,81
BRDA:188,17,0,0
BRDA:188,17,1,82
BRDA:218,18,0,1
BRDA:218,18,1,81
BRDA:231,19,0,82
BRDA:231,19,1,6
BRDA:259,20,0,82
BRDA:259,20,1,7
BRDA:273,21,0,82
BRDA:273,21,1,5
BRF:41
BRH:24
end_of_record
TN:
SF:src/components/image/UploadProgress.tsx
FN:9,(anonymous_0)
FN:10,(anonymous_1)
FN:38,(anonymous_2)
FN:55,(anonymous_3)
FN:69,(anonymous_4)
FNF:5
FNH:5
FNDA:17,(anonymous_0)
FNDA:17,(anonymous_1)
FNDA:17,(anonymous_2)
FNDA:3,(anonymous_3)
FNDA:17,(anonymous_4)
DA:9,3
DA:10,17
DA:11,17
DA:13,4
DA:18,3
DA:22,5
DA:28,5
DA:34,0
DA:38,17
DA:39,17
DA:41,4
DA:43,2
DA:45,1
DA:47,5
DA:49,5
DA:51,0
DA:55,17
DA:56,3
DA:59,3
DA:61,0
DA:63,0
DA:65,0
DA:69,17
DA:70,17
DA:71,16
DA:72,16
DA:73,16
DA:74,16
DA:77,17
LF:29
LH:24
BRDA:11,0,0,4
BRDA:11,0,1,2
BRDA:11,0,2,3
BRDA:11,0,3,5
BRDA:11,0,4,5
BRDA:11,0,5,0
BRDA:39,1,0,4
BRDA:39,1,1,2
BRDA:39,1,2,1
BRDA:39,1,3,5
BRDA:39,1,4,5
BRDA:39,1,5,0
BRDA:49,2,0,5
BRDA:49,2,1,1
BRDA:56,3,0,2
BRDA:56,3,1,3
BRDA:56,3,2,0
BRDA:56,3,3,0
BRDA:56,3,4,0
BRDA:70,4,0,1
BRDA:70,4,1,16
BRDA:101,5,0,17
BRDA:101,5,1,15
BRDA:101,5,2,3
BRDA:114,6,0,17
BRDA:114,6,1,5
BRDA:114,6,2,3
BRF:27
BRH:22
end_of_record
TN:
SF:src/components/image/index.ts
FNF:0
FNH:0
LF:0
LH:0
BRF:0
BRH:0
end_of_record
TN:
SF:src/components/platform/ConnectionTestDialog.tsx
FN:9,(anonymous_0)
FN:13,(anonymous_1)
FN:16,(anonymous_2)
FN:31,(anonymous_3)
FN:96,(anonymous_4)
FNF:5
FNH:5
FNDA:17,(anonymous_0)
FNDA:46,(anonymous_1)
FNDA:46,(anonymous_2)
FNDA:46,(anonymous_3)
FNDA:46,(anonymous_4)
DA:9,1
DA:13,46
DA:14,17
DA:16,17
DA:17,46
DA:28,46
DA:31,17
DA:32,46
DA:43,46
DA:46,17
DA:97,46
LF:11
LH:11
BRDA:28,0,0,46
BRDA:28,0,1,10
BRDA:43,1,0,46
BRDA:43,1,1,10
BRDA:100,2,0,27
BRDA:100,2,1,19
BRDA:113,3,0,27
BRDA:113,3,1,19
BRDA:121,4,0,27
BRDA:121,4,1,19
BRDA:134,5,0,46
BRDA:134,5,1,28
BRDA:137,6,0,28
BRDA:137,6,1,28
BRDA:145,7,0,28
BRDA:145,7,1,21
BRF:16
BRH:16
end_of_record
TN:
SF:src/components/platform/ContentTemplateManager.tsx
FN:27,(anonymous_0)
FN:56,(anonymous_1)
FN:60,(anonymous_2)
FN:73,(anonymous_3)
FN:86,(anonymous_4)
FN:101,(anonymous_5)
FN:114,(anonymous_6)
FN:130,(anonymous_7)
FN:145,(anonymous_8)
FN:150,(anonymous_9)
FN:154,(anonymous_10)
FN:156,(anonymous_11)
FN:189,(anonymous_12)
FN:193,(anonymous_13)
FN:207,(anonymous_14)
FN:211,(anonymous_15)
FN:225,(anonymous_16)
FN:232,(anonymous_17)
FN:252,(anonymous_18)
FN:284,(anonymous_19)
FN:290,(anonymous_20)
FN:327,(anonymous_21)
FN:339,(anonymous_22)
FN:353,(anonymous_23)
FN:368,(anonymous_24)
FN:385,(anonymous_25)
FN:398,(anonymous_26)
FN:401,(anonymous_27)
FN:416,(anonymous_28)
FN:428,(anonymous_29)
FN:433,(anonymous_30)
FN:447,(anonymous_31)
FNF:32
FNH:26
FNDA:61,(anonymous_0)
FNDA:20,(anonymous_1)
FNDA:22,(anonymous_2)
FNDA:0,(anonymous_3)
FNDA:1,(anonymous_4)
FNDA:1,(anonymous_5)
FNDA:1,(anonymous_6)
FNDA:2,(anonymous_7)
FNDA:1,(anonymous_8)
FNDA:13,(anonymous_9)
FNDA:5,(anonymous_10)
FNDA:2,(anonymous_11)
FNDA:1,(anonymous_12)
FNDA:488,(anonymous_13)
FNDA:1,(anonymous_14)
FNDA:244,(anonymous_15)
FNDA:1,(anonymous_16)
FNDA:7,(anonymous_17)
FNDA:26,(anonymous_18)
FNDA:1,(anonymous_19)
FNDA:1,(anonymous_20)
FNDA:4,(anonymous_21)
FNDA:0,(anonymous_22)
FNDA:2,(anonymous_23)
FNDA:2,(anonymous_24)
FNDA:0,(anonymous_25)
FNDA:0,(anonymous_26)
FNDA:116,(anonymous_27)
FNDA:0,(anonymous_28)
FNDA:232,(anonymous_29)
FNDA:5,(anonymous_30)
FNDA:0,(anonymous_31)
DA:9,1
DA:16,1
DA:27,1
DA:31,61
DA:32,61
DA:33,61
DA:34,61
DA:35,61
DA:36,61
DA:44,61
DA:56,61
DA:57,20
DA:60,61
DA:61,22
DA:62,22
DA:63,22
DA:64,21
DA:66,1
DA:67,1
DA:69,22
DA:73,61
DA:74,0
DA:75,0
DA:76,0
DA:77,0
DA:78,0
DA:79,0
DA:81,0
DA:82,0
DA:86,61
DA:87,1
DA:89,1
DA:90,1
DA:91,1
DA:92,1
DA:93,1
DA:94,1
DA:96,0
DA:97,0
DA:101,61
DA:102,1
DA:104,1
DA:105,1
DA:106,1
DA:107,1
DA:109,0
DA:110,0
DA:114,61
DA:115,1
DA:116,1
DA:127,1
DA:130,61
DA:131,2
DA:142,2
DA:145,61
DA:146,1
DA:147,1
DA:150,61
DA:151,13
DA:154,61
DA:155,5
DA:156,2
DA:158,5
DA:161,61
DA:189,1
DA:194,488
DA:207,1
DA:212,244
DA:225,1
DA:232,7
DA:253,26
DA:284,1
DA:290,1
DA:327,4
DA:339,0
DA:353,2
DA:368,2
DA:385,0
DA:398,0
DA:402,116
DA:416,0
DA:429,232
DA:433,5
DA:447,0
LF:84
LH:67
BRDA:37,0,0,61
BRDA:37,0,1,58
BRDA:50,1,0,3
BRDA:50,1,1,58
BRDA:87,2,0,0
BRDA:87,2,1,1
BRDA:102,3,0,0
BRDA:102,3,1,1
BRDA:118,4,0,1
BRDA:118,4,1,0
BRDA:121,5,0,1
BRDA:121,5,1,0
BRDA:123,6,0,1
BRDA:123,6,1,0
BRDA:137,7,0,0
BRDA:137,7,1,2
BRDA:155,8,0,1
BRDA:155,8,1,4
BRDA:242,9,0,47
BRDA:242,9,1,14
BRDA:246,10,0,1
BRDA:246,10,1,13
BRDA:261,11,0,26
BRDA:261,11,1,13
BRDA:266,12,0,26
BRDA:266,12,1,13
BRDA:272,13,0,26
BRDA:272,13,1,26
BRDA:281,14,0,26
BRDA:281,14,1,13
BRDA:307,15,0,29
BRDA:307,15,1,32
BRDA:310,16,0,3
BRDA:310,16,1,26
BRDA:313,17,0,29
BRDA:313,17,1,0
BRDA:465,18,0,3
BRDA:465,18,1,26
BRDA:466,19,0,29
BRDA:466,19,1,12
BRDA:466,19,2,9
BRDA:466,19,3,7
BRDA:469,20,0,3
BRDA:469,20,1,26
BRF:44
BRH:37
end_of_record
TN:
SF:src/components/platform/PlatformConnectionCard.tsx
FN:12,(anonymous_0)
FN:19,(anonymous_1)
FN:34,(anonymous_2)
FN:47,(anonymous_3)
FN:60,(anonymous_4)
FN:86,(anonymous_5)
FNF:6
FNH:6
FNDA:13,(anonymous_0)
FNDA:13,(anonymous_1)
FNDA:13,(anonymous_2)
FNDA:13,(anonymous_3)
FNDA:18,(anonymous_4)
FNDA:1,(anonymous_5)
DA:12,1
DA:19,13
DA:20,13
DA:31,13
DA:34,13
DA:35,13
DA:37,8
DA:39,1
DA:41,4
DA:43,0
DA:47,13
DA:48,13
DA:50,8
DA:52,1
DA:54,4
DA:56,0
DA:60,13
DA:61,18
DA:62,16
DA:65,13
DA:86,1
LF:21
LH:19
BRDA:31,0,0,13
BRDA:31,0,1,0
BRDA:35,1,0,8
BRDA:35,1,1,1
BRDA:35,1,2,4
BRDA:35,1,3,0
BRDA:48,2,0,8
BRDA:48,2,1,1
BRDA:48,2,2,4
BRDA:48,2,3,0
BRDA:61,3,0,2
BRDA:61,3,1,16
BRDA:80,4,0,13
BRDA:80,4,1,9
BRDA:100,5,0,13
BRDA:100,5,1,9
BRDA:102,6,0,9
BRDA:102,6,1,8
BRDA:116,7,0,9
BRDA:116,7,1,0
BRDA:126,8,0,13
BRDA:126,8,1,1
BRDA:133,9,0,13
BRDA:133,9,1,5
BRDA:133,9,2,4
BRDA:141,10,0,4
BRDA:141,10,1,9
BRDA:169,11,0,12
BRDA:169,11,1,1
BRDA:172,12,0,11
BRDA:172,12,1,2
BRF:31
BRH:27
end_of_record
TN:
SF:src/components/platform/PlatformDashboard.tsx
FN:8,(anonymous_0)
FN:18,(anonymous_1)
FN:22,(anonymous_2)
FN:35,(anonymous_3)
FN:40,(anonymous_4)
FN:50,(anonymous_5)
FN:64,(anonymous_6)
FN:75,(anonymous_7)
FN:89,(anonymous_8)
FN:95,(anonymous_9)
FN:96,(anonymous_10)
FN:130,(anonymous_11)
FN:174,(anonymous_12)
FN:178,(anonymous_13)
FN:179,(anonymous_14)
FN:180,(anonymous_15)
FN:181,(anonymous_16)
FN:195,(anonymous_17)
FN:199,(anonymous_18)
FN:200,(anonymous_19)
FN:201,(anonymous_20)
FN:202,(anonymous_21)
FN:214,(anonymous_22)
FN:225,(anonymous_23)
FNF:24
FNH:18
FNDA:27,(anonymous_0)
FNDA:10,(anonymous_1)
FNDA:13,(anonymous_2)
FNDA:2,(anonymous_3)
FNDA:1,(anonymous_4)
FNDA:1,(anonymous_5)
FNDA:1,(anonymous_6)
FNDA:1,(anonymous_7)
FNDA:1,(anonymous_8)
FNDA:26,(anonymous_9)
FNDA:26,(anonymous_10)
FNDA:1,(anonymous_11)
FNDA:12,(anonymous_12)
FNDA:2,(anonymous_13)
FNDA:1,(anonymous_14)
FNDA:1,(anonymous_15)
FNDA:1,(anonymous_16)
FNDA:12,(anonymous_17)
FNDA:0,(anonymous_18)
FNDA:0,(anonymous_19)
FNDA:0,(anonymous_20)
FNDA:0,(anonymous_21)
FNDA:0,(anonymous_22)
FNDA:0,(anonymous_23)
DA:8,1
DA:9,27
DA:10,26
DA:11,26
DA:12,26
DA:13,26
DA:14,26
DA:15,26
DA:16,26
DA:18,26
DA:19,10
DA:22,26
DA:23,13
DA:24,13
DA:25,13
DA:26,10
DA:28,2
DA:29,2
DA:31,12
DA:35,26
DA:36,2
DA:37,2
DA:40,26
DA:41,1
DA:42,1
DA:43,1
DA:45,0
DA:46,0
DA:50,26
DA:51,1
DA:52,1
DA:53,0
DA:55,1
DA:57,1
DA:59,0
DA:60,0
DA:64,26
DA:65,1
DA:66,1
DA:67,1
DA:68,1
DA:70,0
DA:71,0
DA:75,26
DA:76,1
DA:77,1
DA:78,1
DA:79,1
DA:80,1
DA:82,0
DA:83,0
DA:85,1
DA:89,26
DA:90,1
DA:91,1
DA:92,1
DA:95,26
DA:96,26
DA:98,26
DA:99,11
DA:108,15
DA:130,1
DA:175,12
DA:178,2
DA:179,1
DA:180,1
DA:181,1
DA:196,12
DA:199,0
DA:200,0
DA:201,0
DA:202,0
DA:215,0
DA:216,0
DA:225,0
LF:75
LH:59
BRDA:52,0,0,0
BRDA:52,0,1,1
BRDA:98,1,0,11
BRDA:98,1,1,15
BRDA:117,2,0,15
BRDA:117,2,1,2
BRDA:144,3,0,15
BRDA:144,3,1,12
BRDA:155,4,0,1
BRDA:155,4,1,11
BRDA:189,5,0,15
BRDA:189,5,1,12
BRDA:210,6,0,15
BRDA:210,6,1,2
BRDA:210,6,2,2
BRDA:222,7,0,15
BRDA:222,7,1,2
BRF:17
BRH:16
end_of_record
TN:
SF:src/components/platform/PlatformPreferences.tsx
FN:28,(anonymous_0)
FN:39,(anonymous_1)
FN:44,(anonymous_2)
FN:56,(anonymous_3)
FN:65,(anonymous_4)
FN:83,(anonymous_5)
FN:98,(anonymous_6)
FN:103,(anonymous_7)
FN:114,(anonymous_8)
FN:120,(anonymous_9)
FN:122,(anonymous_10)
FN:126,(anonymous_11)
FN:187,(anonymous_12)
FN:190,(anonymous_13)
FN:220,(anonymous_14)
FN:234,(anonymous_15)
FN:253,(anonymous_16)
FN:269,(anonymous_17)
FN:296,(anonymous_18)
FN:299,(anonymous_19)
FN:313,(anonymous_20)
FN:316,(anonymous_21)
FN:334,(anonymous_22)
FN:345,(anonymous_23)
FN:359,(anonymous_24)
FN:376,(anonymous_25)
FN:391,(anonymous_26)
FN:412,(anonymous_27)
FN:426,(anonymous_28)
FN:439,(anonymous_29)
FN:445,(anonymous_30)
FN:450,(anonymous_31)
FN:454,(anonymous_32)
FN:464,(anonymous_33)
FN:486,(anonymous_34)
FN:500,(anonymous_35)
FNF:36
FNH:19
FNDA:39,(anonymous_0)
FNDA:14,(anonymous_1)
FNDA:15,(anonymous_2)
FNDA:14,(anonymous_3)
FNDA:2,(anonymous_4)
FNDA:1,(anonymous_5)
FNDA:3,(anonymous_6)
FNDA:1,(anonymous_7)
FNDA:1,(anonymous_8)
FNDA:0,(anonymous_9)
FNDA:0,(anonymous_10)
FNDA:0,(anonymous_11)
FNDA:96,(anonymous_12)
FNDA:5,(anonymous_13)
FNDA:1,(anonymous_14)
FNDA:0,(anonymous_15)
FNDA:1,(anonymous_16)
FNDA:1,(anonymous_17)
FNDA:0,(anonymous_18)
FNDA:8,(anonymous_19)
FNDA:0,(anonymous_20)
FNDA:8,(anonymous_21)
FNDA:0,(anonymous_22)
FNDA:0,(anonymous_23)
FNDA:0,(anonymous_24)
FNDA:0,(anonymous_25)
FNDA:0,(anonymous_26)
FNDA:0,(anonymous_27)
FNDA:0,(anonymous_28)
FNDA:21,(anonymous_29)
FNDA:37,(anonymous_30)
FNDA:0,(anonymous_31)
FNDA:0,(anonymous_32)
FNDA:1,(anonymous_33)
FNDA:0,(anonymous_34)
FNDA:0,(anonymous_35)
DA:10,1
DA:17,1
DA:24,1
DA:28,1
DA:32,39
DA:33,39
DA:34,39
DA:35,39
DA:36,39
DA:37,39
DA:39,39
DA:40,14
DA:41,14
DA:44,39
DA:45,15
DA:46,15
DA:47,14
DA:49,1
DA:50,1
DA:52,15
DA:56,39
DA:57,14
DA:58,14
DA:59,14
DA:61,0
DA:65,39
DA:66,2
DA:68,2
DA:69,2
DA:71,2
DA:72,2
DA:73,1
DA:76,1
DA:77,1
DA:79,2
DA:83,39
DA:84,1
DA:86,1
DA:87,1
DA:88,1
DA:89,1
DA:91,0
DA:92,0
DA:94,1
DA:98,39
DA:99,3
DA:100,3
DA:103,39
DA:104,1
DA:105,1
DA:114,39
DA:115,1
DA:116,1
DA:117,1
DA:120,39
DA:121,0
DA:122,0
DA:123,0
DA:126,39
DA:127,0
DA:128,0
DA:129,0
DA:130,0
DA:133,39
DA:134,14
DA:144,25
DA:145,1
DA:160,24
DA:188,96
DA:190,5
DA:220,1
DA:234,0
DA:253,1
DA:269,1
DA:296,0
DA:300,8
DA:313,0
DA:317,8
DA:334,0
DA:345,0
DA:359,0
DA:376,0
DA:391,0
DA:412,0
DA:426,0
DA:440,21
DA:446,37
DA:450,0
DA:454,0
DA:464,1
DA:486,0
DA:500,0
LF:92
LH:68
BRDA:66,0,0,0
BRDA:66,0,1,2
BRDA:84,1,0,0
BRDA:84,1,1,1
BRDA:99,2,0,0
BRDA:99,2,1,3
BRDA:104,3,0,0
BRDA:104,3,1,1
BRDA:115,4,0,1
BRDA:115,4,1,0
BRDA:121,5,0,0
BRDA:121,5,1,0
BRDA:127,6,0,0
BRDA:127,6,1,0
BRDA:133,7,0,14
BRDA:133,7,1,25
BRDA:144,8,0,1
BRDA:144,8,1,24
BRDA:192,9,0,24
BRDA:192,9,1,72
BRDA:205,10,0,24
BRDA:205,10,1,1
BRDA:212,11,0,24
BRDA:212,11,1,18
BRDA:268,12,0,18
BRDA:268,12,1,0
BRDA:287,13,0,24
BRDA:287,13,1,2
BRDA:295,14,0,2
BRDA:295,14,1,0
BRDA:312,15,0,2
BRDA:312,15,1,0
BRDA:375,16,0,2
BRDA:375,16,1,0
BRDA:390,17,0,2
BRDA:390,17,1,0
BRDA:404,18,0,24
BRDA:404,18,1,3
BRDA:445,19,0,21
BRDA:445,19,1,0
BRDA:478,20,0,24
BRDA:478,20,1,1
BRDA:546,21,0,3
BRDA:546,21,1,21
BRF:44
BRH:29
end_of_record
TN:
SF:src/components/platform/PlatformSetupWizard.tsx
FN:11,(anonymous_0)
FN:23,(anonymous_1)
FN:27,(anonymous_2)
FN:40,(anonymous_3)
FN:41,(anonymous_4)
FN:47,(anonymous_5)
FN:91,(anonymous_6)
FN:97,(anonymous_7)
FN:193,(anonymous_8)
FN:203,(anonymous_9)
FNF:10
FNH:10
FNDA:45,(anonymous_0)
FNDA:13,(anonymous_1)
FNDA:13,(anonymous_2)
FNDA:10,(anonymous_3)
FNDA:10,(anonymous_4)
FNDA:7,(anonymous_5)
FNDA:1,(anonymous_6)
FNDA:31,(anonymous_7)
FNDA:36,(anonymous_8)
FNDA:10,(anonymous_9)
DA:11,1
DA:16,45
DA:17,45
DA:18,45
DA:19,45
DA:20,45
DA:21,45
DA:23,45
DA:24,13
DA:27,45
DA:28,13
DA:29,13
DA:30,13
DA:31,11
DA:33,1
DA:34,1
DA:36,12
DA:40,45
DA:41,10
DA:47,45
DA:48,7
DA:50,7
DA:52,7
DA:53,7
DA:54,7
DA:56,7
DA:58,1
DA:59,1
DA:62,1
DA:63,1
DA:66,6
DA:68,2
DA:69,2
DA:70,1
DA:72,1
DA:74,2
DA:78,4
DA:79,4
DA:81,0
DA:84,0
DA:85,0
DA:87,7
DA:91,45
DA:92,1
DA:93,1
DA:97,45
DA:98,31
DA:100,31
DA:103,31
DA:104,29
DA:105,12
DA:109,19
DA:112,45
DA:113,13
DA:126,32
DA:127,1
DA:145,31
DA:147,31
DA:194,36
DA:203,10
LF:60
LH:57
BRDA:48,0,0,0
BRDA:48,0,1,7
BRDA:56,1,0,1
BRDA:56,1,1,6
BRDA:66,2,0,2
BRDA:66,2,1,4
BRDA:69,3,0,1
BRDA:69,3,1,1
BRDA:78,4,0,4
BRDA:78,4,1,0
BRDA:92,5,0,1
BRDA:92,5,1,0
BRDA:98,6,0,0
BRDA:98,6,1,31
BRDA:104,7,0,12
BRDA:104,7,1,17
BRDA:104,8,0,29
BRDA:104,8,1,17
BRDA:112,9,0,13
BRDA:112,9,1,32
BRDA:126,10,0,1
BRDA:126,10,1,31
BRDA:184,11,0,31
BRDA:184,11,1,1
BRDA:191,12,0,31
BRDA:191,12,1,18
BRDA:202,13,0,36
BRDA:202,13,1,19
BRDA:206,14,0,36
BRDA:206,14,1,0
BRDA:215,15,0,31
BRDA:215,15,1,0
BRDA:231,16,0,31
BRDA:231,16,1,5
BRDA:247,17,0,31
BRDA:247,17,1,8
BRDA:282,18,0,31
BRDA:282,18,1,19
BRDA:285,19,0,3
BRDA:285,19,1,28
BRDA:293,20,0,10
BRDA:293,20,1,18
BRDA:295,21,0,0
BRDA:295,21,1,18
BRDA:297,22,0,0
BRDA:297,22,1,18
BRF:46
BRH:38
end_of_record
TN:
SF:src/components/platform/index.ts
FNF:0
FNH:0
LF:0
LH:0
BRF:0
BRH:0
end_of_record
TN:
SF:src/components/posting/BulkPostingInterface.tsx
FN:46,(anonymous_0)
FN:65,(anonymous_1)
FN:69,(anonymous_2)
FN:78,(anonymous_3)
FN:79,(anonymous_4)
FN:90,(anonymous_5)
FN:94,(anonymous_6)
FN:98,(anonymous_7)
FN:104,(anonymous_8)
FN:139,(anonymous_9)
FN:148,(anonymous_10)
FN:176,(anonymous_11)
FN:182,(anonymous_12)
FN:184,(anonymous_13)
FN:200,(anonymous_14)
FN:215,(anonymous_15)
FN:227,(anonymous_16)
FN:232,(anonymous_17)
FN:234,(anonymous_18)
FN:236,(anonymous_19)
FN:236,(anonymous_20)
FN:263,(anonymous_21)
FN:275,(anonymous_22)
FN:286,(anonymous_23)
FN:303,(anonymous_24)
FN:315,(anonymous_25)
FN:320,(anonymous_26)
FN:322,(anonymous_27)
FN:324,(anonymous_28)
FN:324,(anonymous_29)
FN:411,(anonymous_30)
FN:419,(anonymous_31)
FN:425,(anonymous_32)
FN:451,(anonymous_33)
FN:454,(anonymous_34)
FN:495,(anonymous_35)
FNF:36
FNH:12
FNDA:38,(anonymous_0)
FNDA:20,(anonymous_1)
FNDA:20,(anonymous_2)
FNDA:28,(anonymous_3)
FNDA:28,(anonymous_4)
FNDA:2,(anonymous_5)
FNDA:2,(anonymous_6)
FNDA:0,(anonymous_7)
FNDA:0,(anonymous_8)
FNDA:0,(anonymous_9)
FNDA:0,(anonymous_10)
FNDA:0,(anonymous_11)
FNDA:0,(anonymous_12)
FNDA:0,(anonymous_13)
FNDA:76,(anonymous_14)
FNDA:0,(anonymous_15)
FNDA:0,(anonymous_16)
FNDA:0,(anonymous_17)
FNDA:0,(anonymous_18)
FNDA:0,(anonymous_19)
FNDA:0,(anonymous_20)
FNDA:0,(anonymous_21)
FNDA:0,(anonymous_22)
FNDA:0,(anonymous_23)
FNDA:0,(anonymous_24)
FNDA:0,(anonymous_25)
FNDA:0,(anonymous_26)
FNDA:0,(anonymous_27)
FNDA:0,(anonymous_28)
FNDA:0,(anonymous_29)
FNDA:76,(anonymous_30)
FNDA:14,(anonymous_31)
FNDA:14,(anonymous_32)
FNDA:152,(anonymous_33)
FNDA:0,(anonymous_34)
FNDA:0,(anonymous_35)
DA:19,1
DA:46,1
DA:51,38
DA:52,38
DA:53,38
DA:54,38
DA:55,38
DA:56,38
DA:59,38
DA:60,38
DA:61,38
DA:62,38
DA:63,38
DA:65,38
DA:66,20
DA:69,38
DA:70,20
DA:71,20
DA:72,20
DA:74,0
DA:78,38
DA:79,28
DA:80,28
DA:81,28
DA:82,14
DA:84,14
DA:86,28
DA:90,38
DA:91,2
DA:92,1
DA:94,2
DA:98,38
DA:99,0
DA:100,0
DA:101,0
DA:104,38
DA:105,0
DA:107,0
DA:108,0
DA:109,0
DA:111,0
DA:112,0
DA:113,0
DA:115,0
DA:117,0
DA:118,0
DA:120,0
DA:121,0
DA:123,0
DA:124,0
DA:126,0
DA:127,0
DA:130,0
DA:131,0
DA:133,0
DA:135,0
DA:139,38
DA:140,0
DA:145,0
DA:148,38
DA:149,0
DA:150,0
DA:153,0
DA:154,0
DA:156,0
DA:157,0
DA:159,0
DA:160,0
DA:163,0
DA:169,0
DA:170,0
DA:173,0
DA:176,38
DA:177,0
DA:178,0
DA:182,38
DA:183,0
DA:184,0
DA:185,0
DA:186,0
DA:195,0
DA:200,38
DA:201,76
DA:203,76
DA:205,0
DA:207,0
DA:209,0
DA:211,0
DA:215,38
DA:216,0
DA:218,0
DA:220,0
DA:228,0
DA:233,0
DA:234,0
DA:236,0
DA:253,0
DA:263,0
DA:275,0
DA:286,0
DA:303,0
DA:316,0
DA:321,0
DA:322,0
DA:324,0
DA:338,0
DA:359,0
DA:369,0
DA:373,38
DA:412,76
DA:419,14
DA:425,14
DA:452,152
DA:454,0
DA:496,0
LF:115
LH:45
BRDA:81,0,0,14
BRDA:81,0,1,14
BRDA:91,1,0,1
BRDA:91,1,1,1
BRDA:105,2,0,0
BRDA:105,2,1,0
BRDA:105,3,0,0
BRDA:105,3,1,0
BRDA:115,4,0,0
BRDA:115,4,1,0
BRDA:115,4,2,0
BRDA:115,4,3,0
BRDA:133,5,0,0
BRDA:133,5,1,0
BRDA:142,6,0,0
BRDA:142,6,1,0
BRDA:149,7,0,0
BRDA:149,7,1,0
BRDA:149,8,0,0
BRDA:149,8,1,0
BRDA:159,9,0,0
BRDA:159,9,1,0
BRDA:166,10,0,0
BRDA:166,10,1,0
BRDA:185,11,0,0
BRDA:185,11,1,0
BRDA:201,12,0,76
BRDA:201,12,1,0
BRDA:201,12,2,0
BRDA:201,12,3,0
BRDA:201,12,4,0
BRDA:216,13,0,0
BRDA:216,13,1,0
BRDA:218,14,0,0
BRDA:218,14,1,0
BRDA:218,14,2,0
BRDA:218,14,3,0
BRDA:218,14,4,0
BRDA:233,15,0,0
BRDA:233,15,1,0
BRDA:293,16,0,0
BRDA:293,16,1,0
BRDA:303,17,0,0
BRDA:303,17,1,0
BRDA:321,18,0,0
BRDA:321,18,1,0
BRDA:405,19,0,1
BRDA:405,19,1,37
BRDA:415,20,0,2
BRDA:415,20,1,74
BRDA:457,21,0,0
BRDA:457,21,1,152
BRDA:476,22,0,38
BRDA:476,22,1,0
BRDA:485,23,0,38
BRDA:485,23,1,0
BRDA:491,24,0,38
BRDA:491,24,1,0
BRDA:498,25,0,0
BRDA:498,25,1,0
BRDA:499,26,0,0
BRDA:499,26,1,0
BRDA:519,27,0,38
BRDA:519,27,1,0
BRDA:519,27,2,0
BRDA:522,28,0,0
BRDA:522,28,1,38
BRDA:522,29,0,38
BRDA:522,29,1,38
BRF:69
BRH:17
end_of_record
TN:
SF:src/components/posting/PostCreationWizard.tsx
FN:45,(anonymous_0)
FN:69,(anonymous_1)
FN:73,(anonymous_2)
FN:82,(anonymous_3)
FN:88,(anonymous_4)
FN:94,(anonymous_5)
FN:108,(anonymous_6)
FN:109,(anonymous_7)
FN:112,(anonymous_8)
FN:150,(anonymous_9)
FN:176,(anonymous_10)
FN:270,(anonymous_11)
FN:284,(anonymous_12)
FN:296,(anonymous_13)
FN:310,(anonymous_14)
FN:310,(anonymous_15)
FN:331,(anonymous_16)
FN:336,(anonymous_17)
FN:341,(anonymous_18)
FN:357,(anonymous_19)
FN:373,(anonymous_20)
FN:387,(anonymous_21)
FN:403,(anonymous_22)
FN:418,(anonymous_23)
FN:429,(anonymous_24)
FN:457,(anonymous_25)
FNF:26
FNH:20
FNDA:35,(anonymous_0)
FNDA:12,(anonymous_1)
FNDA:12,(anonymous_2)
FNDA:13,(anonymous_3)
FNDA:0,(anonymous_4)
FNDA:3,(anonymous_5)
FNDA:5,(anonymous_6)
FNDA:5,(anonymous_7)
FNDA:35,(anonymous_8)
FNDA:35,(anonymous_9)
FNDA:140,(anonymous_10)
FNDA:17,(anonymous_11)
FNDA:2,(anonymous_12)
FNDA:2,(anonymous_13)
FNDA:1,(anonymous_14)
FNDA:2,(anonymous_15)
FNDA:6,(anonymous_16)
FNDA:0,(anonymous_17)
FNDA:0,(anonymous_18)
FNDA:5,(anonymous_19)
FNDA:0,(anonymous_20)
FNDA:1,(anonymous_21)
FNDA:0,(anonymous_22)
FNDA:0,(anonymous_23)
FNDA:8,(anonymous_24)
FNDA:8,(anonymous_25)
DA:22,1
DA:45,1
DA:52,35
DA:53,35
DA:54,35
DA:55,35
DA:57,35
DA:69,35
DA:70,12
DA:73,35
DA:74,12
DA:75,12
DA:76,12
DA:78,0
DA:82,35
DA:83,13
DA:84,13
DA:88,35
DA:89,0
DA:90,0
DA:94,35
DA:95,3
DA:96,3
DA:98,3
DA:99,3
DA:100,1
DA:102,1
DA:104,2
DA:108,35
DA:109,5
DA:112,35
DA:113,35
DA:115,17
DA:123,6
DA:131,4
DA:138,8
DA:146,0
DA:150,35
DA:151,35
DA:153,17
DA:155,6
DA:157,4
DA:159,8
DA:161,0
DA:165,35
DA:177,140
DA:270,1
DA:275,17
DA:284,2
DA:296,2
DA:310,2
DA:331,1
DA:336,6
DA:337,0
DA:338,0
DA:339,0
DA:341,0
DA:345,6
DA:357,1
DA:358,5
DA:360,5
DA:374,0
DA:375,0
DA:387,1
DA:403,0
DA:418,0
DA:429,1
DA:433,8
DA:458,8
LF:69
LH:56
BRDA:58,0,0,35
BRDA:58,0,1,11
BRDA:58,0,2,10
BRDA:59,1,0,35
BRDA:59,1,1,11
BRDA:59,1,2,10
BRDA:60,2,0,35
BRDA:60,2,1,11
BRDA:60,2,2,10
BRDA:61,3,0,35
BRDA:61,3,1,11
BRDA:62,4,0,35
BRDA:62,4,1,11
BRDA:63,5,0,35
BRDA:63,5,1,35
BRDA:65,6,0,35
BRDA:65,6,1,35
BRDA:66,7,0,35
BRDA:66,7,1,34
BRDA:83,8,0,13
BRDA:83,8,1,0
BRDA:89,9,0,0
BRDA:89,9,1,0
BRDA:102,10,0,1
BRDA:102,10,1,0
BRDA:113,11,0,17
BRDA:113,11,1,6
BRDA:113,11,2,4
BRDA:113,11,3,8
BRDA:113,11,4,0
BRDA:151,12,0,17
BRDA:151,12,1,6
BRDA:151,12,2,4
BRDA:151,12,3,8
BRDA:151,12,4,0
BRDA:153,13,0,17
BRDA:153,13,1,12
BRDA:153,13,2,10
BRDA:179,14,0,105
BRDA:179,14,1,35
BRDA:184,15,0,73
BRDA:184,15,1,67
BRDA:193,16,0,73
BRDA:193,16,1,67
BRDA:200,17,0,140
BRDA:200,17,1,105
BRDA:202,18,0,38
BRDA:202,18,1,67
BRDA:212,19,0,35
BRDA:212,19,1,1
BRDA:223,20,0,35
BRDA:223,20,1,1
BRDA:233,21,0,35
BRDA:233,21,1,18
BRDA:241,22,0,27
BRDA:241,22,1,8
BRDA:252,23,0,8
BRDA:252,23,1,8
BRDA:255,24,0,3
BRDA:255,24,1,5
BRDA:338,25,0,0
BRDA:338,25,1,0
BRDA:395,26,0,5
BRDA:395,26,1,1
BRDA:402,27,0,1
BRDA:402,27,1,1
BRDA:417,28,0,5
BRDA:417,28,1,5
BRDA:418,29,0,0
BRDA:418,29,1,0
BRDA:462,30,0,8
BRDA:462,30,1,6
BRDA:473,31,0,8
BRDA:473,31,1,0
BRF:74
BRH:63
end_of_record
TN:
SF:src/components/posting/PostStatusDashboard.tsx
FN:11,(anonymous_0)
FN:26,(anonymous_1)
FN:27,(anonymous_2)
FN:31,(anonymous_3)
FN:34,(anonymous_4)
FN:38,(anonymous_5)
FN:50,(anonymous_6)
FN:59,(anonymous_7)
FN:60,(anonymous_8)
FN:61,(anonymous_9)
FN:64,(anonymous_10)
FN:66,(anonymous_11)
FN:73,(anonymous_12)
FN:74,(anonymous_13)
FN:85,(anonymous_14)
FN:89,(anonymous_15)
FN:93,(anonymous_16)
FN:102,(anonymous_17)
FN:111,(anonymous_18)
FN:128,(anonymous_19)
FN:145,(anonymous_20)
FN:178,(anonymous_21)
FN:201,(anonymous_22)
FN:216,(anonymous_23)
FN:232,(anonymous_24)
FN:239,(anonymous_25)
FN:250,(anonymous_26)
FN:287,(anonymous_27)
FN:301,(anonymous_28)
FN:319,(anonymous_29)
FN:328,(anonymous_30)
FN:351,(anonymous_31)
FN:386,(anonymous_32)
FN:409,(anonymous_33)
FN:416,(anonymous_34)
FN:424,(anonymous_35)
FN:446,(anonymous_36)
FN:446,(anonymous_37)
FN:453,(anonymous_38)
FN:453,(anonymous_39)
FNF:40
FNH:35
FNDA:49,(anonymous_0)
FNDA:22,(anonymous_1)
FNDA:1,(anonymous_2)
FNDA:22,(anonymous_3)
FNDA:22,(anonymous_4)
FNDA:26,(anonymous_5)
FNDA:18,(anonymous_6)
FNDA:2,(anonymous_7)
FNDA:2,(anonymous_8)
FNDA:2,(anonymous_9)
FNDA:1,(anonymous_10)
FNDA:1,(anonymous_11)
FNDA:2,(anonymous_12)
FNDA:2,(anonymous_13)
FNDA:1,(anonymous_14)
FNDA:3,(anonymous_15)
FNDA:1,(anonymous_16)
FNDA:1,(anonymous_17)
FNDA:87,(anonymous_18)
FNDA:87,(anonymous_19)
FNDA:58,(anonymous_20)
FNDA:95,(anonymous_21)
FNDA:1,(anonymous_22)
FNDA:1,(anonymous_23)
FNDA:1,(anonymous_24)
FNDA:0,(anonymous_25)
FNDA:0,(anonymous_26)
FNDA:1,(anonymous_27)
FNDA:0,(anonymous_28)
FNDA:87,(anonymous_29)
FNDA:2,(anonymous_30)
FNDA:116,(anonymous_31)
FNDA:87,(anonymous_32)
FNDA:1,(anonymous_33)
FNDA:1,(anonymous_34)
FNDA:1,(anonymous_35)
FNDA:0,(anonymous_36)
FNDA:0,(anonymous_37)
FNDA:1,(anonymous_38)
FNDA:1,(anonymous_39)
DA:11,1
DA:16,49
DA:17,49
DA:18,49
DA:19,49
DA:20,49
DA:21,49
DA:22,49
DA:23,49
DA:26,49
DA:27,22
DA:28,1
DA:31,22
DA:34,49
DA:35,22
DA:38,49
DA:39,26
DA:40,26
DA:42,26
DA:43,26
DA:49,24
DA:50,24
DA:51,24
DA:53,1
DA:55,25
DA:59,49
DA:60,2
DA:61,2
DA:64,49
DA:65,1
DA:66,1
DA:68,0
DA:69,0
DA:73,49
DA:74,2
DA:75,2
DA:76,2
DA:77,0
DA:79,2
DA:81,2
DA:85,49
DA:86,1
DA:87,0
DA:89,3
DA:93,49
DA:94,1
DA:95,1
DA:96,1
DA:98,0
DA:102,49
DA:103,1
DA:104,1
DA:105,1
DA:107,0
DA:111,49
DA:112,87
DA:114,0
DA:116,29
DA:118,0
DA:120,29
DA:122,29
DA:124,0
DA:128,49
DA:129,87
DA:131,0
DA:133,29
DA:135,0
DA:137,29
DA:139,29
DA:141,0
DA:145,49
DA:148,58
DA:150,58
DA:151,58
DA:152,58
DA:154,0
DA:155,0
DA:156,0
DA:158,0
DA:159,0
DA:160,0
DA:162,0
DA:165,58
DA:166,2
DA:168,56
DA:172,49
DA:173,19
DA:179,95
DA:187,30
DA:201,1
DA:216,1
DA:232,1
DA:239,0
DA:287,1
DA:301,0
DA:320,87
DA:328,2
DA:352,116
DA:387,87
DA:409,1
DA:416,1
DA:424,1
DA:446,0
DA:453,1
LF:104
LH:82
BRDA:14,0,0,48
BRDA:38,1,0,25
BRDA:39,2,0,25
BRDA:39,2,1,1
BRDA:53,3,0,1
BRDA:53,3,1,0
BRDA:55,4,0,24
BRDA:55,4,1,1
BRDA:65,5,0,1
BRDA:65,5,1,0
BRDA:66,6,0,0
BRDA:66,6,1,1
BRDA:76,7,0,0
BRDA:76,7,1,2
BRDA:86,8,0,0
BRDA:86,8,1,1
BRDA:98,9,0,0
BRDA:98,9,1,0
BRDA:107,10,0,0
BRDA:107,10,1,0
BRDA:112,11,0,0
BRDA:112,11,1,29
BRDA:112,11,2,0
BRDA:112,11,3,29
BRDA:112,11,4,29
BRDA:112,11,5,0
BRDA:129,12,0,0
BRDA:129,12,1,29
BRDA:129,12,2,0
BRDA:129,12,3,29
BRDA:129,12,4,29
BRDA:129,12,5,0
BRDA:148,13,0,58
BRDA:148,13,1,0
BRDA:148,13,2,0
BRDA:148,13,3,0
BRDA:154,14,0,0
BRDA:154,14,1,0
BRDA:155,15,0,0
BRDA:155,15,1,0
BRDA:165,16,0,2
BRDA:165,16,1,56
BRDA:166,17,0,0
BRDA:166,17,1,2
BRDA:166,18,0,2
BRDA:166,18,1,0
BRDA:168,19,0,56
BRDA:168,19,1,0
BRDA:168,20,0,0
BRDA:168,20,1,0
BRDA:172,21,0,19
BRDA:172,21,1,30
BRDA:172,22,0,49
BRDA:172,22,1,23
BRDA:215,23,0,30
BRDA:215,23,1,27
BRDA:216,24,0,1
BRDA:216,24,1,0
BRDA:231,25,0,30
BRDA:231,25,1,27
BRDA:232,26,0,1
BRDA:232,26,1,0
BRDA:238,27,0,30
BRDA:238,27,1,30
BRDA:239,28,0,0
BRDA:239,28,1,0
BRDA:244,29,0,30
BRDA:244,29,1,3
BRDA:263,30,0,30
BRDA:263,30,1,1
BRDA:277,31,0,30
BRDA:277,31,1,2
BRDA:291,32,0,30
BRDA:291,32,1,30
BRDA:292,33,0,1
BRDA:292,33,1,29
BRDA:305,34,0,30
BRDA:305,34,1,0
BRDA:306,35,0,0
BRDA:306,35,1,0
BRDA:322,36,0,6
BRDA:322,36,1,81
BRDA:359,37,0,87
BRDA:359,37,1,0
BRDA:367,38,0,29
BRDA:367,38,1,58
BRDA:384,39,0,58
BRDA:384,39,1,29
BRDA:384,40,0,87
BRDA:384,40,1,58
BRDA:390,41,0,58
BRDA:390,41,1,29
BRDA:391,42,0,29
BRDA:391,42,1,0
BRDA:398,43,0,58
BRDA:398,43,1,0
BRDA:414,44,0,87
BRDA:414,44,1,29
BRDA:422,45,0,87
BRDA:422,45,1,29
BRDA:439,46,0,30
BRDA:439,46,1,4
BRF:102
BRH:65
end_of_record
TN:
SF:src/components/posting/PostingManagementPage.tsx
FN:11,(anonymous_0)
FN:19,(anonymous_1)
FN:23,(anonymous_2)
FN:37,(anonymous_3)
FN:38,(anonymous_4)
FN:41,(anonymous_5)
FN:42,(anonymous_6)
FN:46,(anonymous_7)
FN:47,(anonymous_8)
FN:47,(anonymous_9)
FN:50,(anonymous_10)
FN:55,(anonymous_11)
FN:70,(anonymous_12)
FN:76,(anonymous_13)
FN:92,(anonymous_14)
FN:131,(anonymous_15)
FN:141,(anonymous_16)
FN:151,(anonymous_17)
FN:161,(anonymous_18)
FN:178,(anonymous_19)
FN:184,(anonymous_20)
FN:222,(anonymous_21)
FN:265,(anonymous_22)
FN:283,(anonymous_23)
FN:301,(anonymous_24)
FN:321,(anonymous_25)
FN:352,(anonymous_26)
FN:373,(anonymous_27)
FNF:28
FNH:0
FNDA:0,(anonymous_0)
FNDA:0,(anonymous_1)
FNDA:0,(anonymous_2)
FNDA:0,(anonymous_3)
FNDA:0,(anonymous_4)
FNDA:0,(anonymous_5)
FNDA:0,(anonymous_6)
FNDA:0,(anonymous_7)
FNDA:0,(anonymous_8)
FNDA:0,(anonymous_9)
FNDA:0,(anonymous_10)
FNDA:0,(anonymous_11)
FNDA:0,(anonymous_12)
FNDA:0,(anonymous_13)
FNDA:0,(anonymous_14)
FNDA:0,(anonymous_15)
FNDA:0,(anonymous_16)
FNDA:0,(anonymous_17)
FNDA:0,(anonymous_18)
FNDA:0,(anonymous_19)
FNDA:0,(anonymous_20)
FNDA:0,(anonymous_21)
FNDA:0,(anonymous_22)
FNDA:0,(anonymous_23)
FNDA:0,(anonymous_24)
FNDA:0,(anonymous_25)
FNDA:0,(anonymous_26)
FNDA:0,(anonymous_27)
DA:11,0
DA:12,0
DA:13,0
DA:14,0
DA:15,0
DA:16,0
DA:17,0
DA:19,0
DA:20,0
DA:23,0
DA:24,0
DA:25,0
DA:27,0
DA:28,0
DA:29,0
DA:31,0
DA:33,0
DA:37,0
DA:38,0
DA:41,0
DA:42,0
DA:43,0
DA:46,0
DA:47,0
DA:50,0
DA:51,0
DA:52,0
DA:55,0
DA:56,0
DA:58,0
DA:60,0
DA:62,0
DA:64,0
DA:66,0
DA:70,0
DA:71,0
DA:73,0
DA:76,0
DA:80,0
DA:88,0
DA:92,0
DA:97,0
DA:106,0
DA:107,0
DA:117,0
DA:131,0
DA:141,0
DA:151,0
DA:161,0
DA:178,0
DA:184,0
DA:222,0
DA:265,0
DA:283,0
DA:301,0
DA:321,0
DA:353,0
DA:374,0
LF:58
LH:0
BRDA:31,0,0,0
BRDA:31,0,1,0
BRDA:47,1,0,0
BRDA:47,1,1,0
BRDA:56,2,0,0
BRDA:56,2,1,0
BRDA:56,2,2,0
BRDA:56,2,3,0
BRDA:56,2,4,0
BRDA:71,3,0,0
BRDA:71,3,1,0
BRDA:71,3,2,0
BRDA:71,3,3,0
BRDA:71,3,4,0
BRDA:106,4,0,0
BRDA:106,4,1,0
BRDA:106,5,0,0
BRDA:106,5,1,0
BRDA:133,6,0,0
BRDA:133,6,1,0
BRDA:143,7,0,0
BRDA:143,7,1,0
BRDA:153,8,0,0
BRDA:153,8,1,0
BRDA:163,9,0,0
BRDA:163,9,1,0
BRDA:175,10,0,0
BRDA:175,10,1,0
BRDA:208,11,0,0
BRDA:208,11,1,0
BRDA:235,12,0,0
BRDA:235,12,1,0
BRDA:314,13,0,0
BRDA:314,13,1,0
BRDA:340,14,0,0
BRDA:340,14,1,0
BRDA:341,15,0,0
BRDA:341,15,1,0
BRDA:342,16,0,0
BRDA:342,16,1,0
BRDA:360,17,0,0
BRDA:360,17,1,0
BRDA:369,18,0,0
BRDA:369,18,1,0
BRDA:369,18,2,0
BRDA:377,19,0,0
BRDA:377,19,1,0
BRDA:378,20,0,0
BRDA:378,20,1,0
BRF:49
BRH:0
end_of_record
TN:
SF:src/components/posting/SchedulingInterface.tsx
FN:18,(anonymous_0)
FN:30,(anonymous_1)
FN:34,(anonymous_2)
FN:52,(anonymous_3)
FN:73,(anonymous_4)
FN:74,(anonymous_5)
FN:81,(anonymous_6)
FN:82,(anonymous_7)
FN:89,(anonymous_8)
FN:93,(anonymous_9)
FN:114,(anonymous_10)
FN:121,(anonymous_11)
FN:185,(anonymous_12)
FN:194,(anonymous_13)
FN:197,(anonymous_14)
FN:213,(anonymous_15)
FN:241,(anonymous_16)
FN:247,(anonymous_17)
FN:248,(anonymous_18)
FN:267,(anonymous_19)
FN:274,(anonymous_20)
FN:304,(anonymous_21)
FN:314,(anonymous_22)
FN:320,(anonymous_23)
FNF:24
FNH:17
FNDA:60,(anonymous_0)
FNDA:19,(anonymous_1)
FNDA:19,(anonymous_2)
FNDA:2436,(anonymous_3)
FNDA:0,(anonymous_4)
FNDA:0,(anonymous_5)
FNDA:0,(anonymous_6)
FNDA:0,(anonymous_7)
FNDA:11,(anonymous_8)
FNDA:0,(anonymous_9)
FNDA:210,(anonymous_10)
FNDA:127,(anonymous_11)
FNDA:420,(anonymous_12)
FNDA:1722,(anonymous_13)
FNDA:11,(anonymous_14)
FNDA:83,(anonymous_15)
FNDA:352,(anonymous_16)
FNDA:352,(anonymous_17)
FNDA:44,(anonymous_18)
FNDA:7,(anonymous_19)
FNDA:1,(anonymous_20)
FNDA:0,(anonymous_21)
FNDA:0,(anonymous_22)
FNDA:4,(anonymous_23)
DA:18,1
DA:23,60
DA:24,60
DA:25,60
DA:26,60
DA:27,60
DA:28,60
DA:30,60
DA:31,19
DA:34,60
DA:35,19
DA:36,19
DA:39,19
DA:40,19
DA:41,19
DA:44,19
DA:45,19
DA:46,19
DA:48,19
DA:49,798
DA:50,798
DA:52,798
DA:53,2436
DA:54,1638
DA:55,1638
DA:62,798
DA:70,19
DA:73,60
DA:74,0
DA:75,0
DA:76,0
DA:77,0
DA:81,60
DA:82,0
DA:83,0
DA:84,0
DA:85,0
DA:89,60
DA:90,11
DA:93,60
DA:94,0
DA:95,0
DA:97,0
DA:98,0
DA:103,0
DA:104,0
DA:105,0
DA:106,0
DA:108,0
DA:110,0
DA:114,60
DA:115,210
DA:121,60
DA:122,127
DA:124,127
DA:126,0
DA:128,0
DA:130,0
DA:132,0
DA:136,60
DA:141,60
DA:143,60
DA:186,420
DA:195,1722
DA:197,11
DA:214,83
DA:241,352
DA:247,352
DA:249,44
DA:267,7
DA:274,1
DA:314,0
DA:322,4
LF:73
LH:50
BRDA:19,0,0,0
BRDA:53,1,0,798
BRDA:53,1,1,1638
BRDA:56,2,0,1638
BRDA:56,2,1,1599
BRDA:56,2,2,1209
BRDA:108,3,0,0
BRDA:108,3,1,0
BRDA:122,4,0,127
BRDA:122,4,1,0
BRDA:122,4,2,0
BRDA:122,4,3,0
BRDA:122,4,4,0
BRDA:177,5,0,60
BRDA:177,5,1,0
BRDA:200,6,0,1271
BRDA:200,6,1,451
BRDA:201,7,0,41
BRDA:201,7,1,1681
BRDA:202,8,0,22
BRDA:202,8,1,1700
BRDA:206,9,0,1271
BRDA:206,9,1,451
BRDA:217,10,0,83
BRDA:217,10,1,0
BRDA:219,11,0,83
BRDA:219,11,1,0
BRDA:222,12,0,1722
BRDA:222,12,1,0
BRDA:234,13,0,60
BRDA:234,13,1,22
BRDA:240,14,0,0
BRDA:240,14,1,22
BRDA:255,15,0,44
BRDA:255,15,1,0
BRDA:272,16,0,44
BRDA:272,16,1,44
BRDA:289,17,0,60
BRDA:289,17,1,7
BRDA:303,18,0,7
BRDA:303,18,1,0
BRDA:327,19,0,0
BRDA:327,19,1,7
BRF:43
BRH:28
end_of_record
TN:
SF:src/components/posting/index.ts
FNF:0
FNH:0
LF:0
LH:0
BRF:0
BRH:0
end_of_record
TN:
SF:src/components/product/ProductCard.tsx
FN:11,(anonymous_0)
FN:17,(anonymous_1)
FN:25,(anonymous_2)
FNF:3
FNH:3
FNDA:14,(anonymous_0)
FNDA:27,(anonymous_1)
FNDA:14,(anonymous_2)
DA:11,1
DA:17,14
DA:18,27
DA:25,14
DA:26,14
DA:27,0
DA:30,14
DA:32,14
LF:8
LH:7
BRDA:26,0,0,14
BRDA:26,0,1,0
BRDA:36,1,0,13
BRDA:36,1,1,1
BRDA:57,2,0,14
BRDA:57,2,1,13
BRDA:59,3,0,1
BRDA:59,3,1,12
BRDA:70,4,0,14
BRDA:70,4,1,13
BRDA:77,5,0,14
BRDA:77,5,1,2
BRDA:85,6,0,14
BRDA:85,6,1,2
BRDA:93,7,0,14
BRDA:93,7,1,2
BRF:16
BRH:15
end_of_record
TN:
SF:src/components/product/ProductDetail.tsx
FN:13,(anonymous_0)
FN:21,(anonymous_1)
FN:38,(anonymous_2)
FNF:3
FNH:0
FNDA:0,(anonymous_0)
FNDA:0,(anonymous_1)
FNDA:0,(anonymous_2)
DA:13,0
DA:19,0
DA:21,0
DA:22,0
DA:23,0
DA:26,0
DA:27,0
DA:28,0
DA:29,0
DA:30,0
DA:32,0
DA:34,0
DA:38,0
DA:39,0
DA:48,0
LF:15
LH:0
BRDA:22,0,0,0
BRDA:22,0,1,0
BRDA:58,1,0,0
BRDA:58,1,1,0
BRDA:75,2,0,0
BRDA:75,2,1,0
BRDA:98,3,0,0
BRDA:98,3,1,0
BRDA:118,4,0,0
BRDA:118,4,1,0
BRF:10
BRH:0
end_of_record
TN:
SF:src/components/product/ProductForm.tsx
FN:12,(anonymous_0)
FN:26,(anonymous_1)
FN:45,(anonymous_2)
FN:61,(anonymous_3)
FN:62,(anonymous_4)
FN:65,(anonymous_5)
FN:85,(anonymous_6)
FN:108,(anonymous_7)
FNF:8
FNH:8
FNDA:334,(anonymous_0)
FNDA:5,(anonymous_1)
FNDA:5,(anonymous_2)
FNDA:316,(anonymous_3)
FNDA:316,(anonymous_4)
FNDA:1,(anonymous_5)
FNDA:284,(anonymous_6)
FNDA:32,(anonymous_7)
DA:12,1
DA:19,334
DA:24,334
DA:26,334
DA:27,5
DA:29,5
DA:30,2
DA:31,3
DA:32,0
DA:35,5
DA:36,3
DA:37,2
DA:38,0
DA:41,5
DA:42,5
DA:45,334
DA:46,5
DA:48,5
DA:49,3
DA:52,2
DA:53,2
DA:55,1
DA:61,334
DA:62,316
DA:64,316
DA:65,1
DA:69,334
DA:85,284
DA:108,32
LF:29
LH:27
BRDA:13,0,0,333
BRDA:16,1,0,333
BRDA:17,2,0,333
BRDA:20,3,0,334
BRDA:20,3,1,333
BRDA:21,4,0,334
BRDA:21,4,1,333
BRDA:29,5,0,2
BRDA:29,5,1,3
BRDA:31,6,0,0
BRDA:31,6,1,3
BRDA:35,7,0,3
BRDA:35,7,1,2
BRDA:37,8,0,0
BRDA:37,8,1,2
BRDA:48,9,0,3
BRDA:48,9,1,2
BRDA:56,10,0,1
BRDA:56,10,1,0
BRDA:64,11,0,1
BRDA:64,11,1,315
BRDA:71,12,0,334
BRDA:71,12,1,1
BRDA:87,13,0,2
BRDA:87,13,1,332
BRDA:93,14,0,334
BRDA:93,14,1,2
BRDA:111,15,0,4
BRDA:111,15,1,330
BRDA:117,16,0,334
BRDA:117,16,1,4
BRDA:126,17,0,334
BRDA:126,17,1,2
BRDA:141,18,0,1
BRDA:141,18,1,333
BRF:35
BRH:32
end_of_record
TN:
SF:src/components/product/ProductList.tsx
FN:13,(anonymous_0)
FN:23,(anonymous_1)
FN:36,(anonymous_2)
FN:40,(anonymous_3)
FN:47,(anonymous_4)
FN:47,(anonymous_5)
FN:100,(anonymous_6)
FN:104,(anonymous_7)
FN:105,(anonymous_8)
FN:106,(anonymous_9)
FNF:10
FNH:0
FNDA:0,(anonymous_0)
FNDA:0,(anonymous_1)
FNDA:0,(anonymous_2)
FNDA:0,(anonymous_3)
FNDA:0,(anonymous_4)
FNDA:0,(anonymous_5)
FNDA:0,(anonymous_6)
FNDA:0,(anonymous_7)
FNDA:0,(anonymous_8)
FNDA:0,(anonymous_9)
DA:13,0
DA:19,0
DA:20,0
DA:21,0
DA:23,0
DA:24,0
DA:25,0
DA:26,0
DA:27,0
DA:28,0
DA:30,0
DA:32,0
DA:36,0
DA:37,0
DA:40,0
DA:41,0
DA:42,0
DA:45,0
DA:46,0
DA:47,0
DA:48,0
DA:50,0
DA:54,0
DA:55,0
DA:63,0
DA:64,0
DA:77,0
DA:78,0
DA:91,0
DA:101,0
DA:104,0
DA:105,0
DA:106,0
LF:33
LH:0
BRDA:17,0,0,0
BRDA:30,1,0,0
BRDA:30,1,1,0
BRDA:41,2,0,0
BRDA:41,2,1,0
BRDA:50,3,0,0
BRDA:50,3,1,0
BRDA:54,4,0,0
BRDA:54,4,1,0
BRDA:63,5,0,0
BRDA:63,5,1,0
BRDA:77,6,0,0
BRDA:77,6,1,0
BRF:13
BRH:0
end_of_record
TN:
SF:src/components/product/ProductManager.tsx
FN:10,(anonymous_0)
FN:16,(anonymous_1)
FN:21,(anonymous_2)
FN:29,(anonymous_3)
FN:37,(anonymous_4)
FN:45,(anonymous_5)
FN:50,(anonymous_6)
FN:55,(anonymous_7)
FN:56,(anonymous_8)
FN:59,(anonymous_9)
FN:64,(anonymous_10)
FN:107,(anonymous_11)
FN:117,(anonymous_12)
FN:149,(anonymous_13)
FNF:14
FNH:0
FNDA:0,(anonymous_0)
FNDA:0,(anonymous_1)
FNDA:0,(anonymous_2)
FNDA:0,(anonymous_3)
FNDA:0,(anonymous_4)
FNDA:0,(anonymous_5)
FNDA:0,(anonymous_6)
FNDA:0,(anonymous_7)
FNDA:0,(anonymous_8)
FNDA:0,(anonymous_9)
FNDA:0,(anonymous_10)
FNDA:0,(anonymous_11)
FNDA:0,(anonymous_12)
FNDA:0,(anonymous_13)
DA:10,0
DA:11,0
DA:12,0
DA:13,0
DA:14,0
DA:16,0
DA:17,0
DA:18,0
DA:19,0
DA:20,0
DA:21,0
DA:23,0
DA:25,0
DA:29,0
DA:30,0
DA:32,0
DA:33,0
DA:34,0
DA:35,0
DA:36,0
DA:37,0
DA:39,0
DA:41,0
DA:45,0
DA:46,0
DA:47,0
DA:50,0
DA:51,0
DA:52,0
DA:55,0
DA:56,0
DA:59,0
DA:60,0
DA:61,0
DA:64,0
DA:65,0
DA:67,0
DA:79,0
DA:91,0
DA:103,0
DA:107,0
DA:117,0
DA:118,0
DA:120,0
DA:131,0
DA:146,0
DA:149,0
DA:155,0
DA:166,0
LF:49
LH:0
BRDA:30,0,0,0
BRDA:30,0,1,0
BRDA:65,1,0,0
BRDA:65,1,1,0
BRDA:65,1,2,0
BRDA:65,1,3,0
BRDA:118,2,0,0
BRDA:118,2,1,0
BRDA:118,2,2,0
BRDA:118,2,3,0
BRDA:131,3,0,0
BRDA:131,3,1,0
BRDA:146,4,0,0
BRDA:146,4,1,0
BRF:14
BRH:0
end_of_record
TN:
SF:src/components/product/index.ts
FNF:0
FNH:0
LF:0
LH:0
BRF:0
BRH:0
end_of_record
TN:
SF:src/config/api.ts
FNF:0
FNH:0
DA:2,19
DA:4,19
DA:26,19
LF:3
LH:3
BRDA:2,0,0,19
BRDA:2,0,1,19
BRF:2
BRH:2
end_of_record
TN:
SF:src/contexts/AuthContext.tsx
FN:11,(anonymous_0)
FN:18,(anonymous_1)
FN:19,(anonymous_2)
FN:38,(anonymous_3)
FN:55,(anonymous_4)
FN:72,(anonymous_5)
FN:77,(anonymous_6)
FN:106,(anonymous_7)
FNF:8
FNH:8
FNDA:99,(anonymous_0)
FNDA:39,(anonymous_1)
FNDA:39,(anonymous_2)
FNDA:5,(anonymous_3)
FNDA:5,(anonymous_4)
FNDA:2,(anonymous_5)
FNDA:2,(anonymous_6)
FNDA:452,(anonymous_7)
DA:5,5
DA:11,5
DA:12,99
DA:13,99
DA:15,99
DA:18,99
DA:19,39
DA:20,39
DA:22,39
DA:23,6
DA:24,6
DA:25,3
DA:27,2
DA:28,2
DA:32,38
DA:35,39
DA:38,99
DA:39,5
DA:40,5
DA:41,5
DA:43,3
DA:44,3
DA:46,0
DA:49,2
DA:51,5
DA:55,99
DA:56,5
DA:57,5
DA:58,5
DA:60,4
DA:61,4
DA:63,0
DA:66,1
DA:68,5
DA:72,99
DA:73,2
DA:74,2
DA:77,99
DA:78,2
DA:79,2
DA:80,1
DA:81,1
DA:83,1
DA:84,1
DA:85,1
DA:89,99
DA:99,99
DA:106,5
DA:107,452
DA:108,451
DA:109,4
DA:111,447
LF:52
LH:50
BRDA:22,0,0,6
BRDA:22,0,1,33
BRDA:22,1,0,39
BRDA:22,1,1,7
BRDA:43,2,0,3
BRDA:43,2,1,0
BRDA:43,3,0,3
BRDA:43,3,1,3
BRDA:46,4,0,0
BRDA:46,4,1,0
BRDA:60,5,0,4
BRDA:60,5,1,0
BRDA:60,6,0,4
BRDA:60,6,1,4
BRDA:63,7,0,0
BRDA:63,7,1,0
BRDA:80,8,0,1
BRDA:80,8,1,0
BRDA:108,9,0,4
BRDA:108,9,1,447
BRF:20
BRH:13
end_of_record
TN:
SF:src/pages/DashboardPage.tsx
FN:5,(anonymous_0)
FN:9,(anonymous_1)
FN:32,(anonymous_2)
FN:130,(anonymous_3)
FNF:4
FNH:0
FNDA:0,(anonymous_0)
FNDA:0,(anonymous_1)
FNDA:0,(anonymous_2)
FNDA:0,(anonymous_3)
DA:5,1
DA:6,0
DA:7,0
DA:9,0
DA:10,0
DA:13,0
DA:14,0
DA:17,0
DA:32,0
DA:130,0
LF:10
LH:1
BRDA:13,0,0,0
BRDA:13,0,1,0
BRDA:74,1,0,0
BRDA:74,1,1,0
BRDA:82,2,0,0
BRDA:82,2,1,0
BRDA:97,3,0,0
BRDA:97,3,1,0
BRF:8
BRH:0
end_of_record
TN:
SF:src/pages/LoginPage.tsx
FN:7,(anonymous_0)
FN:18,(anonymous_1)
FN:39,(anonymous_2)
FN:44,(anonymous_3)
FNF:4
FNH:1
FNDA:3,(anonymous_0)
FNDA:0,(anonymous_1)
FNDA:0,(anonymous_2)
FNDA:0,(anonymous_3)
DA:7,1
DA:8,3
DA:9,3
DA:10,3
DA:13,3
DA:14,0
DA:15,0
DA:18,3
DA:22,3
DA:39,0
DA:44,0
LF:11
LH:7
BRDA:13,0,0,0
BRDA:13,0,1,3
BRDA:14,1,0,0
BRDA:14,1,1,0
BRDA:36,2,0,0
BRDA:36,2,1,3
BRF:6
BRH:2
end_of_record
TN:
SF:src/services/analytics.ts
FN:114,(anonymous_0)
FN:125,(anonymous_1)
FN:144,(anonymous_2)
FN:162,(anonymous_3)
FN:186,(anonymous_4)
FN:195,(anonymous_5)
FN:204,(anonymous_6)
FN:223,(anonymous_7)
FN:246,(anonymous_8)
FN:266,(anonymous_9)
FNF:10
FNH:0
FNDA:0,(anonymous_0)
FNDA:0,(anonymous_1)
FNDA:0,(anonymous_2)
FNDA:0,(anonymous_3)
FNDA:0,(anonymous_4)
FNDA:0,(anonymous_5)
FNDA:0,(anonymous_6)
FNDA:0,(anonymous_7)
FNDA:0,(anonymous_8)
FNDA:0,(anonymous_9)
DA:113,3
DA:115,0
DA:116,0
DA:119,0
DA:121,0
DA:131,0
DA:132,0
DA:133,0
DA:134,0
DA:135,0
DA:137,0
DA:138,0
DA:140,0
DA:149,0
DA:150,0
DA:151,0
DA:152,0
DA:153,0
DA:155,0
DA:156,0
DA:158,0
DA:176,0
DA:177,0
DA:180,0
DA:182,0
DA:187,0
DA:188,0
DA:189,0
DA:191,0
DA:196,0
DA:197,0
DA:198,0
DA:200,0
DA:210,0
DA:211,0
DA:212,0
DA:213,0
DA:214,0
DA:216,0
DA:217,0
DA:219,0
DA:230,0
DA:231,0
DA:236,0
DA:237,0
DA:239,0
DA:240,0
DA:242,0
DA:253,0
DA:254,0
DA:255,0
DA:256,0
DA:257,0
DA:259,0
DA:260,0
DA:262,0
DA:272,0
DA:273,0
DA:274,0
DA:275,0
DA:276,0
DA:278,0
DA:279,0
DA:281,0
LF:64
LH:1
BRDA:114,0,0,0
BRDA:114,1,0,0
BRDA:121,2,0,0
BRDA:121,2,1,0
BRDA:129,3,0,0
BRDA:133,4,0,0
BRDA:133,4,1,0
BRDA:134,5,0,0
BRDA:134,5,1,0
BRDA:135,6,0,0
BRDA:135,6,1,0
BRDA:135,7,0,0
BRDA:135,7,1,0
BRDA:140,8,0,0
BRDA:140,8,1,0
BRDA:151,9,0,0
BRDA:151,9,1,0
BRDA:152,10,0,0
BRDA:152,10,1,0
BRDA:153,11,0,0
BRDA:153,11,1,0
BRDA:153,12,0,0
BRDA:153,12,1,0
BRDA:158,13,0,0
BRDA:158,13,1,0
BRDA:162,14,0,0
BRDA:182,15,0,0
BRDA:182,15,1,0
BRDA:191,16,0,0
BRDA:191,16,1,0
BRDA:200,17,0,0
BRDA:200,17,1,0
BRDA:208,18,0,0
BRDA:212,19,0,0
BRDA:212,19,1,0
BRDA:213,20,0,0
BRDA:213,20,1,0
BRDA:214,21,0,0
BRDA:214,21,1,0
BRDA:214,22,0,0
BRDA:214,22,1,0
BRDA:219,23,0,0
BRDA:219,23,1,0
BRDA:228,24,0,0
BRDA:236,25,0,0
BRDA:236,25,1,0
BRDA:237,26,0,0
BRDA:237,26,1,0
BRDA:242,27,0,0
BRDA:242,27,1,0
BRDA:250,28,0,0
BRDA:251,29,0,0
BRDA:255,30,0,0
BRDA:255,30,1,0
BRDA:256,31,0,0
BRDA:256,31,1,0
BRDA:257,32,0,0
BRDA:257,32,1,0
BRDA:257,33,0,0
BRDA:257,33,1,0
BRDA:262,34,0,0
BRDA:262,34,1,0
BRDA:270,35,0,0
BRDA:274,36,0,0
BRDA:274,36,1,0
BRDA:275,37,0,0
BRDA:275,37,1,0
BRDA:276,38,0,0
BRDA:276,38,1,0
BRDA:276,39,0,0
BRDA:276,39,1,0
BRDA:281,40,0,0
BRDA:281,40,1,0
BRF:73
BRH:0
end_of_record
TN:
SF:src/services/auth.ts
FN:16,(anonymous_0)
FN:20,(anonymous_1)
FN:24,(anonymous_2)
FN:29,(anonymous_3)
FN:34,(anonymous_4)
FN:47,(anonymous_5)
FN:54,(anonymous_6)
FN:61,(anonymous_7)
FN:62,(anonymous_8)
FN:95,(anonymous_9)
FN:110,(anonymous_10)
FN:125,(anonymous_11)
FN:134,(anonymous_12)
FN:150,(anonymous_13)
FNF:14
FNH:1
FNDA:2,(anonymous_0)
FNDA:0,(anonymous_1)
FNDA:0,(anonymous_2)
FNDA:0,(anonymous_3)
FNDA:0,(anonymous_4)
FNDA:0,(anonymous_5)
FNDA:0,(anonymous_6)
FNDA:0,(anonymous_7)
FNDA:0,(anonymous_8)
FNDA:0,(anonymous_9)
FNDA:0,(anonymous_10)
FNDA:0,(anonymous_11)
FNDA:0,(anonymous_12)
FNDA:0,(anonymous_13)
DA:4,3
DA:7,3
DA:15,3
DA:17,2
DA:21,0
DA:25,0
DA:26,0
DA:30,0
DA:31,0
DA:35,0
DA:36,0
DA:37,0
DA:38,0
DA:40,0
DA:46,3
DA:48,0
DA:49,0
DA:50,0
DA:52,0
DA:55,0
DA:60,3
DA:61,0
DA:63,0
DA:65,0
DA:66,0
DA:68,0
DA:69,0
DA:70,0
DA:71,0
DA:75,0
DA:76,0
DA:79,0
DA:80,0
DA:83,0
DA:84,0
DA:85,0
DA:90,0
DA:94,3
DA:96,0
DA:97,0
DA:98,0
DA:100,0
DA:101,0
DA:104,0
DA:106,0
DA:111,0
DA:112,0
DA:113,0
DA:115,0
DA:116,0
DA:119,0
DA:121,0
DA:126,0
DA:127,0
DA:128,0
DA:130,0
DA:135,0
DA:136,0
DA:137,0
DA:140,0
DA:141,0
DA:144,0
DA:146,0
DA:151,0
DA:152,0
DA:155,0
DA:157,0
LF:67
LH:7
BRDA:4,0,0,3
BRDA:4,0,1,3
BRDA:49,1,0,0
BRDA:49,1,1,0
BRDA:65,2,0,0
BRDA:65,2,1,0
BRDA:65,3,0,0
BRDA:65,3,1,0
BRDA:69,4,0,0
BRDA:69,4,1,0
BRDA:100,5,0,0
BRDA:100,5,1,0
BRDA:100,6,0,0
BRDA:100,6,1,0
BRDA:106,7,0,0
BRDA:106,7,1,0
BRDA:115,8,0,0
BRDA:115,8,1,0
BRDA:115,9,0,0
BRDA:115,9,1,0
BRDA:121,10,0,0
BRDA:121,10,1,0
BRDA:130,11,0,0
BRDA:130,11,1,0
BRDA:136,12,0,0
BRDA:136,12,1,0
BRDA:146,13,0,0
BRDA:146,13,1,0
BRF:28
BRH:2
end_of_record
TN:
SF:src/services/content.ts
FN:14,(anonymous_0)
FN:26,(anonymous_1)
FN:38,(anonymous_2)
FN:55,(anonymous_3)
FNF:4
FNH:0
FNDA:0,(anonymous_0)
FNDA:0,(anonymous_1)
FNDA:0,(anonymous_2)
FNDA:0,(anonymous_3)
DA:10,6
DA:15,0
DA:16,0
DA:17,0
DA:19,0
DA:27,0
DA:28,0
DA:29,0
DA:31,0
DA:39,0
DA:40,0
DA:46,0
DA:48,0
DA:56,0
DA:57,0
DA:58,0
DA:60,0
LF:17
LH:1
BRDA:19,0,0,0
BRDA:19,0,1,0
BRDA:31,1,0,0
BRDA:31,1,1,0
BRDA:48,2,0,0
BRDA:48,2,1,0
BRDA:60,3,0,0
BRDA:60,3,1,0
BRF:8
BRH:0
end_of_record
TN:
SF:src/services/image.ts
FN:11,(anonymous_0)
FN:17,(anonymous_1)
FN:29,(anonymous_2)
FN:49,(anonymous_3)
FN:58,(anonymous_4)
FN:70,(anonymous_5)
FN:79,(anonymous_6)
FN:101,(anonymous_7)
FN:112,(anonymous_8)
FNF:9
FNH:0
FNDA:0,(anonymous_0)
FNDA:0,(anonymous_1)
FNDA:0,(anonymous_2)
FNDA:0,(anonymous_3)
FNDA:0,(anonymous_4)
FNDA:0,(anonymous_5)
FNDA:0,(anonymous_6)
FNDA:0,(anonymous_7)
FNDA:0,(anonymous_8)
DA:15,0
DA:17,0
DA:18,0
DA:21,0
DA:22,0
DA:30,0
DA:31,0
DA:36,0
DA:42,0
DA:44,0
DA:45,0
DA:50,0
DA:51,0
DA:53,0
DA:54,0
DA:59,0
DA:60,0
DA:63,0
DA:65,0
DA:66,0
DA:79,0
DA:81,0
DA:82,0
DA:87,0
DA:91,0
DA:92,0
DA:95,0
DA:99,0
DA:100,0
DA:101,0
DA:102,0
DA:103,0
DA:104,0
DA:106,0
DA:107,0
DA:108,0
DA:110,0
DA:112,0
DA:113,0
DA:115,0
DA:117,0
LF:41
LH:0
BRDA:30,0,0,0
BRDA:30,0,1,0
BRDA:30,1,0,0
BRDA:30,1,1,0
BRDA:81,2,0,0
BRDA:81,2,1,0
BRDA:91,3,0,0
BRDA:91,3,1,0
BRDA:99,4,0,0
BRDA:99,4,1,0
BRDA:99,5,0,0
BRDA:99,5,1,0
BRDA:102,6,0,0
BRDA:102,6,1,0
BRDA:102,7,0,0
BRDA:102,7,1,0
BRDA:106,8,0,0
BRDA:106,8,1,0
BRDA:106,9,0,0
BRDA:106,9,1,0
BRF:20
BRH:0
end_of_record
TN:
SF:src/services/platform.ts
FN:6,(anonymous_0)
FN:12,(anonymous_1)
FN:18,(anonymous_2)
FN:24,(anonymous_3)
FN:30,(anonymous_4)
FN:36,(anonymous_5)
FN:42,(anonymous_6)
FN:48,(anonymous_7)
FN:55,(anonymous_8)
FN:61,(anonymous_9)
FNF:10
FNH:0
FNDA:0,(anonymous_0)
FNDA:0,(anonymous_1)
FNDA:0,(anonymous_2)
FNDA:0,(anonymous_3)
FNDA:0,(anonymous_4)
FNDA:0,(anonymous_5)
FNDA:0,(anonymous_6)
FNDA:0,(anonymous_7)
FNDA:0,(anonymous_8)
FNDA:0,(anonymous_9)
DA:4,2
DA:7,0
DA:8,0
DA:13,0
DA:14,0
DA:19,0
DA:20,0
DA:25,0
DA:26,0
DA:31,0
DA:32,0
DA:37,0
DA:38,0
DA:43,0
DA:44,0
DA:49,0
DA:50,0
DA:51,0
DA:56,0
DA:57,0
DA:67,0
DA:68,0
LF:22
LH:1
BRDA:49,0,0,0
BRDA:49,0,1,0
BRF:2
BRH:0
end_of_record
TN:
SF:src/services/post.ts
FN:19,(anonymous_0)
FN:31,(anonymous_1)
FN:55,(anonymous_2)
FN:67,(anonymous_3)
FN:79,(anonymous_4)
FN:90,(anonymous_5)
FN:102,(anonymous_6)
FN:114,(anonymous_7)
FN:137,(anonymous_8)
FN:148,(anonymous_9)
FN:160,(anonymous_10)
FN:172,(anonymous_11)
FN:184,(anonymous_12)
FNF:13
FNH:0
FNDA:0,(anonymous_0)
FNDA:0,(anonymous_1)
FNDA:0,(anonymous_2)
FNDA:0,(anonymous_3)
FNDA:0,(anonymous_4)
FNDA:0,(anonymous_5)
FNDA:0,(anonymous_6)
FNDA:0,(anonymous_7)
FNDA:0,(anonymous_8)
FNDA:0,(anonymous_9)
FNDA:0,(anonymous_10)
FNDA:0,(anonymous_11)
FNDA:0,(anonymous_12)
DA:15,4
DA:20,0
DA:21,0
DA:22,0
DA:24,0
DA:36,0
DA:37,0
DA:42,0
DA:43,0
DA:45,0
DA:46,0
DA:48,0
DA:56,0
DA:57,0
DA:58,0
DA:60,0
DA:68,0
DA:69,0
DA:70,0
DA:72,0
DA:80,0
DA:81,0
DA:83,0
DA:91,0
DA:92,0
DA:93,0
DA:95,0
DA:103,0
DA:104,0
DA:105,0
DA:107,0
DA:119,0
DA:120,0
DA:125,0
DA:127,0
DA:128,0
DA:130,0
DA:138,0
DA:139,0
DA:141,0
DA:149,0
DA:150,0
DA:151,0
DA:153,0
DA:161,0
DA:162,0
DA:163,0
DA:165,0
DA:173,0
DA:174,0
DA:175,0
DA:177,0
DA:185,0
DA:186,0
DA:187,0
DA:189,0
LF:56
LH:1
BRDA:24,0,0,0
BRDA:24,0,1,0
BRDA:32,1,0,0
BRDA:33,2,0,0
BRDA:42,3,0,0
BRDA:42,3,1,0
BRDA:43,4,0,0
BRDA:43,4,1,0
BRDA:48,5,0,0
BRDA:48,5,1,0
BRDA:60,6,0,0
BRDA:60,6,1,0
BRDA:72,7,0,0
BRDA:72,7,1,0
BRDA:83,8,0,0
BRDA:83,8,1,0
BRDA:95,9,0,0
BRDA:95,9,1,0
BRDA:107,10,0,0
BRDA:107,10,1,0
BRDA:115,11,0,0
BRDA:116,12,0,0
BRDA:125,13,0,0
BRDA:125,13,1,0
BRDA:130,14,0,0
BRDA:130,14,1,0
BRDA:141,15,0,0
BRDA:141,15,1,0
BRDA:153,16,0,0
BRDA:153,16,1,0
BRDA:165,17,0,0
BRDA:165,17,1,0
BRDA:177,18,0,0
BRDA:177,18,1,0
BRDA:189,19,0,0
BRDA:189,19,1,0
BRF:36
BRH:0
end_of_record
TN:
SF:src/services/preferences.ts
FN:128,(anonymous_0)
FN:133,(anonymous_1)
FN:138,(anonymous_2)
FN:146,(anonymous_3)
FN:154,(anonymous_4)
FN:160,(anonymous_5)
FN:174,(anonymous_6)
FN:179,(anonymous_7)
FN:184,(anonymous_8)
FN:192,(anonymous_9)
FN:197,(anonymous_10)
FN:203,(anonymous_11)
FN:214,(anonymous_12)
FN:221,(anonymous_13)
FN:233,(anonymous_14)
FN:243,(anonymous_15)
FN:253,(anonymous_16)
FN:263,(anonymous_17)
FN:273,(anonymous_18)
FN:283,(anonymous_19)
FN:293,(anonymous_20)
FNF:21
FNH:0
FNDA:0,(anonymous_0)
FNDA:0,(anonymous_1)
FNDA:0,(anonymous_2)
FNDA:0,(anonymous_3)
FNDA:0,(anonymous_4)
FNDA:0,(anonymous_5)
FNDA:0,(anonymous_6)
FNDA:0,(anonymous_7)
FNDA:0,(anonymous_8)
FNDA:0,(anonymous_9)
FNDA:0,(anonymous_10)
FNDA:0,(anonymous_11)
FNDA:0,(anonymous_12)
FNDA:0,(anonymous_13)
FNDA:0,(anonymous_14)
FNDA:0,(anonymous_15)
FNDA:0,(anonymous_16)
FNDA:0,(anonymous_17)
FNDA:0,(anonymous_18)
FNDA:0,(anonymous_19)
FNDA:0,(anonymous_20)
DA:125,3
DA:129,0
DA:130,0
DA:134,0
DA:135,0
DA:142,0
DA:143,0
DA:150,0
DA:151,0
DA:155,0
DA:156,0
DA:161,0
DA:163,0
DA:164,0
DA:165,0
DA:166,0
DA:167,0
DA:170,0
DA:171,0
DA:175,0
DA:176,0
DA:180,0
DA:181,0
DA:188,0
DA:189,0
DA:193,0
DA:194,0
DA:198,0
DA:199,0
DA:207,0
DA:208,0
DA:214,0
DA:216,0
DA:217,0
DA:222,0
DA:223,0
DA:224,0
DA:226,0
DA:228,0
DA:229,0
DA:234,0
DA:235,0
DA:236,0
DA:238,0
DA:239,0
DA:244,0
DA:245,0
DA:246,0
DA:248,0
DA:249,0
DA:254,0
DA:255,0
DA:256,0
DA:258,0
DA:259,0
DA:264,0
DA:265,0
DA:266,0
DA:268,0
DA:269,0
DA:274,0
DA:275,0
DA:276,0
DA:278,0
DA:279,0
DA:284,0
DA:285,0
DA:286,0
DA:288,0
DA:289,0
DA:298,0
DA:299,0
DA:302,0
DA:303,0
DA:306,0
DA:307,0
DA:309,0
DA:314,0
DA:315,0
DA:320,3
LF:80
LH:2
BRDA:163,0,0,0
BRDA:163,0,1,0
BRDA:164,1,0,0
BRDA:164,1,1,0
BRDA:165,2,0,0
BRDA:165,2,1,0
BRDA:166,3,0,0
BRDA:166,3,1,0
BRDA:214,4,0,0
BRDA:214,4,1,0
BRDA:226,5,0,0
BRDA:226,5,1,0
BRDA:266,6,0,0
BRDA:266,6,1,0
BRDA:276,7,0,0
BRDA:276,7,1,0
BRDA:286,8,0,0
BRDA:286,8,1,0
BRDA:302,9,0,0
BRDA:302,9,1,0
BRDA:306,10,0,0
BRDA:306,10,1,0
BRF:22
BRH:0
end_of_record
TN:
SF:src/services/product.ts
FN:10,(anonymous_0)
FN:18,(anonymous_1)
FN:28,(anonymous_2)
FN:36,(anonymous_3)
FN:44,(anonymous_4)
FN:51,(anonymous_5)
FN:59,(anonymous_6)
FNF:7
FNH:0
FNDA:0,(anonymous_0)
FNDA:0,(anonymous_1)
FNDA:0,(anonymous_2)
FNDA:0,(anonymous_3)
FNDA:0,(anonymous_4)
FNDA:0,(anonymous_5)
FNDA:0,(anonymous_6)
DA:5,0
DA:11,0
DA:12,0
DA:19,0
DA:22,0
DA:29,0
DA:30,0
DA:37,0
DA:38,0
DA:45,0
DA:52,0
DA:53,0
DA:60,0
LF:13
LH:0
BRDA:18,0,0,0
BRDA:18,1,0,0
BRF:2
BRH:0
end_of_record
TN:
SF:src/types/analytics.ts
FNF:0
FNH:0
LF:0
LH:0
BRF:0
BRH:0
end_of_record
TN:
SF:src/types/auth.ts
FNF:0
FNH:0
LF:0
LH:0
BRF:0
BRH:0
end_of_record
TN:
SF:src/types/content.ts
FNF:0
FNH:0
LF:0
LH:0
BRF:0
BRH:0
end_of_record
TN:
SF:src/types/image.ts
FNF:0
FNH:0
DA:36,2
LF:1
LH:1
BRF:0
BRH:0
end_of_record
TN:
SF:src/types/platform.ts
FNF:0
FNH:0
LF:0
LH:0
BRF:0
BRH:0
end_of_record
TN:
SF:src/types/post.ts
FNF:0
FNH:0
LF:0
LH:0
BRF:0
BRH:0
end_of_record
TN:
SF:src/types/product.ts
FNF:0
FNH:0
LF:0
LH:0
BRF:0
BRH:0
end_of_record
TN:
SF:src/utils/api.ts
FN:15,(anonymous_0)
FN:22,(anonymous_1)
FN:29,(anonymous_2)
FN:32,(anonymous_3)
FNF:4
FNH:0
FNDA:0,(anonymous_0)
FNDA:0,(anonymous_1)
FNDA:0,(anonymous_2)
FNDA:0,(anonymous_3)
DA:5,18
DA:14,18
DA:16,0
DA:17,0
DA:18,0
DA:20,0
DA:23,0
DA:28,18
DA:30,0
DA:33,0
DA:35,0
DA:36,0
DA:38,0
DA:39,0
DA:40,0
DA:41,0
DA:45,0
DA:46,0
DA:49,0
DA:50,0
DA:54,0
DA:55,0
DA:56,0
DA:60,0
LF:24
LH:3
BRDA:17,0,0,0
BRDA:17,0,1,0
BRDA:35,1,0,0
BRDA:35,1,1,0
BRDA:35,2,0,0
BRDA:35,2,1,0
BRDA:40,3,0,0
BRDA:40,3,1,0
BRF:8
BRH:0
end_of_record
